2021-11-01 17:45:54.131,write _RTCM (991)
2021-11-01 17:45:54.542,write _MAP (35782)
2021-11-01 17:45:54.685,write _SPaT (1884)
2021-11-01 17:45:54.865,write _SPaT (1884)
2021-11-01 17:45:55.231,write _SPaT (1884)
2021-11-01 17:45:55.232,write _RTCM (991)
2021-11-01 17:45:56.138,write _RTCM (241)
2021-11-01 17:45:57.161,write _RTCM (1181)
2021-11-01 17:45:58.146,write _RTCM (991)
2021-11-01 17:45:59.158,write _RTCM (991)
2021-11-01 17:46:00.285,write _RTCM (991)
2021-11-01 17:46:03.163,write _RTCM (991)
2021-11-01 17:46:04.156,write _RTCM (991)
2021-11-01 17:46:05.157,write _RTCM (991)
2021-11-01 17:46:13.190,write _RTCM (991)
2021-11-01 17:46:14.174,write _RTCM (991)
2021-11-01 17:46:15.170,write _RTCM (991)
2021-11-01 17:46:16.369,write _RTCM (241)
2021-11-01 17:46:17.332,write _RTCM (1182)
2021-11-01 17:46:18.179,write _RTCM (992)
2021-11-01 17:46:19.171,write _RTCM (992)
2021-11-01 17:46:20.178,write _RTCM (992)
2021-11-01 17:46:21.282,write _RTCM (992)
2021-11-01 17:46:45.122,write _RTCM (990)
2021-11-01 17:46:45.745,write _MAP (88913)
2021-11-01 17:46:45.746,write _TIM (2063)
2021-11-01 17:46:45.807,write _SPaT (6588)
2021-11-01 17:46:46.005,write _SPaT (6588)
2021-11-01 17:46:46.111,write _RTCM (240)
2021-11-01 17:46:46.236,write _SPaT (6588)
2021-11-01 17:46:46.252,write _RSA (577)
2021-11-01 17:46:46.430,write _SPaT (6588)
2021-11-01 17:46:46.671,write _SPaT (6588)
2021-11-01 17:46:46.672,write _TIM (2063)
2021-11-01 17:46:46.695,write _MAP (88913)
2021-11-01 17:46:46.798,write _SPaT (6582)
2021-11-01 17:46:47.006,write _SPaT (6582)
2021-11-01 17:46:47.116,write _RTCM (1180)
2021-11-01 17:46:47.247,write _SPaT (6582)
2021-11-01 17:46:47.675,write _RSA (577)
2021-11-01 17:46:47.677,write _SPaT (6582)
2021-11-01 17:46:47.677,write _SPaT (6582)
2021-11-01 17:46:47.685,write _MAP (88913)
2021-11-01 17:46:47.685,write _TIM (2063)
2021-11-01 17:46:47.845,write _SPaT (6606)
2021-11-01 17:46:48.028,write _SPaT (6606)
2021-11-01 17:46:48.094,write _RTCM (990)
2021-11-01 17:46:48.197,write _RSA (577)
2021-11-01 17:46:48.240,write _SPaT (6606)
2021-11-01 17:48:20.059,write _RTCM (991)
2021-11-01 17:48:20.697,write _MAP (88913)
2021-11-01 17:48:20.766,write _SPaT (6626)
2021-11-01 17:48:20.949,write _SPaT (6626)
2021-11-01 17:48:21.073,write _RTCM (1051)
2021-11-01 17:48:21.129,write _RSA (589)
2021-11-01 17:48:21.185,write _SPaT (6626)
2021-11-01 17:48:21.350,write _SPaT (6626)
2021-11-01 17:48:21.635,write _TIM (2063)
2021-11-01 17:48:21.640,write _MAP (88913)
2021-11-01 17:48:21.641,write _SPaT (6626)
2021-11-01 17:48:21.751,write _SPaT (6622)
2021-11-01 17:48:21.948,write _SPaT (6622)
2021-11-01 17:48:22.064,write _RTCM (991)
2021-11-01 17:48:22.205,write _SPaT (6622)
2021-11-01 17:48:22.360,write _SPaT (6622)
2021-11-01 17:48:22.529,write _TIM (2063)
2021-11-01 17:48:22.559,write _SPaT (6622)
2021-11-01 17:48:22.592,write _MAP (88913)
2021-11-01 17:48:22.756,write _SPaT (6590)
2021-11-01 17:48:22.842,write _RSA (578)
2021-11-01 17:48:22.966,write _SPaT (6590)
2021-11-01 17:48:23.080,write _RTCM (991)
2021-11-01 17:48:23.192,write _SPaT (6590)
2021-11-01 17:48:23.361,write _SPaT (6590)
2021-11-01 17:48:23.539,write _MAP (88913)
2021-11-01 17:48:23.548,write _TIM (2063)
2021-11-01 17:48:23.557,write _SPaT (6590)
2021-11-01 17:48:23.772,write _SPaT (6590)
2021-11-01 17:48:23.841,write _RSA (578)
2021-11-01 17:48:23.977,write _SPaT (6590)
2021-11-01 17:48:24.174,write _RTCM (991)
2021-11-01 17:48:24.259,write _SPaT (6590)
2021-11-01 17:48:24.431,write _MAP (88913)
2021-11-01 17:48:24.540,write _SPaT (6590)
2021-11-01 17:48:24.540,write _TIM (2063)
2021-11-01 17:48:24.633,write _SPaT (6590)
2021-11-01 17:48:24.837,write _RSA (578)
2021-11-01 17:48:24.954,write _SPaT (6590)
2021-11-01 17:48:25.017,write _SPaT (6590)
2021-11-01 17:48:25.061,write _RTCM (242)
2021-11-01 17:48:25.235,write _SPaT (6590)
2021-11-01 17:48:25.453,write _SPaT (6590)
2021-11-01 17:48:25.458,write _MAP (88913)
2021-11-01 17:48:25.553,write _TIM (2063)
2021-11-01 17:48:25.582,write _SPaT (6588)
2021-11-01 17:48:25.799,write _SPaT (6588)
2021-11-01 17:48:25.875,write _RSA (578)
2021-11-01 17:48:26.005,write _SPaT (6588)
2021-11-01 17:48:26.077,write _RTCM (1182)
2021-11-01 17:48:26.435,write _SPaT (6588)
2021-11-01 17:48:26.739,write _MAP (88913)
2021-11-01 17:48:26.739,write _SPaT (6588)
2021-11-01 17:48:26.739,write _TIM (2063)
2021-11-01 17:48:26.739,write _SPaT (6582)
2021-11-01 17:48:26.821,write _SPaT (6582)
2021-11-01 17:48:27.019,write _SPaT (6582)
2021-11-01 17:48:27.058,write _RTCM (992)
2021-11-01 17:48:27.374,write _SPaT (6582)
2021-11-01 17:48:27.417,write _SPaT (6582)
2021-11-01 17:48:27.476,write _TIM (2063)
2021-11-01 17:48:27.521,write _MAP (88913)
2021-11-01 17:48:27.886,write _SPaT (6606)
2021-11-01 17:48:27.903,write _SPaT (6606)
2021-11-01 17:48:28.019,write _SPaT (6606)
2021-11-01 17:48:28.058,write _RTCM (992)
2021-11-01 17:48:28.236,write _SPaT (6606)
2021-11-01 17:48:28.446,write _SPaT (6606)
2021-11-01 17:48:28.655,write _MAP (88913)
2021-11-01 17:48:28.656,write _SPaT (6606)
2021-11-01 17:48:28.664,write _TIM (2063)
2021-11-01 17:48:28.818,write _SPaT (6606)
2021-11-01 17:48:29.014,write _SPaT (6606)
2021-11-01 17:48:29.189,write _RTCM (992)
2021-11-01 17:48:29.249,write _SPaT (6606)
2021-11-01 17:48:29.613,write _MAP (88913)
2021-11-01 17:48:29.614,write _SPaT (6606)
2021-11-01 17:48:29.648,write _SPaT (6602)
2021-11-01 17:48:29.648,write _TIM (2063)
2021-11-01 17:48:29.859,write _SPaT (6602)
2021-11-01 17:48:30.064,write _RTCM (992)
2021-11-01 17:48:30.108,write _SPaT (6602)
2021-11-01 17:48:30.305,write _SPaT (6602)
2021-11-01 17:48:30.444,write _MAP (88913)
2021-11-01 17:48:30.477,write _SPaT (6602)
2021-11-01 17:48:30.487,write _TIM (2063)
2021-11-01 17:48:30.898,write _SPaT (6602)
2021-11-01 17:48:30.913,write _SPaT (6602)
2021-11-01 17:48:31.051,write _RTCM (1052)
2021-11-01 17:48:31.105,write _SPaT (6602)
2021-11-01 17:48:31.315,write _SPaT (6602)
2021-11-01 17:48:31.426,write _MAP (88913)
2021-11-01 17:48:31.507,write _SPaT (6602)
2021-11-01 17:48:31.538,write _TIM (2063)
2021-11-01 17:48:31.664,write _SPaT (6602)
2021-11-01 17:48:31.859,write _SPaT (6602)
2021-11-01 17:48:32.061,write _RTCM (992)
2021-11-01 17:48:32.111,write _SPaT (6602)
2021-11-01 17:48:32.489,write _SPaT (6602)
2021-11-01 17:48:32.516,write _MAP (88913)
2021-11-01 17:48:32.520,write _SPaT (6602)
2021-11-01 17:48:32.527,write _TIM (2063)
2021-11-01 17:48:32.665,write _SPaT (6602)
2021-11-01 17:48:32.865,write _SPaT (6602)
2021-11-01 17:48:33.057,write _RTCM (992)
2021-11-01 17:48:33.099,write _SPaT (6602)
2021-11-01 17:48:33.361,write _SPaT (6602)
2021-11-01 17:48:33.482,write _SPaT (6602)
2021-11-01 17:48:33.514,write _MAP (88913)
2021-11-01 17:48:33.674,write _SPaT (6602)
2021-11-01 17:48:33.876,write _SPaT (6602)
2021-11-01 17:48:34.062,write _RTCM (992)
2021-11-01 17:48:34.219,write _SPaT (6602)
2021-11-01 17:48:34.324,write _SPaT (6602)
2021-11-01 17:48:34.732,write _MAP (88913)
2021-11-01 17:48:34.732,write _TIM (2062)
2021-11-01 17:48:34.733,write _SPaT (6602)
2021-11-01 17:48:34.750,write _RSA (576)
2021-11-01 17:48:34.751,write _SPaT (6602)
2021-11-01 17:48:34.760,write _RSA (576)
2021-11-01 17:48:34.760,write _RSA (576)
2021-11-01 17:48:34.916,write _SPaT (6602)
2021-11-01 17:48:35.051,write _RTCM (242)
2021-11-01 17:48:35.390,write _MAP (29930)
2021-11-01 17:48:35.586,write _SPaT (1904)
2021-11-01 17:48:35.748,write _SPaT (1904)
2021-11-01 17:48:35.953,write _SPaT (1904)
2021-11-01 17:48:36.045,write _RTCM (1182)
2021-11-01 17:48:36.174,write _SPaT (1904)
2021-11-01 17:48:36.360,write _SPaT (1904)
2021-11-01 17:48:36.647,write _MAP (29930)
2021-11-01 17:48:36.647,write _SPaT (1904)
2021-11-01 17:48:36.758,write _SPaT (1904)
2021-11-01 17:48:36.987,write _SPaT (1904)
2021-11-01 17:48:37.057,write _RTCM (992)
2021-11-01 17:48:37.308,write _SPaT (1904)
2021-11-01 17:48:37.390,write _SPaT (1904)
2021-11-01 17:48:37.544,write _MAP (29930)
2021-11-01 17:48:37.826,write _SPaT (1904)
2021-11-01 17:48:37.864,write _SPaT (1904)
2021-11-01 17:48:38.000,write _SPaT (1904)
2021-11-01 17:48:38.245,write _RTCM (992)
2021-11-01 17:48:38.245,write _SPaT (1904)
2021-11-01 17:48:38.530,write _MAP (29930)
2021-11-01 17:48:38.539,write _SPaT (1904)
2021-11-01 17:48:38.605,write _SPaT (1904)
2021-11-01 17:48:38.781,write _SPaT (1904)
2021-11-01 17:48:38.984,write _SPaT (1904)
2021-11-01 17:48:39.204,write _RTCM (992)
2021-11-01 17:48:39.440,write _SPaT (1904)
2021-11-01 17:48:39.515,write _MAP (29930)
2021-11-01 17:48:39.516,write _SPaT (1904)
2021-11-01 17:48:39.605,write _SPaT (1904)
2021-11-01 17:48:39.844,write _SPaT (1904)
2021-11-01 17:48:39.995,write _SPaT (1904)
2021-11-01 17:48:40.051,write _RTCM (992)
2021-11-01 17:48:40.250,write _SPaT (1904)
2021-11-01 17:48:40.484,write _SPaT (1904)
2021-11-01 17:48:40.485,write _MAP (29930)
2021-11-01 17:48:40.599,write _SPaT (1904)
2021-11-01 17:48:40.821,write _SPaT (1904)
2021-11-01 17:48:41.006,write _SPaT (1904)
2021-11-01 17:48:41.039,write _RTCM (1052)
2021-11-01 17:48:41.264,write _SPaT (1904)
2021-11-01 17:48:41.442,write _SPaT (1904)
2021-11-01 17:48:41.443,write _MAP (29930)
2021-11-01 17:48:41.664,write _SPaT (1904)
2021-11-01 17:48:41.831,write _SPaT (1904)
2021-11-01 17:48:42.082,write _RTCM (992)
2021-11-01 17:48:42.082,write _SPaT (1904)
2021-11-01 17:48:42.294,write _SPaT (1904)
2021-11-01 17:48:42.406,write _MAP (29930)
2021-11-01 17:48:42.469,write _SPaT (1904)
2021-11-01 17:48:42.638,write _SPaT (1904)
2021-11-01 17:48:42.839,write _SPaT (1904)
2021-11-01 17:48:43.044,write _RTCM (992)
2021-11-01 17:48:43.049,write _SPaT (1904)
2021-11-01 17:48:43.276,write _SPaT (1904)
2021-11-01 17:48:43.683,write _MAP (29930)
2021-11-01 17:48:43.683,write _SPaT (1904)
2021-11-01 17:48:43.683,write _SPaT (1904)
2021-11-01 17:48:43.845,write _SPaT (1904)
2021-11-01 17:48:44.041,write _RTCM (992)
2021-11-01 17:48:44.092,write _SPaT (1904)
2021-11-01 17:48:44.259,write _SPaT (1904)
2021-11-01 17:48:44.642,write _MAP (29930)
2021-11-01 17:48:44.654,write _SPaT (1904)
2021-11-01 17:48:44.654,write _SPaT (1904)
2021-11-01 17:48:44.864,write _SPaT (1904)
2021-11-01 17:48:45.040,write _RTCM (242)
2021-11-01 17:48:45.054,write _SPaT (1904)
2021-11-01 17:48:45.362,write _SPaT (1904)
2021-11-01 17:48:45.500,write _MAP (29930)
2021-11-01 17:48:45.501,write _SPaT (1904)
2021-11-01 17:48:45.655,write _SPaT (1904)
2021-11-01 17:48:45.880,write _SPaT (1904)
2021-11-01 17:48:46.046,write _RTCM (1182)
2021-11-01 17:48:46.087,write _SPaT (1904)
2021-11-01 17:48:46.271,write _SPaT (1904)
2021-11-01 17:48:46.561,write _MAP (29930)
2021-11-01 17:48:46.583,write _SPaT (1904)
2021-11-01 17:48:46.700,write _SPaT (1904)
2021-11-01 17:48:46.890,write _SPaT (1904)
2021-11-01 17:48:47.102,write _SPaT (1904)
2021-11-01 17:48:47.520,write _RTCM (992)
2021-11-01 17:48:47.520,write _SPaT (1904)
2021-11-01 17:48:47.521,write _MAP (29930)
2021-11-01 17:48:47.629,write _SPaT (1904)
2021-11-01 17:48:47.703,write _SPaT (1904)
2021-11-01 17:48:47.914,write _SPaT (1904)
2021-11-01 17:48:48.159,write _RTCM (992)
2021-11-01 17:48:48.159,write _SPaT (1904)
2021-11-01 17:48:48.312,write _SPaT (1904)
2021-11-01 17:48:48.390,write _MAP (29930)
2021-11-01 17:48:48.539,write _SPaT (1904)
2021-11-01 17:48:48.710,write _SPaT (1904)
2021-11-01 17:48:48.907,write _SPaT (1904)
2021-11-01 17:48:49.040,write _RTCM (992)
2021-11-01 17:48:49.171,write _SPaT (1904)
2021-11-01 17:48:49.340,write _SPaT (1904)
2021-11-01 17:48:49.762,write _MAP (99611)
2021-11-01 17:48:49.762,write _SPaT (6630)
2021-11-01 17:48:49.780,write _SPaT (6630)
2021-11-01 17:48:49.788,write _SPaT (6630)
2021-11-01 17:48:50.041,write _RTCM (992)
2021-11-01 17:48:50.415,write _SPaT (6630)
2021-11-01 17:48:50.420,write _SPaT (6630)
2021-11-01 17:48:50.504,write _MAP (99611)
2021-11-01 17:48:50.590,write _SPaT (6630)
2021-11-01 17:48:50.706,write _SPaT (6630)
2021-11-01 17:48:50.707,write _SPaT (6630)
2021-11-01 17:48:51.047,write _RTCM (1052)
2021-11-01 17:48:51.226,write _SPaT (6630)
2021-11-01 17:48:51.227,write _SPaT (6630)
2021-11-01 17:48:51.679,write _MAP (99611)
2021-11-01 17:48:51.680,write _SPaT (6630)
2021-11-01 17:48:51.713,write _SPaT (6630)
2021-11-01 17:48:51.713,write _SPaT (6630)
2021-11-01 17:48:52.044,write _RTCM (992)
2021-11-01 17:48:52.191,write _SPaT (6630)
2021-11-01 17:48:52.191,write _SPaT (6630)
2021-11-01 17:48:52.462,write _MAP (99611)
2021-11-01 17:48:52.616,write _SPaT (6630)
2021-11-01 17:48:52.880,write _SPaT (6630)
2021-11-01 17:48:52.880,write _SPaT (6630)
2021-11-01 17:48:53.054,write _RTCM (990)
2021-11-01 17:48:53.410,write _SPaT (6630)
2021-11-01 17:48:53.413,write _SPaT (6630)
2021-11-01 17:48:53.572,write _SPaT (6630)
2021-11-01 17:48:53.671,write _SPaT (6630)
2021-11-01 17:48:53.742,write _SPaT (6630)
2021-11-01 17:48:53.919,write _MAP (99611)
2021-11-01 17:48:54.045,write _RTCM (990)
2021-11-01 17:48:54.381,write _SPaT (6630)
2021-11-01 17:48:54.381,write _SPaT (6630)
2021-11-01 17:48:54.608,write _MAP (99611)
2021-11-01 17:48:54.621,write _SPaT (6630)
2021-11-01 17:48:54.705,write _SPaT (6630)
2021-11-01 17:48:54.736,write _SPaT (6630)
2021-11-01 17:48:55.043,write _RTCM (240)
2021-11-01 17:48:55.214,write _SPaT (6630)
2021-11-01 17:48:55.214,write _SPaT (6630)
2021-11-01 17:48:55.597,write _MAP (99611)
2021-11-01 17:48:55.655,write _SPaT (6630)
2021-11-01 17:48:55.730,write _SPaT (6630)
2021-11-01 17:48:55.742,write _SPaT (6630)
2021-11-01 17:48:56.043,write _RTCM (1180)
2021-11-01 17:48:56.207,write _SPaT (6630)
2021-11-01 17:48:56.208,write _SPaT (6630)
2021-11-01 17:48:56.474,write _MAP (29930)
2021-11-01 17:48:56.590,write _SPaT (1904)
2021-11-01 17:48:56.809,write _SPaT (1904)
2021-11-01 17:48:57.012,write _SPaT (1904)
2021-11-01 17:48:57.042,write _RTCM (990)
2021-11-01 17:48:57.432,write _SPaT (1904)
2021-11-01 17:48:57.433,write _SPaT (1904)
2021-11-01 17:48:57.643,write _SPaT (1904)
2021-11-01 17:48:58.101,write _MAP (99611)
2021-11-01 17:48:58.101,write _SPaT (6628)
2021-11-01 17:48:58.101,write _SPaT (6628)
2021-11-01 17:48:58.124,write _RTCM (990)
2021-11-01 17:48:58.439,write _SPaT (6628)
2021-11-01 17:48:58.439,write _SPaT (6628)
2021-11-01 17:48:58.715,write _MAP (99611)
2021-11-01 17:48:58.715,write _SPaT (6634)
2021-11-01 17:48:58.735,write _RSA (589)
2021-11-01 17:48:58.735,write _RSA (589)
2021-11-01 17:48:58.735,write _SPaT (6634)
2021-11-01 17:48:58.822,write _RSA (795)
2021-11-01 17:48:58.822,write _RSA (795)
2021-11-01 17:48:58.822,write _RSA (795)
2021-11-01 17:48:58.823,write _RSA (795)
2021-11-01 17:48:58.823,write _RSA (795)
2021-11-01 17:48:58.824,write _RSA (795)
2021-11-01 17:48:58.840,write _RSA (795)
2021-11-01 17:48:58.840,write _RSA (795)
2021-11-01 17:48:58.875,write _RSA (795)
2021-11-01 17:48:58.875,write _RSA (795)
2021-11-01 17:48:58.876,write _RSA (795)
2021-11-01 17:48:58.876,write _RSA (795)
2021-11-01 17:48:59.029,write _RTCM (990)
2021-11-01 17:48:59.076,write _SPaT (6634)
2021-11-01 17:48:59.088,write _RSA (736)
2021-11-01 17:48:59.227,write _SPaT (6634)
2021-11-01 17:48:59.227,write _SPaT (6632)
2021-11-01 17:48:59.494,write _MAP (99611)
2021-11-01 17:48:59.582,write _RSA (589)
2021-11-01 17:48:59.621,write _RSA (589)
2021-11-01 17:48:59.649,write _SPaT (6632)
2021-11-01 17:48:59.651,write _SPaT (6632)
2021-11-01 17:48:59.827,write _RSA (795)
2021-11-01 17:48:59.829,write _RSA (795)
2021-11-01 17:48:59.830,write _RSA (795)
2021-11-01 17:48:59.830,write _RSA (795)
2021-11-01 17:48:59.830,write _RSA (795)
2021-11-01 17:48:59.830,write _RSA (795)
2021-11-01 17:48:59.847,write _RSA (795)
2021-11-01 17:48:59.847,write _RSA (795)
2021-11-01 17:48:59.863,write _RSA (795)
2021-11-01 17:48:59.863,write _RSA (795)
2021-11-01 17:48:59.866,write _RSA (795)
2021-11-01 17:48:59.866,write _RSA (795)
2021-11-01 17:48:59.866,write _RSA (795)
2021-11-01 17:48:59.878,write _RSA (795)
2021-11-01 17:51:51.112,write _MAP (99611)
2021-11-01 17:51:51.115,write _SPaT (6590)
2021-11-01 17:51:51.115,write _SPaT (6590)
2021-11-01 17:51:51.116,write _RSA (589)
2021-11-01 17:51:51.217,write _RTCM (1051)
2021-11-01 17:51:51.415,write _SPaT (6590)
2021-11-01 17:51:51.415,write _SPaT (6590)
2021-11-01 17:51:51.594,write _RSA (736)
2021-11-01 17:51:51.706,write _RSA (736)
2021-11-01 17:51:51.762,write _SPaT (6588)
2021-11-01 17:51:51.802,write _MAP (88913)
2021-11-01 17:51:51.819,write _SPaT (6602)
2021-11-01 17:51:52.033,write _SPaT (6602)
2021-11-01 17:51:52.219,write _RTCM (991)
2021-11-01 17:51:52.268,write _SPaT (6602)
2021-11-01 17:51:52.449,write _SPaT (6602)
2021-11-01 17:51:52.720,write _TIM (2063)
2021-11-01 17:51:52.720,write _SPaT (6602)
2021-11-01 17:51:52.983,write _MAP (88913)
2021-11-01 17:51:52.983,write _SPaT (6602)
2021-11-01 17:51:53.044,write _SPaT (6602)
2021-11-01 17:51:53.207,write _RTCM (991)
2021-11-01 17:51:53.308,write _SPaT (6602)
2021-11-01 17:51:53.506,write _SPaT (6602)
2021-11-01 17:51:53.642,write _TIM (2063)
2021-11-01 17:51:53.694,write _SPaT (6602)
2021-11-01 17:51:53.939,write _MAP (88913)
2021-11-01 17:51:53.939,write _SPaT (6602)
2021-11-01 17:51:54.056,write _SPaT (6602)
2021-11-01 17:51:54.215,write _RTCM (991)
2021-11-01 17:51:54.284,write _SPaT (6602)
2021-11-01 17:51:54.490,write _SPaT (6602)
2021-11-01 17:51:54.650,write _TIM (2063)
2021-11-01 17:51:54.675,write _SPaT (6602)
2021-11-01 17:51:54.900,write _MAP (88913)
2021-11-01 17:51:54.900,write _SPaT (6602)
2021-11-01 17:51:55.059,write _SPaT (6602)
2021-11-01 17:51:55.219,write _RTCM (241)
2021-11-01 17:51:55.316,write _SPaT (6602)
2021-11-01 17:51:55.493,write _SPaT (6602)
2021-11-01 17:51:55.699,write _SPaT (6602)
2021-11-01 17:51:55.764,write _TIM (2063)
2021-11-01 17:51:55.858,write _MAP (88913)
2021-11-01 17:51:55.891,write _SPaT (6600)
2021-11-01 17:51:56.095,write _SPaT (6600)
2021-11-01 17:51:56.229,write _RTCM (1181)
2021-11-01 17:51:56.494,write _SPaT (6600)
2021-11-01 17:51:56.576,write _SPaT (6600)
2021-11-01 17:51:57.002,write _MAP (88913)
2021-11-01 17:51:57.003,write _TIM (2063)
2021-11-01 17:51:57.033,write _SPaT (6600)
2021-11-01 17:51:57.105,write _SPaT (6588)
2021-11-01 17:51:57.121,write _SPaT (6588)
2021-11-01 17:51:57.238,write _RTCM (991)
2021-11-01 17:51:57.361,write _SPaT (6588)
2021-11-01 17:51:57.777,write _SPaT (6588)
2021-11-01 17:51:57.795,write _TIM (2063)
2021-11-01 17:51:57.796,write _SPaT (6588)
2021-11-01 17:51:57.818,write _MAP (88913)
2021-11-01 17:51:57.901,write _SPaT (6588)
2021-11-01 17:51:58.104,write _SPaT (6588)
2021-11-01 17:51:58.219,write _RTCM (991)
2021-11-01 17:51:58.334,write _SPaT (6588)
2021-11-01 17:51:58.517,write _SPaT (6588)
2021-11-01 17:51:58.669,write _TIM (2063)
2021-11-01 17:51:58.722,write _SPaT (6582)
2021-11-01 17:51:59.061,write _MAP (88913)
2021-11-01 17:51:59.061,write _SPaT (6582)
2021-11-01 17:51:59.125,write _SPaT (6582)
2021-11-01 17:51:59.233,write _RTCM (991)
2021-11-01 17:51:59.352,write _SPaT (6582)
2021-11-01 17:51:59.508,write _SPaT (6582)
2021-11-01 17:51:59.725,write _TIM (2063)
2021-11-01 17:51:59.725,write _SPaT (6630)
2021-11-01 17:52:00.020,write _MAP (88913)
2021-11-01 17:52:00.020,write _SPaT (6630)
2021-11-01 17:52:00.057,write _SPaT (6626)
2021-11-01 17:52:00.231,write _RTCM (991)
2021-11-01 17:52:00.359,write _SPaT (6628)
2021-11-01 17:52:00.529,write _SPaT (6628)
2021-11-01 17:52:00.717,write _TIM (2063)
2021-11-01 17:52:00.723,write _SPaT (6628)
2021-11-01 17:52:00.866,write _SPaT (6628)
2021-11-01 17:52:01.302,write _MAP (88913)
2021-11-01 17:52:01.302,write _SPaT (6629)
2021-11-01 17:52:01.302,write _RTCM (1051)
2021-11-01 17:52:01.662,write _TIM (2063)
2021-11-01 17:52:01.706,write _SPaT (6629)
2021-11-01 17:52:01.706,write _SPaT (6629)
2021-11-01 17:52:01.720,write _SPaT (6629)
2021-11-01 17:52:01.942,write _MAP (88913)
2021-11-01 17:52:01.942,write _SPaT (6629)
2021-11-01 17:52:02.061,write _SPaT (6629)
2021-11-01 17:52:02.225,write _RTCM (991)
2021-11-01 17:52:02.292,write _SPaT (6629)
2021-11-01 17:52:02.485,write _SPaT (6629)
2021-11-01 17:52:02.652,write _TIM (2063)
2021-11-01 17:52:02.716,write _SPaT (6629)
2021-11-01 17:52:02.786,write _MAP (88913)
2021-11-01 17:52:02.885,write _SPaT (6627)
2021-11-01 17:52:03.080,write _SPaT (6627)
2021-11-01 17:52:03.230,write _RTCM (991)
2021-11-01 17:52:03.323,write _SPaT (6627)
2021-11-01 17:52:03.520,write _SPaT (6627)
2021-11-01 17:52:03.697,write _TIM (2063)
2021-11-01 17:52:03.710,write _SPaT (6627)
2021-11-01 17:52:03.862,write _MAP (88913)
2021-11-01 17:52:03.886,write _SPaT (6627)
2021-11-01 17:52:04.077,write _SPaT (6627)
2021-11-01 17:52:04.243,write _RTCM (991)
2021-11-01 17:52:04.319,write _SPaT (6627)
2021-11-01 17:52:04.487,write _SPaT (6627)
2021-11-01 17:52:04.723,write _SPaT (6627)
2021-11-01 17:52:04.732,write _RSA (794)
2021-11-01 17:52:04.822,write _MAP (88913)
2021-11-01 17:52:04.920,write _SPaT (6627)
2021-11-01 17:52:05.116,write _SPaT (6627)
2021-11-01 17:52:05.226,write _RTCM (241)
2021-11-01 17:52:05.361,write _SPaT (6627)
2021-11-01 17:52:05.533,write _SPaT (6627)
2021-11-01 17:52:05.730,write _SPaT (6627)
2021-11-01 17:52:05.779,write _RSA (795)
2021-11-01 17:52:05.820,write _MAP (88913)
2021-11-01 17:52:05.913,write _SPaT (6627)
2021-11-01 18:00:43.184,write _MAP (28563)
2021-11-01 18:00:43.194,write _RSA (576)
2021-11-01 18:00:43.310,write _RTCM (971)
2021-11-01 18:00:43.706,write _SPaT (1889)
2021-11-01 18:00:43.742,write _SPaT (1889)
2021-11-01 18:00:43.837,write _SPaT (1889)
2021-11-01 18:00:43.840,write _SPaT (1889)
2021-11-01 18:00:44.398,write _MAP (99611)
2021-11-01 18:00:44.399,write _SPaT (6632)
2021-11-01 18:00:44.400,write _RTCM (971)
2021-11-01 18:00:44.400,write _SPaT (6632)
2021-11-01 18:00:44.408,write _SPaT (6632)
2021-11-01 18:00:44.818,write _SPaT (6632)
2021-11-01 18:00:44.832,write _SPaT (6632)
2021-11-01 18:00:45.341,write _SPaT (6632)
2021-11-01 18:00:45.348,write _MAP (99611)
2021-11-01 18:00:45.367,write _RTCM (253)
2021-11-01 18:00:45.789,write _SPaT (6632)
2021-11-01 18:00:45.980,write _SPaT (6632)
2021-11-01 18:00:46.139,write _SPaT (6632)
2021-11-01 18:00:46.140,write _SPaT (6632)
2021-11-01 18:00:46.163,write _MAP (99611)
2021-11-01 18:00:46.163,write _SPaT (6632)
2021-11-01 18:00:46.323,write _RTCM (1081)
2021-11-01 18:00:46.328,write _SPaT (6632)
2021-11-01 18:00:46.683,write _SPaT (6632)
2021-11-01 18:00:46.941,write _SPaT (6632)
2021-11-01 18:00:46.941,write _SPaT (6632)
2021-11-01 18:00:47.136,write _SPaT (6632)
2021-11-01 18:00:47.263,write _MAP (99611)
2021-11-01 18:00:47.326,write _RTCM (891)
2021-11-01 18:00:47.327,write _SPaT (6632)
2021-11-01 18:00:47.686,write _SPaT (6632)
2021-11-01 18:00:47.960,write _SPaT (6632)
2021-11-01 18:00:47.960,write _SPaT (6632)
2021-11-01 18:00:48.325,write _MAP (99611)
2021-11-01 18:00:48.409,write _RTCM (891)
2021-11-01 18:00:48.423,write _SPaT (6632)
2021-11-01 18:00:48.423,write _SPaT (6632)
2021-11-01 18:00:48.741,write _SPaT (6632)
2021-11-01 18:00:48.760,write _SPaT (6632)
2021-11-01 18:00:48.807,write _SPaT (6632)
2021-11-01 18:00:49.181,write _MAP (99611)
2021-11-01 18:00:49.260,write _SPaT (6632)
2021-11-01 18:00:49.260,write _SPaT (6632)
2021-11-01 18:00:49.311,write _RTCM (971)
2021-11-01 18:00:49.450,write _RSA (795)
2021-11-01 18:00:49.499,write _RSA (795)
2021-11-01 18:00:49.499,write _RSA (795)
2021-11-01 18:00:49.500,write _RSA (795)
2021-11-01 18:00:49.500,write _RSA (795)
2021-11-01 18:00:49.501,write _RSA (795)
2021-11-01 18:00:49.502,write _RSA (795)
2021-11-01 18:00:49.502,write _RSA (736)
2021-11-01 18:00:49.502,write _RSA (795)
2021-11-01 18:00:49.502,write _RSA (736)
2021-11-01 18:00:49.502,write _RSA (737)
2021-11-01 18:00:49.526,write _RSA (737)
2021-11-01 18:00:49.526,write _RSA (737)
2021-11-01 18:00:49.527,write _RSA (737)
2021-11-01 18:00:49.527,write _RSA (737)
2021-11-01 18:00:49.527,write _RSA (737)
2021-11-01 18:00:49.527,write _RSA (737)
2021-11-01 18:00:49.528,write _RSA (737)
2021-11-01 18:00:49.528,write _RSA (737)
2021-11-01 18:00:49.529,write _RSA (737)
2021-11-01 18:00:49.701,write _SPaT (6632)
2021-11-01 18:00:49.801,write _SPaT (6632)
2021-11-01 18:00:49.809,write _SPaT (6632)
2021-11-01 18:00:49.849,write _RSA (589)
2021-11-01 18:00:49.870,write _RSA (589)
2021-11-01 18:00:50.138,write _RSA (589)
2021-11-01 18:00:50.138,write _RSA (589)
2021-11-01 18:00:50.139,write _RSA (589)
2021-11-01 18:00:50.139,write _RSA (589)
2021-11-01 18:00:50.165,write _MAP (99611)
2021-11-01 18:00:50.277,write _SPaT (6632)
2021-11-01 18:00:50.277,write _SPaT (6632)
2021-11-01 18:00:50.323,write _RTCM (971)
2021-11-01 18:00:50.435,write _RSA (795)
2021-11-01 18:00:50.458,write _RSA (795)
2021-11-01 18:00:50.458,write _RSA (795)
2021-11-01 18:00:50.458,write _RSA (795)
2021-11-01 18:00:50.459,write _RSA (795)
2021-11-01 18:00:50.459,write _RSA (795)
2021-11-01 18:00:50.459,write _RSA (795)
2021-11-01 18:00:50.460,write _RSA (795)
2021-11-01 18:00:50.485,write _RSA (737)
2021-11-01 18:00:50.486,write _RSA (737)
2021-11-01 18:00:50.487,write _RSA (737)
2021-11-01 18:00:50.487,write _RSA (737)
2021-11-01 18:00:50.487,write _RSA (737)
2021-11-01 18:00:50.487,write _RSA (737)
2021-11-01 18:00:50.497,write _RSA (737)
2021-11-01 18:00:50.498,write _RSA (737)
2021-11-01 18:00:50.500,write _RSA (737)
2021-11-01 18:00:50.500,write _RSA (737)
2021-11-01 18:00:50.500,write _RSA (737)
2021-11-01 18:00:50.515,write _RSA (735)
2021-11-01 18:00:50.515,write _RSA (735)
2021-11-01 18:00:50.661,write _SPaT (6632)
2021-11-01 18:00:50.785,write _SPaT (6632)
2021-11-01 18:00:51.097,write _SPaT (6632)
2021-11-01 18:00:51.098,write _RSA (587)
2021-11-01 18:00:51.099,write _RSA (587)
2021-11-01 18:00:51.099,write _RSA (587)
2021-11-01 18:00:51.099,write _RSA (587)
2021-11-01 18:00:51.099,write _RSA (587)
2021-11-01 18:00:51.118,write _RSA (587)
2021-11-01 18:00:51.166,write _MAP (99611)
2021-11-01 18:00:51.270,write _SPaT (6632)
2021-11-01 18:00:51.271,write _SPaT (6632)
2021-11-01 18:00:51.299,write _RTCM (1031)
2021-11-01 18:00:51.425,write _RSA (795)
2021-11-01 18:00:51.738,write _RSA (795)
2021-11-01 18:00:51.738,write _RSA (795)
2021-11-01 18:00:51.738,write _RSA (795)
2021-11-01 18:00:51.764,write _RSA (735)
2021-11-01 18:00:51.765,write _RSA (735)
2021-11-01 18:00:51.765,write _RSA (736)
2021-11-01 18:00:51.766,write _RSA (736)
2021-11-01 18:00:51.766,write _RSA (736)
2021-11-01 18:00:51.767,write _RSA (736)
2021-11-01 18:00:51.767,write _RSA (736)
2021-11-01 18:00:51.767,write _RSA (736)
2021-11-01 18:00:51.770,write _RSA (736)
2021-11-01 18:00:51.771,write _RSA (736)
2021-11-01 18:00:51.771,write _RSA (736)
2021-11-01 18:00:51.771,write _RSA (736)
2021-11-01 18:00:51.771,write _RSA (736)
2021-11-01 18:00:51.771,write _RSA (736)
2021-11-01 18:00:51.786,write _RSA (736)
2021-11-01 18:00:51.786,write _RSA (736)
2021-11-01 18:00:51.786,write _RSA (736)
2021-11-01 18:00:51.786,write _RSA (736)
2021-11-01 18:00:51.786,write _SPaT (6632)
2021-11-01 18:00:51.807,write _SPaT (6632)
2021-11-01 18:00:51.859,write _RSA (588)
2021-11-01 18:00:51.870,write _RSA (588)
2021-11-01 18:00:51.870,write _RSA (588)
2021-11-01 18:00:51.881,write _RSA (588)
2021-11-01 18:00:51.881,write _RSA (588)
2021-11-01 18:00:51.882,write _RSA (588)
2021-11-01 18:00:51.882,write _RSA (588)
2021-11-01 18:00:51.895,write _RSA (588)
2021-11-01 18:00:52.025,write _SPaT (6632)
2021-11-01 18:00:52.382,write _MAP (99611)
2021-11-01 18:00:52.399,write _RTCM (971)
2021-11-01 18:00:52.399,write _SPaT (6632)
2021-11-01 18:00:52.400,write _SPaT (6632)
2021-11-01 18:00:52.483,write _RSA (736)
2021-11-01 18:00:52.483,write _RSA (736)
2021-11-01 18:00:52.483,write _RSA (736)
2021-11-01 18:00:52.483,write _RSA (736)
2021-11-01 18:00:52.484,write _RSA (736)
2021-11-01 18:00:52.484,write _RSA (736)
2021-11-01 18:00:52.484,write _RSA (795)
2021-11-01 18:00:52.505,write _RSA (736)
2021-11-01 18:00:52.505,write _RSA (795)
2021-11-01 18:00:52.506,write _RSA (795)
2021-11-01 18:00:52.506,write _RSA (736)
2021-11-01 18:00:52.506,write _RSA (736)
2021-11-01 18:00:52.506,write _RSA (736)
2021-11-01 18:00:52.507,write _RSA (736)
2021-11-01 18:00:52.507,write _RSA (736)
2021-11-01 18:00:52.507,write _RSA (736)
2021-11-01 18:00:52.508,write _RSA (736)
2021-11-01 18:00:52.508,write _RSA (736)
2021-11-01 18:00:52.537,write _RSA (736)
2021-11-01 18:00:52.537,write _RSA (736)
2021-11-01 18:00:52.538,write _RSA (736)
2021-11-01 18:00:52.538,write _RSA (736)
2021-11-01 18:00:52.538,write _RSA (736)
2021-11-01 18:00:52.633,write _RSA (795)
2021-11-01 18:00:52.654,write _SPaT (6632)
2021-11-01 18:00:52.871,write _RSA (588)
2021-11-01 18:00:52.910,write _RSA (588)
2021-11-01 18:00:53.015,write _RSA (588)
2021-11-01 18:00:53.016,write _RSA (588)
2021-11-01 18:00:53.016,write _RSA (588)
2021-11-01 18:00:53.016,write _RSA (588)
2021-11-01 18:00:53.122,write _SPaT (6632)
2021-11-01 18:00:53.122,write _SPaT (6632)
2021-11-01 18:00:53.160,write _MAP (99611)
2021-11-01 18:00:53.342,write _RTCM (971)
2021-11-01 18:00:53.343,write _SPaT (6632)
2021-11-01 18:00:53.343,write _SPaT (6632)
2021-11-01 18:00:53.494,write _RSA (736)
2021-11-01 18:00:53.494,write _RSA (736)
2021-11-01 18:00:53.494,write _RSA (736)
2021-11-01 18:00:53.494,write _RSA (736)
2021-11-01 18:00:53.494,write _RSA (736)
2021-11-01 18:00:53.495,write _RSA (736)
2021-11-01 18:00:53.495,write _RSA (736)
2021-11-01 18:00:53.516,write _RSA (736)
2021-11-01 18:00:53.714,write _RSA (736)
2021-11-01 18:00:53.727,write _RSA (736)
2021-11-01 18:00:53.727,write _RSA (736)
2021-11-01 18:00:53.727,write _RSA (736)
2021-11-01 18:00:53.729,write _RSA (736)
2021-11-01 18:00:53.729,write _RSA (736)
2021-11-01 18:00:53.729,write _RSA (795)
2021-11-01 18:00:53.729,write _RSA (795)
2021-11-01 18:00:53.729,write _RSA (795)
2021-11-01 18:00:53.729,write _SPaT (6632)
2021-11-01 18:00:53.759,write _SPaT (6632)
2021-11-01 18:00:53.874,write _RSA (588)
2021-11-01 18:00:53.976,write _RSA (588)
2021-11-01 18:00:53.978,write _RSA (588)
2021-11-01 18:00:53.978,write _RSA (588)
2021-11-01 18:00:53.978,write _RSA (588)
2021-11-01 18:00:53.979,write _RSA (588)
2021-11-01 18:00:53.991,write _RSA (588)
2021-11-01 18:00:54.132,write _SPaT (6632)
2021-11-01 18:00:54.154,write _MAP (99611)
2021-11-01 18:00:54.301,write _RTCM (971)
2021-11-01 18:00:54.327,write _SPaT (6632)
2021-11-01 18:00:54.327,write _SPaT (6632)
2021-11-01 18:00:54.484,write _RSA (793)
2021-11-01 18:00:54.485,write _RSA (793)
2021-11-01 18:00:54.485,write _RSA (793)
2021-11-01 18:00:54.485,write _RSA (736)
2021-11-01 18:00:54.618,write _RSA (736)
2021-11-01 18:00:54.619,write _RSA (736)
2021-11-01 18:00:54.619,write _RSA (736)
2021-11-01 18:00:54.619,write _RSA (736)
2021-11-01 18:00:54.619,write _RSA (736)
2021-11-01 18:00:54.619,write _RSA (736)
2021-11-01 18:00:54.619,write _RSA (736)
2021-11-01 18:00:54.643,write _RSA (736)
2021-11-01 18:00:54.643,write _RSA (736)
2021-11-01 18:00:54.643,write _RSA (736)
2021-11-01 18:00:54.643,write _RSA (736)
2021-11-01 18:00:54.645,write _RSA (736)
2021-11-01 18:00:54.645,write _RSA (736)
2021-11-01 18:00:54.645,write _RSA (736)
2021-11-01 18:00:54.645,write _RSA (736)
2021-11-01 18:00:54.645,write _RSA (736)
2021-11-01 18:00:54.645,write _RSA (736)
2021-11-01 18:00:54.645,write _RSA (736)
2021-11-01 18:00:54.737,write _SPaT (6632)
2021-11-01 18:00:54.737,write _SPaT (6632)
2021-11-01 18:00:54.882,write _RSA (589)
2021-11-01 18:00:54.934,write _RSA (589)
2021-11-01 18:00:54.934,write _RSA (589)
2021-11-01 18:00:54.935,write _RSA (589)
2021-11-01 18:00:54.935,write _RSA (589)
2021-11-01 18:00:54.935,write _RSA (589)
2021-11-01 18:00:54.935,write _RSA (589)
2021-11-01 18:00:55.133,write _SPaT (6632)
2021-11-01 18:00:55.144,write _MAP (99611)
2021-11-01 18:00:55.304,write _RTCM (253)
2021-11-01 18:00:55.354,write _SPaT (6632)
2021-11-01 18:00:55.354,write _SPaT (6632)
2021-11-01 18:00:55.404,write _RSA (793)
2021-11-01 18:00:55.428,write _RSA (793)
2021-11-01 18:00:55.428,write _RSA (793)
2021-11-01 18:00:55.428,write _RSA (793)
2021-11-01 18:00:55.583,write _RSA (737)
2021-11-01 18:00:55.583,write _RSA (737)
2021-11-01 18:00:55.584,write _RSA (737)
2021-11-01 18:00:55.584,write _RSA (737)
2021-11-01 18:00:55.586,write _RSA (737)
2021-11-01 18:00:55.586,write _RSA (737)
2021-11-01 18:00:55.586,write _RSA (737)
2021-11-01 18:00:55.586,write _RSA (737)
2021-11-01 18:00:55.586,write _RSA (737)
2021-11-01 18:00:55.586,write _RSA (737)
2021-11-01 18:00:55.587,write _RSA (737)
2021-11-01 18:00:55.587,write _RSA (737)
2021-11-01 18:00:55.587,write _RSA (737)
2021-11-01 18:00:55.587,write _RSA (737)
2021-11-01 18:00:55.587,write _RSA (737)
2021-11-01 18:00:55.587,write _RSA (737)
2021-11-01 18:00:55.755,write _SPaT (6632)
2021-11-01 18:00:55.760,write _SPaT (6632)
2021-11-01 18:00:56.010,write _RSA (589)
2021-11-01 18:00:56.010,write _RSA (589)
2021-11-01 18:00:56.010,write _RSA (589)
2021-11-01 18:00:56.011,write _RSA (587)
2021-11-01 18:00:56.025,write _RSA (587)
2021-11-01 18:00:56.025,write _RSA (589)
2021-11-01 18:00:56.135,write _SPaT (6632)
2021-11-01 18:00:56.156,write _MAP (99611)
2021-11-01 18:00:56.313,write _RTCM (1161)
2021-11-01 18:00:56.347,write _SPaT (6632)
2021-11-01 18:00:56.347,write _SPaT (6632)
2021-11-01 18:00:56.457,write _RSA (793)
2021-11-01 18:00:56.457,write _RSA (793)
2021-11-01 18:00:56.533,write _RSA (793)
2021-11-01 18:00:56.533,write _RSA (794)
2021-11-01 18:00:56.533,write _RSA (794)
2021-11-01 18:00:56.534,write _RSA (735)
2021-11-01 18:00:56.534,write _RSA (735)
2021-11-01 18:00:56.566,write _RSA (735)
2021-11-01 18:00:56.566,write _RSA (735)
2021-11-01 18:00:56.566,write _RSA (735)
2021-11-01 18:00:56.566,write _RSA (735)
2021-11-01 18:00:56.567,write _RSA (735)
2021-11-01 18:00:56.568,write _RSA (736)
2021-11-01 18:00:56.568,write _RSA (736)
2021-11-01 18:00:56.568,write _RSA (736)
2021-11-01 18:00:56.568,write _RSA (736)
2021-11-01 18:00:56.568,write _RSA (736)
2021-11-01 18:00:56.568,write _RSA (736)
2021-11-01 18:00:56.569,write _RSA (736)
2021-11-01 18:00:56.569,write _RSA (735)
2021-11-01 18:00:56.753,write _SPaT (6632)
2021-11-01 18:00:56.753,write _SPaT (6632)
2021-11-01 18:00:56.909,write _RSA (588)
2021-11-01 18:00:56.929,write _RSA (588)
2021-11-01 18:00:56.929,write _RSA (588)
2021-11-01 18:00:56.930,write _RSA (588)
2021-11-01 18:00:56.931,write _RSA (588)
2021-11-01 18:00:56.931,write _RSA (588)
2021-11-01 18:00:57.123,write _SPaT (6632)
2021-11-01 18:00:57.177,write _MAP (99611)
2021-11-01 18:00:57.302,write _RTCM (971)
2021-11-01 18:00:57.337,write _SPaT (6632)
2021-11-01 18:00:57.338,write _SPaT (6632)
2021-11-01 18:00:57.415,write _RSA (794)
2021-11-01 18:00:57.416,write _RSA (794)
2021-11-01 18:00:57.416,write _RSA (794)
2021-11-01 18:00:57.444,write _RSA (794)
2021-11-01 18:00:57.524,write _RSA (736)
2021-11-01 18:00:57.525,write _RSA (736)
2021-11-01 18:00:57.525,write _RSA (736)
2021-11-01 18:00:57.538,write _RSA (736)
2021-11-01 18:00:57.538,write _RSA (736)
2021-11-01 18:00:57.539,write _RSA (736)
2021-11-01 18:00:57.540,write _RSA (736)
2021-11-01 18:00:57.540,write _RSA (736)
2021-11-01 18:00:57.575,write _RSA (736)
2021-11-01 18:00:57.576,write _RSA (736)
2021-11-01 18:00:57.576,write _RSA (736)
2021-11-01 18:00:57.576,write _RSA (736)
2021-11-01 18:00:57.576,write _RSA (736)
2021-11-01 18:00:57.598,write _RSA (736)
2021-11-01 18:00:57.598,write _RSA (736)
2021-11-01 18:00:57.598,write _RSA (736)
2021-11-01 18:00:57.598,write _RSA (736)
2021-11-01 18:00:57.598,write _RSA (736)
2021-11-01 18:00:57.598,write _RSA (736)
2021-11-01 18:00:57.598,write _RSA (736)
2021-11-01 18:00:57.599,write _RSA (736)
2021-11-01 18:00:57.709,write _RSA (736)
2021-11-01 18:00:57.709,write _RSA (736)
2021-11-01 18:00:57.752,write _SPaT (6632)
2021-11-01 18:00:57.752,write _SPaT (6632)
2021-11-01 18:00:57.906,write _RSA (588)
2021-11-01 18:00:57.928,write _RSA (588)
2021-11-01 18:00:58.133,write _RSA (588)
2021-11-01 18:00:58.133,write _RSA (588)
2021-11-01 18:00:58.134,write _RSA (588)
2021-11-01 18:00:58.134,write _RSA (588)
2021-11-01 18:00:58.134,write _RSA (588)
2021-11-01 18:00:58.156,write _SPaT (6632)
2021-11-01 18:00:58.156,write _MAP (24624)
2021-11-01 18:00:58.247,write _SPaT (1910)
2021-11-01 18:00:58.247,write _SPaT (1910)
2021-11-01 18:00:58.334,write _RTCM (971)
2021-11-01 18:00:58.709,write _SPaT (1910)
2021-11-01 18:00:58.881,write _SPaT (1910)
2021-11-01 18:00:58.882,write _SPaT (1910)
2021-11-01 18:00:59.143,write _MAP (24624)
2021-11-01 18:00:59.264,write _SPaT (1910)
2021-11-01 18:00:59.265,write _SPaT (1910)
2021-11-01 18:00:59.411,write _RTCM (971)
2021-11-01 18:00:59.652,write _SPaT (1910)
2021-11-01 18:00:59.764,write _SPaT (1910)
2021-11-01 18:00:59.784,write _SPaT (1910)
2021-11-01 18:01:00.129,write _SPaT (1907)
2021-11-01 18:01:00.136,write _MAP (24624)
2021-11-01 18:01:00.431,write _RTCM (971)
2021-11-01 18:01:00.691,write _RSA (585)
2021-11-01 18:01:00.693,write _SPaT (1908)
2021-11-01 18:01:00.693,write _SPaT (1908)
2021-11-01 18:01:00.762,write _SPaT (1908)
2021-11-01 18:01:00.799,write _SPaT (1908)
2021-11-01 18:01:01.187,write _MAP (24624)
2021-11-01 18:01:01.331,write _SPaT (1909)
2021-11-01 18:01:01.331,write _SPaT (1909)
2021-11-01 18:01:01.414,write _RTCM (1031)
2021-11-01 18:01:01.435,write _RSA (586)
2021-11-01 18:01:01.744,write _SPaT (1909)
2021-11-01 18:01:01.971,write _SPaT (1909)
2021-11-01 18:01:01.971,write _SPaT (1909)
2021-11-01 18:01:02.290,write _MAP (24624)
2021-11-01 18:01:02.392,write _RTCM (971)
2021-11-01 18:01:02.427,write _RSA (586)
2021-11-01 18:01:02.757,write _SPaT (1909)
2021-11-01 18:01:02.770,write _SPaT (1909)
2021-11-01 18:01:02.770,write _SPaT (1909)
2021-11-01 18:01:03.154,write _MAP (24624)
2021-11-01 18:01:03.161,write _SPaT (1909)
2021-11-01 18:01:03.170,write _SPaT (1909)
2021-11-01 18:01:03.320,write _SPaT (1909)
2021-11-01 18:01:03.571,write _SPaT (1909)
2021-11-01 18:01:03.572,write _RTCM (971)
2021-11-01 18:01:03.572,write _RSA (586)
2021-11-01 18:01:03.672,write _SPaT (1909)
2021-11-01 18:01:03.818,write _SPaT (1909)
2021-11-01 18:01:03.889,write _SPaT (1909)
2021-11-01 18:01:04.132,write _MAP (24624)
2021-11-01 18:01:04.250,write _SPaT (1909)
2021-11-01 18:01:04.529,write _SPaT (1909)
2021-11-01 18:01:04.529,write _RTCM (971)
2021-11-01 18:01:04.529,write _RSA (587)
2021-11-01 18:01:04.674,write _SPaT (1909)
2021-11-01 18:01:04.785,write _SPaT (1909)
2021-11-01 18:01:04.817,write _SPaT (1909)
2021-11-01 18:01:05.331,write _MAP (24624)
2021-11-01 18:01:05.331,write _SPaT (1909)
2021-11-01 18:01:05.331,write _SPaT (1909)
2021-11-01 18:01:05.488,write _RTCM (253)
2021-11-01 18:01:05.658,write _SPaT (1909)
2021-11-01 18:01:05.775,write _SPaT (1909)
2021-11-01 18:01:05.795,write _SPaT (1909)
2021-11-01 18:01:06.134,write _MAP (24624)
2021-11-01 18:01:06.282,write _SPaT (1909)
2021-11-01 18:01:06.284,write _SPaT (1909)
2021-11-01 18:01:06.381,write _RTCM (1161)
2021-11-01 18:01:06.445,write _RSA (587)
2021-11-01 18:01:06.651,write _SPaT (1909)
2021-11-01 18:01:06.770,write _SPaT (1909)
2021-11-01 18:01:07.012,write _SPaT (1909)
2021-11-01 18:01:07.409,write _MAP (28563)
2021-11-01 18:01:07.409,write _SPaT (1899)
2021-11-01 18:01:07.409,write _SPaT (1899)
2021-11-01 18:01:07.409,write _RSA (575)
2021-11-01 18:01:07.429,write _RTCM (971)
2021-11-01 18:01:07.724,write _SPaT (1899)
2021-11-01 18:01:07.726,write _SPaT (1899)
2021-11-01 18:01:08.109,write _SPaT (1899)
2021-11-01 18:01:08.369,write _MAP (28563)
2021-11-01 18:01:08.369,write _SPaT (1899)
2021-11-01 18:01:08.369,write _SPaT (1899)
2021-11-01 18:01:08.388,write _RSA (575)
2021-11-01 18:01:08.401,write _RTCM (971)
2021-11-01 18:01:08.838,write _SPaT (1899)
2021-11-01 18:01:08.838,write _SPaT (1899)
2021-11-01 18:01:09.328,write _SPaT (1899)
2021-11-01 18:01:09.328,write _SPaT (1899)
2021-11-01 18:01:09.328,write _SPaT (1899)
2021-11-01 18:01:09.349,write _MAP (28563)
2021-11-01 18:01:09.512,write _RTCM (971)
2021-11-01 18:01:09.723,write _RSA (575)
2021-11-01 18:01:09.736,write _SPaT (1899)
2021-11-01 18:01:09.736,write _SPaT (1899)
2021-11-01 18:01:10.163,write _SPaT (1899)
2021-11-01 18:01:10.294,write _MAP (28563)
2021-11-01 18:01:10.315,write _SPaT (1900)
2021-11-01 18:01:10.316,write _SPaT (1900)
2021-11-01 18:01:10.360,write _RSA (576)
2021-11-01 18:01:10.585,write _RTCM (931)
2021-11-01 18:01:10.896,write _SPaT (1900)
2021-11-01 18:01:10.926,write _SPaT (1900)
2021-11-01 18:01:11.305,write _MAP (28563)
2021-11-01 18:01:11.333,write _SPaT (1900)
2021-11-01 18:01:11.358,write _RSA (576)
2021-11-01 18:01:11.368,write _SPaT (1900)
2021-11-01 18:01:11.566,write _SPaT (1900)
2021-11-01 18:01:11.566,write _RTCM (991)
2021-11-01 18:01:11.787,write _SPaT (1900)
2021-11-01 18:01:11.787,write _SPaT (1900)
2021-11-01 18:01:12.147,write _SPaT (1900)
2021-11-01 18:01:12.169,write _MAP (28563)
2021-11-01 18:01:12.304,write _SPaT (1900)
2021-11-01 18:01:12.304,write _SPaT (1900)
2021-11-01 18:01:12.356,write _RSA (576)
2021-11-01 18:01:12.524,write _RTCM (891)
2021-11-01 18:01:12.867,write _SPaT (1900)
2021-11-01 18:01:12.867,write _SPaT (1900)
2021-11-01 18:01:13.148,write _SPaT (1900)
2021-11-01 18:01:13.162,write _MAP (28563)
2021-11-01 18:01:13.274,write _SPaT (1899)
2021-11-01 18:01:13.287,write _SPaT (1899)
2021-11-01 18:01:13.359,write _RSA (576)
2021-11-01 18:01:13.482,write _RTCM (932)
2021-11-01 18:01:13.769,write _SPaT (1899)
2021-11-01 18:01:13.804,write _SPaT (1899)
2021-11-01 18:01:14.132,write _SPaT (1899)
2021-11-01 18:01:14.445,write _MAP (28563)
2021-11-01 18:01:14.445,write _SPaT (1899)
2021-11-01 18:01:14.445,write _SPaT (1899)
2021-11-01 18:01:14.466,write _RSA (576)
2021-11-01 18:01:14.495,write _RTCM (892)
2021-11-01 18:01:14.818,write _SPaT (1899)
2021-11-01 18:01:14.819,write _SPaT (1899)
2021-11-01 18:01:15.122,write _SPaT (1899)
2021-11-01 18:01:15.146,write _MAP (28563)
2021-11-01 18:01:15.279,write _SPaT (1899)
2021-11-01 18:01:15.309,write _SPaT (1899)
2021-11-01 18:01:15.403,write _RSA (576)
2021-11-01 18:01:15.487,write _RTCM (174)
2021-11-01 18:01:15.751,write _SPaT (1899)
2021-11-01 18:01:16.045,write _SPaT (1899)
2021-11-01 18:01:16.148,write _SPaT (1897)
2021-11-01 18:01:16.187,write _MAP (28563)
2021-11-01 18:01:16.295,write _SPaT (1897)
2021-11-01 18:01:16.308,write _SPaT (1897)
2021-11-01 18:01:16.395,write _RSA (576)
2021-11-01 18:01:16.484,write _RTCM (1082)
2021-11-01 18:01:16.753,write _SPaT (1897)
2021-11-01 18:01:17.003,write _SPaT (1897)
2021-11-01 18:01:17.113,write _SPaT (1885)
2021-11-01 18:01:17.140,write _MAP (28563)
2021-11-01 18:01:17.295,write _SPaT (1885)
2021-11-01 18:01:17.306,write _SPaT (1885)
2021-11-01 18:01:17.402,write _RSA (576)
2021-11-01 18:01:17.480,write _RTCM (892)
2021-11-01 18:01:17.764,write _SPaT (1885)
2021-11-01 18:01:17.962,write _SPaT (1885)
2021-11-01 18:01:18.109,write _SPaT (1885)
2021-11-01 18:01:18.146,write _MAP (28563)
2021-11-01 18:01:18.311,write _SPaT (1885)
2021-11-01 18:01:18.402,write _RSA (576)
2021-11-01 18:01:18.601,write _RTCM (892)
2021-11-01 18:01:18.673,write _SPaT (1885)
2021-11-01 18:01:18.761,write _SPaT (1885)
2021-11-01 18:01:18.762,write _SPaT (1885)
2021-11-01 18:01:19.150,write _MAP (28563)
2021-11-01 18:01:19.239,write _SPaT (1883)
2021-11-01 18:01:19.242,write _SPaT (1883)
2021-11-01 18:01:19.402,write _RSA (576)
2021-11-01 18:01:19.489,write _RTCM (932)
2021-11-01 18:01:19.659,write _SPaT (1883)
2021-11-01 18:01:19.751,write _SPaT (1883)
2021-11-01 18:01:19.779,write _SPaT (1883)
2021-11-01 18:01:20.267,write _MAP (28563)
2021-11-01 18:01:20.279,write _SPaT (1879)
2021-11-01 18:01:20.279,write _SPaT (1879)
2021-11-01 18:01:20.415,write _RSA (576)
2021-11-01 18:01:20.535,write _RTCM (932)
2021-11-01 18:01:20.865,write _SPaT (1879)
2021-11-01 18:01:20.882,write _SPaT (1879)
2021-11-01 18:01:21.163,write _MAP (28563)
2021-11-01 18:01:21.237,write _SPaT (1879)
2021-11-01 18:01:21.238,write _SPaT (1879)
2021-11-01 18:01:21.409,write _RSA (576)
2021-11-01 18:01:21.802,write _RTCM (952)
2021-11-01 18:01:21.877,write _SPaT (1879)
2021-11-01 18:01:21.880,write _SPaT (1879)
2021-11-01 18:01:22.239,write _MAP (28563)
2021-11-01 18:01:22.253,write _SPaT (1878)
2021-11-01 18:01:22.322,write _SPaT (1878)
2021-11-01 18:01:22.413,write _RSA (576)
2021-11-01 18:01:22.761,write _RTCM (932)
2021-11-01 18:01:22.761,write _SPaT (1878)
2021-11-01 18:01:22.781,write _SPaT (1878)
2021-11-01 18:01:22.807,write _SPaT (1878)
2021-11-01 18:01:23.401,write _SPaT (1891)
2021-11-01 18:01:23.401,write _SPaT (1891)
2021-11-01 18:01:23.402,write _MAP (28563)
2021-11-01 18:01:23.549,write _RTCM (932)
2021-11-01 18:01:23.550,write _RSA (576)
2021-11-01 18:01:23.654,write _SPaT (1891)
2021-11-01 18:01:23.809,write _SPaT (1891)
2021-11-01 18:01:23.824,write _SPaT (1891)
2021-11-01 18:01:24.135,write _MAP (28563)
2021-11-01 18:01:24.249,write _SPaT (1891)
2021-11-01 18:01:24.249,write _SPaT (1891)
2021-11-01 18:01:24.425,write _RSA (576)
2021-11-01 18:01:24.570,write _RTCM (932)
2021-11-01 18:01:24.694,write _SPaT (1891)
2021-11-01 18:01:24.806,write _SPaT (1891)
2021-11-01 18:01:24.812,write _SPaT (1891)
2021-11-01 18:01:25.202,write _MAP (28563)
2021-11-01 18:01:25.280,write _SPaT (1891)
2021-11-01 18:01:25.320,write _SPaT (1891)
2021-11-01 18:01:25.429,write _RSA (576)
2021-11-01 18:01:25.530,write _RTCM (214)
2021-11-01 18:01:25.928,write _SPaT (1891)
2021-11-01 18:01:26.280,write _SPaT (1891)
2021-11-01 18:01:26.282,write _MAP (28563)
2021-11-01 18:01:26.300,write _SPaT (1891)
2021-11-01 18:01:26.300,write _SPaT (1891)
2021-11-01 18:01:26.438,write _RSA (576)
2021-11-01 18:01:26.505,write _RTCM (1122)
2021-11-01 18:01:26.995,write _SPaT (1891)
2021-11-01 18:01:26.995,write _SPaT (1891)
2021-11-01 18:01:27.249,write _SPaT (1891)
2021-11-01 18:01:27.249,write _SPaT (1891)
2021-11-01 18:01:27.283,write _SPaT (1891)
2021-11-01 18:01:27.347,write _MAP (28563)
2021-11-01 18:01:27.448,write _RSA (576)
2021-11-01 18:01:27.497,write _RTCM (892)
2021-11-01 18:01:27.935,write _SPaT (1891)
2021-11-01 18:01:27.935,write _SPaT (1891)
2021-11-01 18:01:28.107,write _SPaT (1891)
2021-11-01 18:01:28.136,write _MAP (28563)
2021-11-01 18:01:28.274,write _SPaT (1891)
2021-11-01 18:01:28.274,write _SPaT (1891)
2021-11-01 18:01:28.462,write _RSA (576)
2021-11-01 18:01:28.517,write _RTCM (932)
2021-11-01 18:01:28.729,write _SPaT (1891)
2021-11-01 18:01:28.730,write _SPaT (1891)
2021-11-01 18:01:29.136,write _SPaT (1891)
2021-11-01 18:01:29.160,write _MAP (28563)
2021-11-01 18:01:29.271,write _SPaT (1891)
2021-11-01 18:01:29.271,write _SPaT (1891)
2021-11-01 18:01:29.577,write _RTCM (892)
2021-11-01 18:01:29.577,write _RSA (576)
2021-11-01 18:01:29.786,write _SPaT (1891)
2021-11-01 18:01:29.786,write _SPaT (1891)
2021-11-01 18:01:30.112,write _SPaT (1891)
2021-11-01 18:01:30.166,write _MAP (28563)
2021-11-01 18:01:30.264,write _SPaT (1891)
2021-11-01 18:01:30.291,write _SPaT (1891)
2021-11-01 18:01:30.608,write _RTCM (932)
2021-11-01 18:01:30.609,write _RSA (576)
2021-11-01 18:01:30.811,write _SPaT (1891)
2021-11-01 18:01:30.811,write _SPaT (1891)
2021-11-01 18:01:31.113,write _SPaT (1891)
2021-11-01 18:01:31.400,write _MAP (28563)
2021-11-01 18:01:31.400,write _SPaT (1891)
2021-11-01 18:01:31.400,write _SPaT (1891)
2021-11-01 18:01:31.558,write _RTCM (952)
2021-11-01 18:01:31.558,write _RSA (576)
2021-11-01 18:01:31.558,write _RSA (576)
2021-11-01 18:01:31.762,write _SPaT (1891)
2021-11-01 18:01:31.762,write _SPaT (1891)
2021-11-01 18:01:32.183,write _SPaT (1891)
2021-11-01 18:01:32.358,write _MAP (28563)
2021-11-01 18:01:32.358,write _SPaT (1891)
2021-11-01 18:01:32.488,write _RTCM (892)
2021-11-01 18:01:32.588,write _RSA (576)
2021-11-01 18:01:32.588,write _RSA (576)
2021-11-01 18:01:32.660,write _SPaT (1891)
2021-11-01 18:01:32.779,write _SPaT (1891)
2021-11-01 18:01:32.997,write _SPaT (1891)
2021-11-01 18:01:33.128,write _SPaT (1891)
2021-11-01 18:01:33.165,write _MAP (28563)
2021-11-01 18:01:33.296,write _SPaT (1891)
2021-11-01 18:01:33.526,write _RTCM (892)
2021-11-01 18:01:33.537,write _RSA (576)
2021-11-01 18:01:33.615,write _RSA (576)
2021-11-01 18:01:33.660,write _SPaT (1891)
2021-11-01 18:01:33.764,write _SPaT (1891)
2021-11-01 18:01:33.956,write _SPaT (1891)
2021-11-01 18:01:34.135,write _SPaT (1891)
2021-11-01 18:01:34.597,write _MAP (28563)
2021-11-01 18:01:34.597,write _SPaT (1891)
2021-11-01 18:01:34.622,write _RTCM (892)
2021-11-01 18:01:34.622,write _RSA (576)
2021-11-01 18:01:34.623,write _RSA (576)
2021-11-01 18:01:34.868,write _SPaT (1891)
2021-11-01 18:01:34.868,write _SPaT (1891)
2021-11-01 18:01:35.135,write _MAP (28563)
2021-11-01 18:01:35.220,write _SPaT (1892)
2021-11-01 18:01:35.235,write _SPaT (1892)
2021-11-01 18:01:35.592,write _RTCM (214)
2021-11-01 18:01:35.592,write _RSA (576)
2021-11-01 18:01:35.592,write _RSA (576)
2021-11-01 18:01:35.649,write _SPaT (1892)
2021-11-01 18:01:35.767,write _SPaT (1892)
2021-11-01 18:01:35.767,write _SPaT (1892)
2021-11-01 18:01:36.516,write _MAP (28563)
2021-11-01 18:01:36.517,write _SPaT (1892)
2021-11-01 18:01:36.517,write _SPaT (1892)
2021-11-01 18:01:36.542,write _RTCM (1122)
2021-11-01 18:01:36.574,write _RSA (576)
2021-11-01 18:01:36.574,write _RSA (576)
2021-11-01 18:01:36.646,write _SPaT (1892)
2021-11-01 18:01:36.743,write _SPaT (1892)
2021-11-01 18:01:36.766,write _SPaT (1892)
2021-11-01 18:01:37.161,write _MAP (28563)
2021-11-01 18:01:37.234,write _SPaT (1892)
2021-11-01 18:01:37.234,write _SPaT (1892)
2021-11-01 18:01:37.486,write _RTCM (892)
2021-11-01 18:01:37.577,write _RSA (576)
2021-11-01 18:01:37.577,write _RSA (576)
2021-11-01 18:01:37.682,write _SPaT (1892)
2021-11-01 18:01:37.758,write _SPaT (1892)
2021-11-01 18:01:37.819,write _SPaT (1892)
2021-11-01 18:01:38.129,write _MAP (28563)
2021-11-01 18:01:38.259,write _SPaT (1892)
2021-11-01 18:01:38.259,write _SPaT (1892)
2021-11-01 18:01:38.618,write _RTCM (892)
2021-11-01 18:01:38.618,write _RSA (576)
2021-11-01 18:01:38.625,write _SPaT (1892)
2021-11-01 18:01:38.632,write _RSA (576)
2021-11-01 18:01:38.755,write _SPaT (1892)
2021-11-01 18:01:38.803,write _SPaT (1892)
2021-11-01 18:01:39.256,write _SPaT (1892)
2021-11-01 18:01:39.286,write _SPaT (1892)
2021-11-01 18:01:39.331,write _MAP (28563)
2021-11-01 18:01:39.496,write _RTCM (892)
2021-11-01 18:01:39.599,write _RSA (576)
2021-11-01 18:01:39.599,write _RSA (576)
2021-11-01 18:01:39.660,write _SPaT (1892)
2021-11-01 18:01:39.763,write _SPaT (1892)
2021-11-01 18:01:39.778,write _SPaT (1892)
2021-11-01 18:01:40.355,write _MAP (28563)
2021-11-01 18:01:40.385,write _SPaT (1892)
2021-11-01 18:01:40.385,write _SPaT (1892)
2021-11-01 18:01:40.487,write _RTCM (892)
2021-11-01 18:01:40.565,write _RSA (576)
2021-11-01 18:01:40.590,write _RSA (576)
2021-11-01 18:01:40.631,write _SPaT (1892)
2021-11-01 18:01:40.772,write _SPaT (1892)
2021-11-01 18:01:40.827,write _SPaT (1892)
2021-11-01 18:01:41.135,write _MAP (28563)
2021-11-01 18:01:41.268,write _SPaT (1892)
2021-11-01 18:01:41.269,write _SPaT (1892)
2021-11-01 18:01:41.475,write _RTCM (950)
2021-11-01 18:01:41.579,write _RSA (576)
2021-11-01 18:01:41.633,write _RSA (576)
2021-11-01 18:01:41.633,write _SPaT (1892)
2021-11-01 18:01:41.782,write _SPaT (1892)
2021-11-01 18:01:41.814,write _SPaT (1892)
2021-11-01 18:01:42.274,write _MAP (28563)
2021-11-01 18:01:42.274,write _SPaT (1892)
2021-11-01 18:01:42.274,write _SPaT (1892)
2021-11-01 18:01:42.495,write _RTCM (890)
2021-11-01 18:01:42.582,write _RSA (576)
2021-11-01 18:01:42.627,write _RSA (576)
2021-11-01 18:01:42.726,write _SPaT (1892)
2021-11-01 18:01:42.726,write _SPaT (1892)
2021-11-01 18:01:43.100,write _SPaT (1892)
2021-11-01 18:01:43.235,write _MAP (47107)
2021-11-01 18:01:43.235,write _SPaT (2949)
2021-11-01 18:01:43.389,write _SPaT (2949)
2021-11-01 18:01:43.512,write _RTCM (930)
2021-11-01 18:01:43.585,write _SPaT (2949)
2021-11-01 18:01:43.873,write _RSA (576)
2021-11-01 18:01:43.873,write _RSA (576)
2021-11-01 18:01:43.910,write _SPaT (2949)
2021-11-01 18:01:43.963,write _SPaT (2949)
2021-11-01 18:01:44.193,write _MAP (47107)
2021-11-01 18:01:44.194,write _SPaT (2949)
2021-11-01 18:01:44.365,write _SPaT (2949)
2021-11-01 18:01:44.501,write _RTCM (930)
2021-11-01 18:01:44.603,write _SPaT (2949)
2021-11-01 18:01:44.838,write _RSA (576)
2021-11-01 18:01:44.839,write _RSA (576)
2021-11-01 18:01:44.841,write _SPaT (2949)
2021-11-01 18:01:45.018,write _SPaT (2949)
2021-11-01 18:01:45.153,write _MAP (47107)
2021-11-01 18:01:45.179,write _SPaT (2949)
2021-11-01 18:01:45.362,write _SPaT (2949)
2021-11-01 18:01:45.509,write _RTCM (172)
2021-11-01 18:01:45.569,write _SPaT (2949)
2021-11-01 18:01:45.576,write _RSA (576)
2021-11-01 18:01:45.622,write _RSA (576)
2021-11-01 18:01:45.646,write _RSA (793)
2021-11-01 18:04:43.568,write _MAP (24624)
2021-11-01 18:04:43.604,write _SPaT (1910)
2021-11-01 18:04:43.642,write _RTCM (891)
2021-11-01 18:04:43.900,write _SPaT (1910)
2021-11-01 18:04:43.902,write _SPaT (1910)
2021-11-01 18:04:44.196,write _SPaT (1910)
2021-11-01 18:04:44.312,write _SPaT (1910)
2021-11-01 18:04:44.580,write _MAP (28563)
2021-11-01 18:04:44.640,write _RTCM (891)
2021-11-01 18:04:44.679,write _SPaT (1899)
2021-11-01 18:04:44.679,write _SPaT (1899)
2021-11-01 18:04:45.185,write _SPaT (1899)
2021-11-01 18:04:45.274,write _SPaT (1899)
2021-11-01 18:04:45.274,write _SPaT (1899)
2021-11-01 18:04:45.594,write _MAP (28563)
2021-11-01 18:04:45.631,write _RTCM (173)
2021-11-01 18:04:45.702,write _SPaT (1899)
2021-11-01 18:04:45.703,write _SPaT (1899)
2021-11-01 18:04:45.864,write _RSA (576)
2021-11-01 18:04:46.058,write _SPaT (1899)
2021-11-01 18:04:46.219,write _SPaT (1897)
2021-11-01 18:04:46.219,write _SPaT (1897)
2021-11-01 18:04:46.536,write _MAP (28563)
2021-11-01 18:04:46.628,write _RTCM (1081)
2021-11-01 18:04:46.692,write _SPaT (1897)
2021-11-01 18:04:46.693,write _SPaT (1897)
2021-11-01 18:04:46.984,write _RSA (576)
2021-11-01 18:04:47.144,write _SPaT (1897)
2021-11-01 18:04:47.251,write _SPaT (1885)
2021-11-01 18:04:47.511,write _SPaT (1885)
2021-11-01 18:04:47.543,write _MAP (28563)
2021-11-01 18:04:47.644,write _RTCM (891)
2021-11-01 18:04:47.684,write _SPaT (1885)
2021-11-01 18:04:47.685,write _SPaT (1885)
2021-11-01 18:04:48.065,write _SPaT (1885)
2021-11-01 18:04:48.237,write _SPaT (1885)
2021-11-01 18:04:48.266,write _SPaT (1885)
2021-11-01 18:04:48.535,write _MAP (28563)
2021-11-01 18:04:48.699,write _SPaT (1885)
2021-11-01 18:04:48.700,write _SPaT (1885)
2021-11-01 18:04:48.843,write _RTCM (891)
2021-11-01 18:04:49.084,write _SPaT (1885)
2021-11-01 18:04:49.294,write _SPaT (1883)
2021-11-01 18:04:49.432,write _SPaT (1883)
2021-11-01 18:04:49.551,write _MAP (28563)
2021-11-01 18:04:49.641,write _RTCM (891)
2021-11-01 18:04:49.746,write _SPaT (1883)
2021-11-01 18:04:49.747,write _SPaT (1883)
2021-11-01 18:04:49.872,write _RSA (576)
2021-11-01 18:04:50.058,write _SPaT (1879)
2021-11-01 18:04:50.223,write _SPaT (1879)
2021-11-01 18:04:50.258,write _SPaT (1879)
2021-11-01 18:04:50.714,write _MAP (28563)
2021-11-01 18:04:50.726,write _RTCM (891)
2021-11-01 18:04:50.726,write _SPaT (1879)
2021-11-01 18:04:50.727,write _SPaT (1879)
2021-11-01 18:04:50.870,write _RSA (576)
2021-11-01 18:04:51.163,write _SPaT (1879)
2021-11-01 18:04:51.351,write _SPaT (1879)
2021-11-01 18:04:51.530,write _MAP (28563)
2021-11-01 18:04:51.584,write _SPaT (1879)
2021-11-01 18:04:51.670,write _RTCM (951)
2021-11-01 18:04:51.735,write _SPaT (1879)
2021-11-01 18:04:51.735,write _SPaT (1879)
2021-11-01 18:04:51.914,write _RSA (576)
2021-11-01 18:04:52.076,write _SPaT (1879)
2021-11-01 18:04:52.250,write _SPaT (1878)
2021-11-01 18:04:52.265,write _SPaT (1878)
2021-11-01 18:04:52.545,write _MAP (28563)
2021-11-01 18:04:52.653,write _RTCM (891)
2021-11-01 18:04:52.752,write _SPaT (1878)
2021-11-01 18:04:52.986,write _SPaT (1878)
2021-11-01 18:04:52.987,write _RSA (576)
2021-11-01 18:04:53.246,write _SPaT (1891)
2021-11-01 18:04:53.247,write _SPaT (1891)
2021-11-01 18:04:53.597,write _MAP (28563)
2021-11-01 18:04:53.647,write _SPaT (1891)
2021-11-01 18:04:53.686,write _RTCM (891)
2021-11-01 18:04:53.797,write _SPaT (1891)
2021-11-01 18:04:53.834,write _SPaT (1891)
2021-11-01 18:04:53.991,write _RSA (576)
2021-11-01 18:04:54.278,write _SPaT (1891)
2021-11-01 18:04:54.306,write _SPaT (1891)
2021-11-01 18:04:54.600,write _MAP (28563)
2021-11-01 18:04:54.661,write _SPaT (1891)
2021-11-01 18:04:54.728,write _RTCM (891)
2021-11-01 18:04:54.854,write _SPaT (1891)
2021-11-01 18:04:54.899,write _SPaT (1891)
2021-11-01 18:04:55.033,write _RSA (576)
2021-11-01 18:04:55.282,write _SPaT (1891)
2021-11-01 18:04:55.292,write _SPaT (1891)
2021-11-01 18:04:55.620,write _MAP (28563)
2021-11-01 18:04:55.679,write _SPaT (1891)
2021-11-01 18:04:55.744,write _RTCM (173)
2021-11-01 18:04:55.884,write _SPaT (1891)
2021-11-01 18:04:55.884,write _SPaT (1891)
2021-11-01 18:04:56.043,write _RSA (576)
2021-11-01 18:04:56.330,write _SPaT (1891)
2021-11-01 18:04:56.331,write _SPaT (1891)
2021-11-01 18:04:56.550,write _MAP (28563)
2021-11-01 18:04:56.707,write _SPaT (1891)
2021-11-01 18:04:56.927,write _RTCM (1081)
2021-11-01 18:04:57.059,write _SPaT (1891)
2021-11-01 18:04:57.059,write _SPaT (1891)
2021-11-01 18:04:57.340,write _RSA (576)
2021-11-01 18:04:57.362,write _SPaT (1891)
2021-11-01 18:04:57.362,write _SPaT (1891)
2021-11-01 18:04:57.658,write _MAP (28563)
2021-11-01 18:04:57.726,write _SPaT (1891)
2021-11-01 18:04:57.785,write _RTCM (891)
2021-11-01 18:04:57.896,write _SPaT (1891)
2021-11-01 18:04:57.914,write _SPaT (1891)
2021-11-01 18:04:58.122,write _RSA (576)
2021-11-01 18:04:58.556,write _SPaT (1891)
2021-11-01 18:04:58.556,write _SPaT (1891)
2021-11-01 18:04:58.567,write _MAP (28563)
2021-11-01 18:04:58.751,write _SPaT (1891)
2021-11-01 18:04:58.828,write _RTCM (891)
2021-11-01 18:04:58.944,write _SPaT (1891)
2021-11-01 18:04:58.944,write _SPaT (1891)
2021-11-01 18:04:59.138,write _RSA (576)
2021-11-01 18:04:59.378,write _SPaT (1891)
2021-11-01 18:04:59.378,write _SPaT (1891)
2021-11-01 18:04:59.534,write _MAP (28563)
2021-11-01 18:04:59.830,write _RTCM (891)
2021-11-01 18:04:59.838,write _SPaT (1891)
2021-11-01 18:04:59.855,write _SPaT (1891)
2021-11-01 18:04:59.999,write _SPaT (1891)
2021-11-01 18:05:00.369,write _RSA (573)
2021-11-01 18:05:00.412,write _SPaT (1888)
2021-11-01 18:05:00.504,write _SPaT (1889)
2021-11-01 18:05:00.555,write _MAP (28563)
2021-11-01 18:05:00.780,write _SPaT (1889)
2021-11-01 18:05:00.837,write _RTCM (891)
2021-11-01 18:05:00.917,write _SPaT (1889)
2021-11-01 18:05:00.940,write _SPaT (1889)
2021-11-01 18:05:01.224,write _RSA (575)
2021-11-01 18:05:01.398,write _SPaT (1890)
2021-11-01 18:05:01.479,write _SPaT (1890)
2021-11-01 18:05:01.582,write _MAP (28563)
2021-11-01 18:05:01.841,write _SPaT (1890)
2021-11-01 18:05:01.841,write _RTCM (951)
2021-11-01 18:05:01.917,write _SPaT (1890)
2021-11-01 18:05:01.988,write _SPaT (1890)
2021-11-01 18:05:02.223,write _RSA (575)
2021-11-01 18:05:02.410,write _SPaT (1890)
2021-11-01 18:05:02.446,write _SPaT (1890)
2021-11-01 18:05:02.536,write _MAP (28563)
2021-11-01 18:05:02.801,write _SPaT (1890)
2021-11-01 18:05:03.092,write _RTCM (891)
2021-11-01 18:05:03.092,write _SPaT (1890)
2021-11-01 18:05:03.093,write _SPaT (1890)
2021-11-01 18:05:03.255,write _RSA (575)
2021-11-01 18:05:03.454,write _SPaT (1890)
2021-11-01 18:05:03.455,write _SPaT (1890)
2021-11-01 18:05:03.530,write _MAP (47107)
2021-11-01 18:05:03.543,write _SPaT (2961)
2021-11-01 18:05:03.775,write _SPaT (2961)
2021-11-01 18:05:03.892,write _RTCM (891)
2021-11-01 18:05:04.016,write _SPaT (2961)
2021-11-01 18:05:04.330,write _RSA (575)
2021-11-01 18:05:04.335,write _SPaT (2959)
2021-11-01 18:05:04.384,write _SPaT (2959)
2021-11-01 18:05:04.546,write _MAP (47107)
2021-11-01 18:05:04.553,write _SPaT (2959)
2021-11-01 18:05:04.772,write _SPaT (2959)
2021-11-01 18:05:04.875,write _RTCM (891)
2021-11-01 18:05:05.454,write _SPaT (2959)
2021-11-01 18:05:05.472,write _SPaT (2959)
2021-11-01 18:05:05.482,write _RSA (575)
2021-11-01 18:05:05.673,write _SPaT (2959)
2021-11-01 18:05:05.673,write _SPaT (2959)
2021-11-01 18:05:05.744,write _MAP (47107)
2021-11-01 18:05:05.777,write _SPaT (2959)
2021-11-01 18:05:05.872,write _RTCM (173)
2021-11-01 18:05:06.036,write _SPaT (2959)
2021-11-01 18:05:06.197,write _SPaT (2959)
2021-11-01 18:05:06.252,write _RSA (575)
2021-11-01 18:05:06.404,write _SPaT (2959)
2021-11-01 18:05:06.641,write _MAP (47107)
2021-11-01 18:05:06.660,write _SPaT (2959)
2021-11-01 18:05:06.803,write _SPaT (2959)
2021-11-01 18:05:06.891,write _RTCM (1081)
2021-11-01 18:05:07.108,write _SPaT (2959)
2021-11-01 18:05:07.412,write _RSA (575)
2021-11-01 18:05:07.421,write _SPaT (2959)
2021-11-01 18:05:07.501,write _SPaT (2959)
2021-11-01 18:05:07.607,write _MAP (47107)
2021-11-01 18:05:07.633,write _SPaT (2959)
2021-11-01 18:05:07.883,write _SPaT (2959)
2021-11-01 18:05:07.899,write _RTCM (891)
2021-11-01 18:05:08.026,write _SPaT (2959)
2021-11-01 18:05:08.278,write _SPaT (2959)
2021-11-01 18:05:08.295,write _RSA (575)
2021-11-01 18:05:08.569,write _SPaT (2959)
2021-11-01 18:05:08.650,write _SPaT (2959)
2021-11-01 18:05:08.667,write _MAP (47107)
2021-11-01 18:05:09.066,write _SPaT (2959)
2021-11-01 18:05:09.123,write _RTCM (891)
2021-11-01 18:05:09.182,write _SPaT (2959)
2021-11-01 18:05:09.316,write _RSA (575)
2021-11-01 18:05:09.532,write _SPaT (2959)
2021-11-01 18:05:09.532,write _SPaT (2959)
2021-11-01 18:05:09.753,write _MAP (28563)
2021-11-01 18:05:09.941,write _SPaT (1891)
2021-11-01 18:05:09.942,write _SPaT (1891)
2021-11-01 18:05:10.161,write _RTCM (891)
2021-11-01 18:05:10.470,write _SPaT (1891)
2021-11-01 18:05:10.510,write _SPaT (1892)
2021-11-01 18:05:10.510,write _SPaT (1892)
2021-11-01 18:05:10.548,write _MAP (47107)
2021-11-01 18:05:10.688,write _SPaT (2960)
2021-11-01 18:05:10.905,write _RTCM (891)
2021-11-01 18:05:11.188,write _SPaT (2960)
2021-11-01 18:05:11.256,write _SPaT (2960)
2021-11-01 18:05:11.328,write _RSA (576)
2021-11-01 18:05:11.461,write _SPaT (2960)
2021-11-01 18:05:11.529,write _SPaT (2960)
2021-11-01 18:05:11.538,write _MAP (47107)
2021-11-01 18:05:11.746,write _SPaT (2960)
2021-11-01 18:05:11.903,write _RTCM (951)
2021-11-01 18:05:11.942,write _SPaT (2960)
2021-11-01 18:05:12.193,write _SPaT (2960)
2021-11-01 18:05:12.494,write _RSA (576)
2021-11-01 18:05:12.507,write _SPaT (2960)
2021-11-01 18:05:12.744,write _SPaT (2960)
2021-11-01 18:05:12.747,write _MAP (47107)
2021-11-01 18:05:12.855,write _SPaT (2960)
2021-11-01 18:05:12.937,write _SPaT (2960)
2021-11-01 18:05:13.134,write _RTCM (891)
2021-11-01 18:05:13.175,write _SPaT (2958)
2021-11-01 18:05:13.340,write _RSA (576)
2021-11-01 18:05:13.567,write _SPaT (2958)
2021-11-01 18:05:13.583,write _SPaT (2958)
2021-11-01 18:05:13.711,write _MAP (47107)
2021-11-01 18:05:13.823,write _SPaT (2958)
2021-11-01 18:05:13.918,write _RTCM (891)
2021-11-01 18:05:14.027,write _SPaT (2958)
2021-11-01 18:05:14.135,write _SPaT (2942)
2021-11-01 18:05:14.358,write _SPaT (2942)
2021-11-01 18:05:14.378,write _RSA (576)
2021-11-01 18:05:14.669,write _SPaT (2942)
2021-11-01 18:05:14.672,write _MAP (47107)
2021-11-01 18:05:14.785,write _SPaT (2942)
2021-11-01 18:05:14.928,write _RTCM (891)
2021-11-01 18:05:14.992,write _SPaT (2942)
2021-11-01 18:05:15.187,write _SPaT (2942)
2021-11-01 18:05:15.359,write _RSA (576)
2021-11-01 18:05:15.373,write _SPaT (2942)
2021-11-01 18:05:15.551,write _MAP (47107)
2021-11-01 18:05:15.555,write _SPaT (2942)
2021-11-01 18:05:15.786,write _SPaT (2942)
2021-11-01 18:05:15.928,write _RTCM (173)
2021-11-01 18:05:16.008,write _SPaT (2942)
2021-11-01 18:05:16.215,write _SPaT (2942)
2021-11-01 18:05:16.366,write _RSA (576)
2021-11-01 18:05:16.391,write _SPaT (2942)
2021-11-01 18:05:16.593,write _MAP (28563)
2021-11-01 18:05:16.900,write _SPaT (1889)
2021-11-01 18:05:17.168,write _RTCM (1081)
2021-11-01 18:05:17.203,write _SPaT (1889)
2021-11-01 18:05:17.203,write _SPaT (1889)
2021-11-01 18:05:17.512,write _SPaT (1889)
2021-11-01 18:05:17.554,write _SPaT (1889)
2021-11-01 18:05:17.733,write _MAP (28563)
2021-11-01 18:05:17.862,write _SPaT (1889)
2021-11-01 18:05:17.924,write _RTCM (891)
2021-11-01 18:05:17.995,write _SPaT (1889)
2021-11-01 18:05:18.039,write _SPaT (1889)
2021-11-01 18:05:18.473,write _SPaT (1889)
2021-11-01 18:05:18.515,write _SPaT (1889)
2021-11-01 18:05:18.557,write _MAP (28563)
