2021-11-01 17:45:45.140,read _RTCM
2021-11-01 17:45:46.112,read _RTCM
2021-11-01 17:45:47.150,read _RTCM
2021-11-01 17:45:48.158,read _RTCM
2021-11-01 17:45:49.128,read _RTCM
2021-11-01 17:45:50.135,read _RTCM
2021-11-01 17:45:51.133,read _RTCM
2021-11-01 17:45:52.126,read _RTCM
2021-11-01 17:45:53.139,read _RTCM
2021-11-01 17:45:54.128,read _RTCM
2021-11-01 17:45:54.538,read _MAP(ITST ID:23185)
2021-11-01 17:45:54.685,read _SPaT(ITST ID:23185 Sangam MBC SUB) 80
2021-11-01 17:45:54.864,read _SPaT(ITST ID:23185 Sangam MBC SUB) 80
2021-11-01 17:45:55.230,read _SPaT(ITST ID:23185 Sangam MBC SUB) 80
2021-11-01 17:45:55.231,read _RTCM
2021-11-01 17:45:56.137,read _RTCM
2021-11-01 17:45:57.160,read _RTCM
2021-11-01 17:45:58.146,read _RTCM
2021-11-01 17:45:59.157,read _RTCM
2021-11-01 17:46:00.284,read _RTCM
2021-11-01 17:46:01.140,read _RTCM
2021-11-01 17:46:02.151,read _RTCM
2021-11-01 17:46:03.162,read _RTCM
2021-11-01 17:46:04.155,read _RTCM
2021-11-01 17:46:05.156,read _RTCM
2021-11-01 17:46:06.164,read _RTCM
2021-11-01 17:46:07.248,read _RTCM
2021-11-01 17:46:11.175,read _RTCM
2021-11-01 17:46:12.190,read _RTCM
2021-11-01 17:46:13.187,read _RTCM
2021-11-01 17:46:14.173,read _RTCM
2021-11-01 17:46:15.169,read _RTCM
2021-11-01 17:46:16.368,read _RTCM
2021-11-01 17:46:17.331,read _RTCM
2021-11-01 17:46:18.178,read _RTCM
2021-11-01 17:46:19.170,read _RTCM
2021-11-01 17:46:20.177,read _RTCM
2021-11-01 17:46:21.282,read _RTCM
2021-11-01 17:46:22.180,read _RTCM
2021-11-01 17:46:43.235,read _RTCM
2021-11-01 17:46:44.114,read _RTCM
2021-11-01 17:46:45.120,read _RTCM
2021-11-01 17:46:45.738,read _MAP(ITST ID:3608)
2021-11-01 17:46:45.739,read _TIM(FID:01 FF )
2021-11-01 17:46:45.806,read _SPaT(ITST ID:3608 World Cup Park 2 Complex) 70
2021-11-01 17:46:46.004,read _SPaT(ITST ID:3608 World Cup Park 2 Complex) 70
2021-11-01 17:46:46.111,read _RTCM
2021-11-01 17:46:46.235,read _SPaT(ITST ID:3608 World Cup Park 2 Complex) 70
2021-11-01 17:46:46.251,read _RSA(FID:4C FF )
2021-11-01 17:46:46.429,read _SPaT(ITST ID:3608 World Cup Park 2 Complex) 70
2021-11-01 17:46:46.671,read _SPaT(ITST ID:3608 World Cup Park 2 Complex) 70
2021-11-01 17:46:46.672,read _TIM(FID:01 FF )
2021-11-01 17:46:46.692,read _MAP(ITST ID:3608)
2021-11-01 17:46:46.798,read _SPaT(ITST ID:3608 World Cup Park 2 Complex) 70
2021-11-01 17:46:47.005,read _SPaT(ITST ID:3608 World Cup Park 2 Complex) 70
2021-11-01 17:46:47.116,read _RTCM
2021-11-01 17:46:47.247,read _SPaT(ITST ID:3608 World Cup Park 2 Complex) 70
2021-11-01 17:46:47.674,read _RSA(FID:4C FF )
2021-11-01 17:46:47.676,read _SPaT(ITST ID:3608 World Cup Park 2 Complex) 70
2021-11-01 17:46:47.676,read _SPaT(ITST ID:3608 World Cup Park 2 Complex) 70
2021-11-01 17:46:47.682,read _MAP(ITST ID:3608)
2021-11-01 17:46:47.683,read _TIM(FID:01 FF )
2021-11-01 17:46:47.844,read _SPaT(ITST ID:3608 World Cup Park 2 Complex) 70
2021-11-01 17:46:48.028,read _SPaT(ITST ID:3608 World Cup Park 2 Complex) 70
2021-11-01 17:46:48.093,read _RTCM
2021-11-01 17:46:48.196,read _RSA(FID:4C FF )
2021-11-01 17:46:48.239,read _SPaT(ITST ID:3608 World Cup Park 2 Complex) 70
2021-11-01 17:46:48.419,read _SPaT(ITST ID:3608 World Cup Park 2 Complex) 70
2021-11-01 17:46:48.629,read _SPaT(ITST ID:3608 World Cup Park 2 Complex) 70
2021-11-01 17:46:48.629,read _TIM(FID:01 FF )
2021-11-01 17:46:48.689,read _MAP(ITST ID:3608)
2021-11-01 17:46:48.808,read _SPaT(ITST ID:3608 World Cup Park 2 Complex) 70
2021-11-01 17:46:49.016,read _SPaT(ITST ID:3608 World Cup Park 2 Complex) 70
2021-11-01 17:46:49.106,read _RTCM
2021-11-01 17:46:49.226,read _RSA(FID:4C FF )
2021-11-01 17:46:49.267,read _SPaT(ITST ID:3608 World Cup Park 2 Complex) 70
2021-11-01 17:46:49.458,read _SPaT(ITST ID:3608 World Cup Park 2 Complex) 70
2021-11-01 17:46:49.630,read _TIM(FID:01 FF )
2021-11-01 17:46:49.649,read _SPaT(ITST ID:3608 World Cup Park 2 Complex) 70
2021-11-01 17:46:49.822,read _SPaT(ITST ID:3608 World Cup Park 2 Complex) 70
2021-11-01 17:46:50.043,read _SPaT(ITST ID:3608 World Cup Park 2 Complex) 70
2021-11-01 17:46:50.084,read _RTCM
2021-11-01 17:48:18.152,read _RTCM
2021-11-01 17:48:19.073,read _RTCM
2021-11-01 17:48:20.057,read _RTCM
2021-11-01 17:48:20.687,read _MAP(ITST ID:3608)
2021-11-01 17:48:20.764,read _SPaT(ITST ID:3608 World Cup Park 2 Complex) 70
2021-11-01 17:48:20.946,read _SPaT(ITST ID:3608 World Cup Park 2 Complex) 70
2021-11-01 17:48:21.072,read _RTCM
2021-11-01 17:48:21.128,read _RSA(FID:02 FF )
2021-11-01 17:48:21.184,read _SPaT(ITST ID:3608 World Cup Park 2 Complex) 70
2021-11-01 17:48:21.349,read _SPaT(ITST ID:3608 World Cup Park 2 Complex) 70
2021-11-01 17:48:21.634,read _TIM(FID:01 FF )
2021-11-01 17:48:21.638,read _MAP(ITST ID:3608)
2021-11-01 17:48:21.639,read _SPaT(ITST ID:3608 World Cup Park 2 Complex) 70
2021-11-01 17:48:21.750,read _SPaT(ITST ID:3608 World Cup Park 2 Complex) 70
2021-11-01 17:48:21.947,read _SPaT(ITST ID:3608 World Cup Park 2 Complex) 70
2021-11-01 17:48:22.063,read _RTCM
2021-11-01 17:48:22.205,read _SPaT(ITST ID:3608 World Cup Park 2 Complex) 70
2021-11-01 17:48:22.360,read _SPaT(ITST ID:3608 World Cup Park 2 Complex) 70
2021-11-01 17:48:22.528,read _TIM(FID:01 FF )
2021-11-01 17:48:22.558,read _SPaT(ITST ID:3608 World Cup Park 2 Complex) 70
2021-11-01 17:48:22.590,read _MAP(ITST ID:3608)
2021-11-01 17:48:22.754,read _SPaT(ITST ID:3608 World Cup Park 2 Complex) 70
2021-11-01 17:48:22.842,read _RSA(FID:02 FF )
2021-11-01 17:48:22.965,read _SPaT(ITST ID:3608 World Cup Park 2 Complex) 70
2021-11-01 17:48:23.079,read _RTCM
2021-11-01 17:48:23.191,read _SPaT(ITST ID:3608 World Cup Park 2 Complex) 70
2021-11-01 17:48:23.360,read _SPaT(ITST ID:3608 World Cup Park 2 Complex) 70
2021-11-01 17:48:23.536,read _MAP(ITST ID:3608)
2021-11-01 17:48:23.547,read _TIM(FID:01 FF )
2021-11-01 17:48:23.557,read _SPaT(ITST ID:3608 World Cup Park 2 Complex) 70
2021-11-01 17:48:23.771,read _SPaT(ITST ID:3608 World Cup Park 2 Complex) 70
2021-11-01 17:48:23.840,read _RSA(FID:02 FF )
2021-11-01 17:48:23.976,read _SPaT(ITST ID:3608 World Cup Park 2 Complex) 70
2021-11-01 17:48:24.173,read _RTCM
2021-11-01 17:48:24.258,read _SPaT(ITST ID:3608 World Cup Park 2 Complex) 70
2021-11-01 17:48:24.429,read _MAP(ITST ID:3608)
2021-11-01 17:48:24.539,read _SPaT(ITST ID:3608 World Cup Park 2 Complex) 70
2021-11-01 17:48:24.540,read _TIM(FID:01 FF )
2021-11-01 17:48:24.632,read _SPaT(ITST ID:3608 World Cup Park 2 Complex) 70
2021-11-01 17:48:24.837,read _RSA(FID:02 FF )
2021-11-01 17:48:24.953,read _SPaT(ITST ID:3608 World Cup Park 2 Complex) 70
2021-11-01 17:48:25.016,read _SPaT(ITST ID:3608 World Cup Park 2 Complex) 70
2021-11-01 17:48:25.060,read _RTCM
2021-11-01 17:48:25.234,read _SPaT(ITST ID:3608 World Cup Park 2 Complex) 70
2021-11-01 17:48:25.453,read _SPaT(ITST ID:3608 World Cup Park 2 Complex) 70
2021-11-01 17:48:25.456,read _MAP(ITST ID:3608)
2021-11-01 17:48:25.552,read _TIM(FID:01 FF )
2021-11-01 17:48:25.581,read _SPaT(ITST ID:3608 World Cup Park 2 Complex) 70
2021-11-01 17:48:25.799,read _SPaT(ITST ID:3608 World Cup Park 2 Complex) 70
2021-11-01 17:48:25.875,read _RSA(FID:02 FF )
2021-11-01 17:48:26.004,read _SPaT(ITST ID:3608 World Cup Park 2 Complex) 70
2021-11-01 17:48:26.076,read _RTCM
2021-11-01 17:48:26.434,read _SPaT(ITST ID:3608 World Cup Park 2 Complex) 70
2021-11-01 17:48:26.736,read _MAP(ITST ID:3608)
2021-11-01 17:48:26.737,read _SPaT(ITST ID:3608 World Cup Park 2 Complex) 70
2021-11-01 17:48:26.737,read _TIM(FID:01 FF )
2021-11-01 17:48:26.738,read _SPaT(ITST ID:3608 World Cup Park 2 Complex) 70
2021-11-01 17:48:26.820,read _SPaT(ITST ID:3608 World Cup Park 2 Complex) 70
2021-11-01 17:48:27.018,read _SPaT(ITST ID:3608 World Cup Park 2 Complex) 70
2021-11-01 17:48:27.058,read _RTCM
2021-11-01 17:48:27.373,read _SPaT(ITST ID:3608 World Cup Park 2 Complex) 70
2021-11-01 17:48:27.416,read _SPaT(ITST ID:3608 World Cup Park 2 Complex) 70
2021-11-01 17:48:27.475,read _TIM(FID:01 FF )
2021-11-01 17:48:27.519,read _MAP(ITST ID:3608)
2021-11-01 17:48:27.885,read _SPaT(ITST ID:3608 World Cup Park 2 Complex) 70
2021-11-01 17:48:27.903,read _SPaT(ITST ID:3608 World Cup Park 2 Complex) 70
2021-11-01 17:48:28.018,read _SPaT(ITST ID:3608 World Cup Park 2 Complex) 70
2021-11-01 17:48:28.057,read _RTCM
2021-11-01 17:48:28.235,read _SPaT(ITST ID:3608 World Cup Park 2 Complex) 70
2021-11-01 17:48:28.445,read _SPaT(ITST ID:3608 World Cup Park 2 Complex) 70
2021-11-01 17:48:28.654,read _MAP(ITST ID:3608)
2021-11-01 17:48:28.654,read _SPaT(ITST ID:3608 World Cup Park 2 Complex) 70
2021-11-01 17:48:28.663,read _TIM(FID:01 FF )
2021-11-01 17:48:28.817,read _SPaT(ITST ID:3608 World Cup Park 2 Complex) 70
2021-11-01 17:48:29.014,read _SPaT(ITST ID:3608 World Cup Park 2 Complex) 70
2021-11-01 17:48:29.188,read _RTCM
2021-11-01 17:48:29.249,read _SPaT(ITST ID:3608 World Cup Park 2 Complex) 70
2021-11-01 17:48:29.612,read _MAP(ITST ID:3608)
2021-11-01 17:48:29.612,read _SPaT(ITST ID:3608 World Cup Park 2 Complex) 70
2021-11-01 17:48:29.647,read _SPaT(ITST ID:3608 World Cup Park 2 Complex) 70
2021-11-01 17:48:29.647,read _TIM(FID:01 FF )
2021-11-01 17:48:29.859,read _SPaT(ITST ID:3608 World Cup Park 2 Complex) 70
2021-11-01 17:48:30.063,read _RTCM
2021-11-01 17:48:30.108,read _SPaT(ITST ID:3608 World Cup Park 2 Complex) 70
2021-11-01 17:48:30.304,read _SPaT(ITST ID:3608 World Cup Park 2 Complex) 70
2021-11-01 17:48:30.442,read _MAP(ITST ID:3608)
2021-11-01 17:48:30.477,read _SPaT(ITST ID:3608 World Cup Park 2 Complex) 70
2021-11-01 17:48:30.487,read _TIM(FID:01 FF )
2021-11-01 17:48:30.897,read _SPaT(ITST ID:3608 World Cup Park 2 Complex) 70
2021-11-01 17:48:30.912,read _SPaT(ITST ID:3608 World Cup Park 2 Complex) 70
2021-11-01 17:48:31.051,read _RTCM
2021-11-01 17:48:31.104,read _SPaT(ITST ID:3608 World Cup Park 2 Complex) 70
2021-11-01 17:48:31.315,read _SPaT(ITST ID:3608 World Cup Park 2 Complex) 70
2021-11-01 17:48:31.424,read _MAP(ITST ID:3608)
2021-11-01 17:48:31.506,read _SPaT(ITST ID:3608 World Cup Park 2 Complex) 70
2021-11-01 17:48:31.537,read _TIM(FID:01 FF )
2021-11-01 17:48:31.663,read _SPaT(ITST ID:3608 World Cup Park 2 Complex) 70
2021-11-01 17:48:31.859,read _SPaT(ITST ID:3608 World Cup Park 2 Complex) 70
2021-11-01 17:48:32.060,read _RTCM
2021-11-01 17:48:32.110,read _SPaT(ITST ID:3608 World Cup Park 2 Complex) 70
2021-11-01 17:48:32.489,read _SPaT(ITST ID:3608 World Cup Park 2 Complex) 70
2021-11-01 17:48:32.514,read _MAP(ITST ID:3608)
2021-11-01 17:48:32.519,read _SPaT(ITST ID:3608 World Cup Park 2 Complex) 70
2021-11-01 17:48:32.526,read _TIM(FID:01 FF )
2021-11-01 17:48:32.664,read _SPaT(ITST ID:3608 World Cup Park 2 Complex) 70
2021-11-01 17:48:32.864,read _SPaT(ITST ID:3608 World Cup Park 2 Complex) 70
2021-11-01 17:48:33.057,read _RTCM
2021-11-01 17:48:33.099,read _SPaT(ITST ID:3608 World Cup Park 2 Complex) 70
2021-11-01 17:48:33.360,read _SPaT(ITST ID:3608 World Cup Park 2 Complex) 70
2021-11-01 17:48:33.482,read _SPaT(ITST ID:3608 World Cup Park 2 Complex) 70
2021-11-01 17:48:33.512,read _MAP(ITST ID:3608)
2021-11-01 17:48:33.673,read _SPaT(ITST ID:3608 World Cup Park 2 Complex) 70
2021-11-01 17:48:33.875,read _SPaT(ITST ID:3608 World Cup Park 2 Complex) 70
2021-11-01 17:48:34.061,read _RTCM
2021-11-01 17:48:34.218,read _SPaT(ITST ID:3608 World Cup Park 2 Complex) 70
2021-11-01 17:48:34.323,read _SPaT(ITST ID:3608 World Cup Park 2 Complex) 70
2021-11-01 17:48:34.729,read _MAP(ITST ID:3608)
2021-11-01 17:48:34.730,read _TIM(FID:01 FF )
2021-11-01 17:48:34.730,read _SPaT(ITST ID:3608 World Cup Park 2 Complex) 70
2021-11-01 17:48:34.750,read _RSA(FID:02 FF )
2021-11-01 17:48:34.751,read _SPaT(ITST ID:3608 World Cup Park 2 Complex) 70
2021-11-01 17:48:34.760,read _RSA(FID:02 FF )
2021-11-01 17:48:34.760,read _RSA(FID:02 FF )
2021-11-01 17:48:34.916,read _SPaT(ITST ID:3608 World Cup Park 2 Complex) 70
2021-11-01 17:48:35.051,read _RTCM
2021-11-01 17:48:35.390,read _MAP(ITST ID:2231)
2021-11-01 17:48:35.585,read _SPaT(ITST ID:2231 World Cup Park 207 dong) 70
2021-11-01 17:48:35.748,read _SPaT(ITST ID:2231 World Cup Park 207 dong) 70
2021-11-01 17:48:35.953,read _SPaT(ITST ID:2231 World Cup Park 207 dong) 70
2021-11-01 17:48:36.045,read _RTCM
2021-11-01 17:48:36.174,read _SPaT(ITST ID:2231 World Cup Park 207 dong) 70
2021-11-01 17:48:36.359,read _SPaT(ITST ID:2231 World Cup Park 207 dong) 70
2021-11-01 17:48:36.646,read _MAP(ITST ID:2231)
2021-11-01 17:48:36.646,read _SPaT(ITST ID:2231 World Cup Park 207 dong) 70
2021-11-01 17:48:36.757,read _SPaT(ITST ID:2231 World Cup Park 207 dong) 70
2021-11-01 17:48:36.987,read _SPaT(ITST ID:2231 World Cup Park 207 dong) 70
2021-11-01 17:48:37.057,read _RTCM
2021-11-01 17:48:37.308,read _SPaT(ITST ID:2231 World Cup Park 207 dong) 70
2021-11-01 17:48:37.390,read _SPaT(ITST ID:2231 World Cup Park 207 dong) 70
2021-11-01 17:48:37.543,read _MAP(ITST ID:2231)
2021-11-01 17:48:37.826,read _SPaT(ITST ID:2231 World Cup Park 207 dong) 70
2021-11-01 17:48:37.863,read _SPaT(ITST ID:2231 World Cup Park 207 dong) 70
2021-11-01 17:48:37.999,read _SPaT(ITST ID:2231 World Cup Park 207 dong) 70
2021-11-01 17:48:38.244,read _RTCM
2021-11-01 17:48:38.245,read _SPaT(ITST ID:2231 World Cup Park 207 dong) 70
2021-11-01 17:48:38.529,read _MAP(ITST ID:2231)
2021-11-01 17:48:38.539,read _SPaT(ITST ID:2231 World Cup Park 207 dong) 70
2021-11-01 17:48:38.604,read _SPaT(ITST ID:2231 World Cup Park 207 dong) 70
2021-11-01 17:48:38.781,read _SPaT(ITST ID:2231 World Cup Park 207 dong) 70
2021-11-01 17:48:38.983,read _SPaT(ITST ID:2231 World Cup Park 207 dong) 70
2021-11-01 17:48:39.204,read _RTCM
2021-11-01 17:48:39.440,read _SPaT(ITST ID:2231 World Cup Park 207 dong) 70
2021-11-01 17:48:39.514,read _MAP(ITST ID:2231)
2021-11-01 17:48:39.516,read _SPaT(ITST ID:2231 World Cup Park 207 dong) 70
2021-11-01 17:48:39.605,read _SPaT(ITST ID:2231 World Cup Park 207 dong) 70
2021-11-01 17:48:39.843,read _SPaT(ITST ID:2231 World Cup Park 207 dong) 70
2021-11-01 17:48:39.995,read _SPaT(ITST ID:2231 World Cup Park 207 dong) 70
2021-11-01 17:48:40.050,read _RTCM
2021-11-01 17:48:40.249,read _SPaT(ITST ID:2231 World Cup Park 207 dong) 70
2021-11-01 17:48:40.483,read _SPaT(ITST ID:2231 World Cup Park 207 dong) 70
2021-11-01 17:48:40.485,read _MAP(ITST ID:2231)
2021-11-01 17:48:40.598,read _SPaT(ITST ID:2231 World Cup Park 207 dong) 70
2021-11-01 17:48:40.820,read _SPaT(ITST ID:2231 World Cup Park 207 dong) 70
2021-11-01 17:48:41.006,read _SPaT(ITST ID:2231 World Cup Park 207 dong) 70
2021-11-01 17:48:41.039,read _RTCM
2021-11-01 17:48:41.263,read _SPaT(ITST ID:2231 World Cup Park 207 dong) 70
2021-11-01 17:48:41.442,read _SPaT(ITST ID:2231 World Cup Park 207 dong) 70
2021-11-01 17:48:41.443,read _MAP(ITST ID:2231)
2021-11-01 17:48:41.663,read _SPaT(ITST ID:2231 World Cup Park 207 dong) 70
2021-11-01 17:48:41.831,read _SPaT(ITST ID:2231 World Cup Park 207 dong) 70
2021-11-01 17:48:42.082,read _RTCM
2021-11-01 17:48:42.082,read _SPaT(ITST ID:2231 World Cup Park 207 dong) 70
2021-11-01 17:48:42.294,read _SPaT(ITST ID:2231 World Cup Park 207 dong) 70
2021-11-01 17:48:42.405,read _MAP(ITST ID:2231)
2021-11-01 17:48:42.468,read _SPaT(ITST ID:2231 World Cup Park 207 dong) 70
2021-11-01 17:48:42.637,read _SPaT(ITST ID:2231 World Cup Park 207 dong) 70
2021-11-01 17:48:42.838,read _SPaT(ITST ID:2231 World Cup Park 207 dong) 70
2021-11-01 17:48:43.044,read _RTCM
2021-11-01 17:48:43.048,read _SPaT(ITST ID:2231 World Cup Park 207 dong) 70
2021-11-01 17:48:43.275,read _SPaT(ITST ID:2231 World Cup Park 207 dong) 70
2021-11-01 17:48:43.682,read _MAP(ITST ID:2231)
2021-11-01 17:48:43.683,read _SPaT(ITST ID:2231 World Cup Park 207 dong) 70
2021-11-01 17:48:43.683,read _SPaT(ITST ID:2231 World Cup Park 207 dong) 70
2021-11-01 17:48:43.844,read _SPaT(ITST ID:2231 World Cup Park 207 dong) 70
2021-11-01 17:48:44.041,read _RTCM
2021-11-01 17:48:44.092,read _SPaT(ITST ID:2231 World Cup Park 207 dong) 70
2021-11-01 17:48:44.258,read _SPaT(ITST ID:2231 World Cup Park 207 dong) 70
2021-11-01 17:48:44.641,read _MAP(ITST ID:2231)
2021-11-01 17:48:44.653,read _SPaT(ITST ID:2231 World Cup Park 207 dong) 70
2021-11-01 17:48:44.654,read _SPaT(ITST ID:2231 World Cup Park 207 dong) 70
2021-11-01 17:48:44.864,read _SPaT(ITST ID:2231 World Cup Park 207 dong) 70
2021-11-01 17:48:45.040,read _RTCM
2021-11-01 17:48:45.054,read _SPaT(ITST ID:2231 World Cup Park 207 dong) 70
2021-11-01 17:48:45.361,read _SPaT(ITST ID:2231 World Cup Park 207 dong) 70
2021-11-01 17:48:45.499,read _MAP(ITST ID:2231)
2021-11-01 17:48:45.500,read _SPaT(ITST ID:2231 World Cup Park 207 dong) 70
2021-11-01 17:48:45.654,read _SPaT(ITST ID:2231 World Cup Park 207 dong) 70
2021-11-01 17:48:45.879,read _SPaT(ITST ID:2231 World Cup Park 207 dong) 70
2021-11-01 17:48:46.046,read _RTCM
2021-11-01 17:48:46.087,read _SPaT(ITST ID:2231 World Cup Park 207 dong) 70
2021-11-01 17:48:46.270,read _SPaT(ITST ID:2231 World Cup Park 207 dong) 70
2021-11-01 17:48:46.560,read _MAP(ITST ID:2231)
2021-11-01 17:48:46.582,read _SPaT(ITST ID:2231 World Cup Park 207 dong) 70
2021-11-01 17:48:46.700,read _SPaT(ITST ID:2231 World Cup Park 207 dong) 70
2021-11-01 17:48:46.889,read _SPaT(ITST ID:2231 World Cup Park 207 dong) 70
2021-11-01 17:48:47.101,read _SPaT(ITST ID:2231 World Cup Park 207 dong) 70
2021-11-01 17:48:47.520,read _RTCM
2021-11-01 17:48:47.520,read _SPaT(ITST ID:2231 World Cup Park 207 dong) 70
2021-11-01 17:48:47.520,read _MAP(ITST ID:2231)
2021-11-01 17:48:47.628,read _SPaT(ITST ID:2231 World Cup Park 207 dong) 70
2021-11-01 17:48:47.702,read _SPaT(ITST ID:2231 World Cup Park 207 dong) 70
2021-11-01 17:48:47.913,read _SPaT(ITST ID:2231 World Cup Park 207 dong) 70
2021-11-01 17:48:48.158,read _RTCM
2021-11-01 17:48:48.159,read _SPaT(ITST ID:2231 World Cup Park 207 dong) 70
2021-11-01 17:48:48.311,read _SPaT(ITST ID:2231 World Cup Park 207 dong) 70
2021-11-01 17:48:48.389,read _MAP(ITST ID:2231)
2021-11-01 17:48:48.538,read _SPaT(ITST ID:2231 World Cup Park 207 dong) 70
2021-11-01 17:48:48.709,read _SPaT(ITST ID:2231 World Cup Park 207 dong) 70
2021-11-01 17:48:48.906,read _SPaT(ITST ID:2231 World Cup Park 207 dong) 70
2021-11-01 17:48:49.040,read _RTCM
2021-11-01 17:48:49.171,read _SPaT(ITST ID:2231 World Cup Park 207 dong) 70
2021-11-01 17:48:49.339,read _SPaT(ITST ID:2231 World Cup Park 207 dong) 70
2021-11-01 17:48:49.760,read _MAP(ITST ID:3610)
2021-11-01 17:48:49.760,read _SPaT(ITST ID:3610 Sangam Elementary School) 70
2021-11-01 17:48:49.780,read _SPaT(ITST ID:3610 Sangam Elementary School) 70
2021-11-01 17:48:49.787,read _SPaT(ITST ID:3610 Sangam Elementary School) 70
2021-11-01 17:48:50.041,read _RTCM
2021-11-01 17:48:50.415,read _SPaT(ITST ID:3610 Sangam Elementary School) 70
2021-11-01 17:48:50.420,read _SPaT(ITST ID:3610 Sangam Elementary School) 70
2021-11-01 17:48:50.502,read _MAP(ITST ID:3610)
2021-11-01 17:48:50.589,read _SPaT(ITST ID:3610 Sangam Elementary School) 70
2021-11-01 17:48:50.706,read _SPaT(ITST ID:3610 Sangam Elementary School) 70
2021-11-01 17:48:50.706,read _SPaT(ITST ID:3610 Sangam Elementary School) 70
2021-11-01 17:48:51.047,read _RTCM
2021-11-01 17:48:51.226,read _SPaT(ITST ID:3610 Sangam Elementary School) 70
2021-11-01 17:48:51.226,read _SPaT(ITST ID:3610 Sangam Elementary School) 70
2021-11-01 17:48:51.677,read _MAP(ITST ID:3610)
2021-11-01 17:48:51.678,read _SPaT(ITST ID:3610 Sangam Elementary School) 70
2021-11-01 17:48:51.713,read _SPaT(ITST ID:3610 Sangam Elementary School) 70
2021-11-01 17:48:51.713,read _SPaT(ITST ID:3610 Sangam Elementary School) 70
2021-11-01 17:48:52.044,read _RTCM
2021-11-01 17:48:52.191,read _SPaT(ITST ID:3610 Sangam Elementary School) 70
2021-11-01 17:48:52.191,read _SPaT(ITST ID:3610 Sangam Elementary School) 70
2021-11-01 17:48:52.460,read _MAP(ITST ID:3610)
2021-11-01 17:48:52.615,read _SPaT(ITST ID:3610 Sangam Elementary School) 70
2021-11-01 17:48:52.880,read _SPaT(ITST ID:3610 Sangam Elementary School) 70
2021-11-01 17:48:52.880,read _SPaT(ITST ID:3610 Sangam Elementary School) 70
2021-11-01 17:48:53.054,read _RTCM
2021-11-01 17:48:53.409,read _SPaT(ITST ID:3610 Sangam Elementary School) 70
2021-11-01 17:48:53.412,read _SPaT(ITST ID:3610 Sangam Elementary School) 70
2021-11-01 17:48:53.571,read _SPaT(ITST ID:3610 Sangam Elementary School) 70
2021-11-01 17:48:53.671,read _SPaT(ITST ID:3610 Sangam Elementary School) 70
2021-11-01 17:48:53.741,read _SPaT(ITST ID:3610 Sangam Elementary School) 70
2021-11-01 17:48:53.917,read _MAP(ITST ID:3610)
2021-11-01 17:48:54.044,read _RTCM
2021-11-01 17:48:54.380,read _SPaT(ITST ID:3610 Sangam Elementary School) 70
2021-11-01 17:48:54.381,read _SPaT(ITST ID:3610 Sangam Elementary School) 70
2021-11-01 17:48:54.606,read _MAP(ITST ID:3610)
2021-11-01 17:48:54.621,read _SPaT(ITST ID:3610 Sangam Elementary School) 70
2021-11-01 17:48:54.704,read _SPaT(ITST ID:3610 Sangam Elementary School) 70
2021-11-01 17:48:54.736,read _SPaT(ITST ID:3610 Sangam Elementary School) 70
2021-11-01 17:48:55.043,read _RTCM
2021-11-01 17:48:55.213,read _SPaT(ITST ID:3610 Sangam Elementary School) 70
2021-11-01 17:48:55.214,read _SPaT(ITST ID:3610 Sangam Elementary School) 70
2021-11-01 17:48:55.596,read _MAP(ITST ID:3610)
2021-11-01 17:48:55.654,read _SPaT(ITST ID:3610 Sangam Elementary School) 70
2021-11-01 17:48:55.730,read _SPaT(ITST ID:3610 Sangam Elementary School) 70
2021-11-01 17:48:55.742,read _SPaT(ITST ID:3610 Sangam Elementary School) 70
2021-11-01 17:48:56.042,read _RTCM
2021-11-01 17:48:56.207,read _SPaT(ITST ID:3610 Sangam Elementary School) 70
2021-11-01 17:48:56.207,read _SPaT(ITST ID:3610 Sangam Elementary School) 70
2021-11-01 17:48:56.473,read _MAP(ITST ID:2231)
2021-11-01 17:48:56.589,read _SPaT(ITST ID:2231 World Cup Park 207 dong) 70
2021-11-01 17:48:56.808,read _SPaT(ITST ID:2231 World Cup Park 207 dong) 70
2021-11-01 17:48:57.012,read _SPaT(ITST ID:2231 World Cup Park 207 dong) 70
2021-11-01 17:48:57.041,read _RTCM
2021-11-01 17:48:57.432,read _SPaT(ITST ID:2231 World Cup Park 207 dong) 70
2021-11-01 17:48:57.432,read _SPaT(ITST ID:2231 World Cup Park 207 dong) 70
2021-11-01 17:48:57.643,read _SPaT(ITST ID:2231 World Cup Park 207 dong) 70
2021-11-01 17:48:58.099,read _MAP(ITST ID:3610)
2021-11-01 17:48:58.100,read _SPaT(ITST ID:3610 Sangam Elementary School) 70
2021-11-01 17:48:58.100,read _SPaT(ITST ID:3610 Sangam Elementary School) 70
2021-11-01 17:48:58.124,read _RTCM
2021-11-01 17:48:58.438,read _SPaT(ITST ID:3610 Sangam Elementary School) 70
2021-11-01 17:48:58.438,read _SPaT(ITST ID:3610 Sangam Elementary School) 70
2021-11-01 17:48:58.713,read _MAP(ITST ID:3610)
2021-11-01 17:48:58.714,read _SPaT(ITST ID:3610 Sangam Elementary School) 70
2021-11-01 17:48:58.734,read _RSA(FID:05 FF )
2021-11-01 17:48:58.734,read _RSA(FID:05 FF )
2021-11-01 17:48:58.734,read _SPaT(ITST ID:3610 Sangam Elementary School) 70
2021-11-01 17:48:58.821,read _RSA(FID:5A FF )
2021-11-01 17:48:58.821,read _RSA(FID:5A FF )
2021-11-01 17:48:58.822,read _RSA(FID:5A FF )
2021-11-01 17:48:58.822,read _RSA(FID:5A FF )
2021-11-01 17:48:58.822,read _RSA(FID:5A FF )
2021-11-01 17:48:58.823,read _RSA(FID:5A FF )
2021-11-01 17:48:58.840,read _RSA(FID:5A FF )
2021-11-01 17:48:58.840,read _RSA(FID:5A FF )
2021-11-01 17:48:58.874,read _RSA(FID:5A FF )
2021-11-01 17:48:58.875,read _RSA(FID:5A FF )
2021-11-01 17:48:58.875,read _RSA(FID:5A FF )
2021-11-01 17:48:58.876,read _RSA(FID:5A FF )
2021-11-01 17:48:59.028,read _RTCM
2021-11-01 17:48:59.076,read _SPaT(ITST ID:3610 Sangam Elementary School) 70
2021-11-01 17:48:59.088,read _RSA(FID:5A FF )
2021-11-01 17:48:59.227,read _SPaT(ITST ID:3610 Sangam Elementary School) 70
2021-11-01 17:48:59.227,read _SPaT(ITST ID:3610 Sangam Elementary School) 70
2021-11-01 17:48:59.492,read _MAP(ITST ID:3610)
2021-11-01 17:48:59.581,read _RSA(FID:05 FF )
2021-11-01 17:48:59.620,read _RSA(FID:05 FF )
2021-11-01 17:48:59.648,read _SPaT(ITST ID:3610 Sangam Elementary School) 70
2021-11-01 17:48:59.651,read _SPaT(ITST ID:3610 Sangam Elementary School) 70
2021-11-01 17:48:59.827,read _RSA(FID:5A FF )
2021-11-01 17:48:59.829,read _RSA(FID:5A FF )
2021-11-01 17:48:59.829,read _RSA(FID:5A FF )
2021-11-01 17:48:59.830,read _RSA(FID:5A FF )
2021-11-01 17:48:59.830,read _RSA(FID:5A FF )
2021-11-01 17:48:59.830,read _RSA(FID:5A FF )
2021-11-01 17:48:59.847,read _RSA(FID:5A FF )
2021-11-01 17:48:59.847,read _RSA(FID:5A FF )
2021-11-01 17:48:59.862,read _RSA(FID:5A FF )
2021-11-01 17:48:59.862,read _RSA(FID:5A FF )
2021-11-01 17:48:59.865,read _RSA(FID:5A FF )
2021-11-01 17:48:59.866,read _RSA(FID:5A FF )
2021-11-01 17:48:59.866,read _RSA(FID:5A FF )
2021-11-01 17:48:59.877,read _RSA(FID:5A FF )
2021-11-01 17:51:33.237,read _RTCM
2021-11-01 17:51:34.222,read _RTCM
2021-11-01 17:51:35.220,read _RTCM
2021-11-01 17:51:36.221,read _RTCM
2021-11-01 17:51:37.217,read _RTCM
2021-11-01 17:51:38.251,read _RTCM
2021-11-01 17:51:39.216,read _RTCM
2021-11-01 17:51:40.220,read _RTCM
2021-11-01 17:51:41.220,read _RTCM
2021-11-01 17:51:42.226,read _RTCM
2021-11-01 17:51:43.222,read _RTCM
2021-11-01 17:51:44.222,read _RTCM
2021-11-01 17:51:45.214,read _RTCM
2021-11-01 17:51:46.225,read _RTCM
2021-11-01 17:51:47.220,read _RTCM
2021-11-01 17:51:48.230,read _RTCM
2021-11-01 17:51:49.226,read _RTCM
2021-11-01 17:51:50.219,read _RTCM
2021-11-01 17:51:51.098,read _MAP(ITST ID:3610)
2021-11-01 17:51:51.098,read _SPaT(ITST ID:3610 Sangam Elementary School) 70
2021-11-01 17:51:51.105,read _SPaT(ITST ID:3610 Sangam Elementary School) 70
2021-11-01 17:51:51.105,read _RSA(FID:05 FF )
2021-11-01 17:51:51.216,read _RTCM
2021-11-01 17:51:51.414,read _SPaT(ITST ID:3610 Sangam Elementary School) 70
2021-11-01 17:51:51.414,read _SPaT(ITST ID:3610 Sangam Elementary School) 70
2021-11-01 17:51:51.592,read _RSA(FID:5A FF )
2021-11-01 17:51:51.705,read _RSA(FID:5A FF )
2021-11-01 17:51:51.761,read _SPaT(ITST ID:3610 Sangam Elementary School) 70
2021-11-01 17:51:51.799,read _MAP(ITST ID:3608)
2021-11-01 17:51:51.819,read _SPaT(ITST ID:3608 World Cup Park 2 Complex) 70
2021-11-01 17:51:52.032,read _SPaT(ITST ID:3608 World Cup Park 2 Complex) 70
2021-11-01 17:51:52.219,read _RTCM
2021-11-01 17:51:52.267,read _SPaT(ITST ID:3608 World Cup Park 2 Complex) 70
2021-11-01 17:51:52.449,read _SPaT(ITST ID:3608 World Cup Park 2 Complex) 70
2021-11-01 17:51:52.719,read _TIM(FID:01 FF )
2021-11-01 17:51:52.720,read _SPaT(ITST ID:3608 World Cup Park 2 Complex) 70
2021-11-01 17:51:52.980,read _MAP(ITST ID:3608)
2021-11-01 17:51:52.982,read _SPaT(ITST ID:3608 World Cup Park 2 Complex) 70
2021-11-01 17:51:53.043,read _SPaT(ITST ID:3608 World Cup Park 2 Complex) 70
2021-11-01 17:51:53.207,read _RTCM
2021-11-01 17:51:53.307,read _SPaT(ITST ID:3608 World Cup Park 2 Complex) 70
2021-11-01 17:51:53.505,read _SPaT(ITST ID:3608 World Cup Park 2 Complex) 70
2021-11-01 17:51:53.642,read _TIM(FID:01 FF )
2021-11-01 17:51:53.694,read _SPaT(ITST ID:3608 World Cup Park 2 Complex) 70
2021-11-01 17:51:53.936,read _MAP(ITST ID:3608)
2021-11-01 17:51:53.938,read _SPaT(ITST ID:3608 World Cup Park 2 Complex) 70
2021-11-01 17:51:54.055,read _SPaT(ITST ID:3608 World Cup Park 2 Complex) 70
2021-11-01 17:51:54.214,read _RTCM
2021-11-01 17:51:54.283,read _SPaT(ITST ID:3608 World Cup Park 2 Complex) 70
2021-11-01 17:51:54.489,read _SPaT(ITST ID:3608 World Cup Park 2 Complex) 70
2021-11-01 17:51:54.649,read _TIM(FID:01 FF )
2021-11-01 17:51:54.674,read _SPaT(ITST ID:3608 World Cup Park 2 Complex) 70
2021-11-01 17:51:54.898,read _MAP(ITST ID:3608)
2021-11-01 17:51:54.898,read _SPaT(ITST ID:3608 World Cup Park 2 Complex) 70
2021-11-01 17:51:55.059,read _SPaT(ITST ID:3608 World Cup Park 2 Complex) 70
2021-11-01 17:51:55.219,read _RTCM
2021-11-01 17:51:55.316,read _SPaT(ITST ID:3608 World Cup Park 2 Complex) 70
2021-11-01 17:51:55.492,read _SPaT(ITST ID:3608 World Cup Park 2 Complex) 70
2021-11-01 17:51:55.698,read _SPaT(ITST ID:3608 World Cup Park 2 Complex) 70
2021-11-01 17:51:55.763,read _TIM(FID:01 FF )
2021-11-01 17:51:55.856,read _MAP(ITST ID:3608)
2021-11-01 17:51:55.891,read _SPaT(ITST ID:3608 World Cup Park 2 Complex) 70
2021-11-01 17:51:56.095,read _SPaT(ITST ID:3608 World Cup Park 2 Complex) 70
2021-11-01 17:51:56.228,read _RTCM
2021-11-01 17:51:56.493,read _SPaT(ITST ID:3608 World Cup Park 2 Complex) 70
2021-11-01 17:51:56.575,read _SPaT(ITST ID:3608 World Cup Park 2 Complex) 70
2021-11-01 17:51:57.000,read _MAP(ITST ID:3608)
2021-11-01 17:51:57.001,read _TIM(FID:01 FF )
2021-11-01 17:51:57.032,read _SPaT(ITST ID:3608 World Cup Park 2 Complex) 70
2021-11-01 17:51:57.104,read _SPaT(ITST ID:3608 World Cup Park 2 Complex) 70
2021-11-01 17:51:57.120,read _SPaT(ITST ID:3608 World Cup Park 2 Complex) 70
2021-11-01 17:51:57.237,read _RTCM
2021-11-01 17:51:57.360,read _SPaT(ITST ID:3608 World Cup Park 2 Complex) 70
2021-11-01 17:51:57.777,read _SPaT(ITST ID:3608 World Cup Park 2 Complex) 70
2021-11-01 17:51:57.795,read _TIM(FID:01 FF )
2021-11-01 17:51:57.795,read _SPaT(ITST ID:3608 World Cup Park 2 Complex) 70
2021-11-01 17:51:57.816,read _MAP(ITST ID:3608)
2021-11-01 17:51:57.900,read _SPaT(ITST ID:3608 World Cup Park 2 Complex) 70
2021-11-01 17:51:58.103,read _SPaT(ITST ID:3608 World Cup Park 2 Complex) 70
2021-11-01 17:51:58.219,read _RTCM
2021-11-01 17:51:58.333,read _SPaT(ITST ID:3608 World Cup Park 2 Complex) 70
2021-11-01 17:51:58.516,read _SPaT(ITST ID:3608 World Cup Park 2 Complex) 70
2021-11-01 17:51:58.668,read _TIM(FID:01 FF )
2021-11-01 17:51:58.721,read _SPaT(ITST ID:3608 World Cup Park 2 Complex) 70
2021-11-01 17:51:59.059,read _MAP(ITST ID:3608)
2021-11-01 17:51:59.059,read _SPaT(ITST ID:3608 World Cup Park 2 Complex) 70
2021-11-01 17:51:59.124,read _SPaT(ITST ID:3608 World Cup Park 2 Complex) 70
2021-11-01 17:51:59.232,read _RTCM
2021-11-01 17:51:59.351,read _SPaT(ITST ID:3608 World Cup Park 2 Complex) 70
2021-11-01 17:51:59.508,read _SPaT(ITST ID:3608 World Cup Park 2 Complex) 70
2021-11-01 17:51:59.724,read _TIM(FID:01 FF )
2021-11-01 17:51:59.725,read _SPaT(ITST ID:3608 World Cup Park 2 Complex) 70
2021-11-01 17:52:00.018,read _MAP(ITST ID:3608)
2021-11-01 17:52:00.019,read _SPaT(ITST ID:3608 World Cup Park 2 Complex) 70
2021-11-01 17:52:00.056,read _SPaT(ITST ID:3608 World Cup Park 2 Complex) 70
2021-11-01 17:52:00.231,read _RTCM
2021-11-01 17:52:00.358,read _SPaT(ITST ID:3608 World Cup Park 2 Complex) 70
2021-11-01 17:52:00.528,read _SPaT(ITST ID:3608 World Cup Park 2 Complex) 70
2021-11-01 17:52:00.717,read _TIM(FID:01 FF )
2021-11-01 17:52:00.722,read _SPaT(ITST ID:3608 World Cup Park 2 Complex) 70
2021-11-01 17:52:00.865,read _SPaT(ITST ID:3608 World Cup Park 2 Complex) 70
2021-11-01 17:52:01.300,read _MAP(ITST ID:3608)
2021-11-01 17:52:01.300,read _SPaT(ITST ID:3608 World Cup Park 2 Complex) 70
2021-11-01 17:52:01.301,read _RTCM
2021-11-01 17:52:01.661,read _TIM(FID:01 FF )
2021-11-01 17:52:01.705,read _SPaT(ITST ID:3608 World Cup Park 2 Complex) 70
2021-11-01 17:52:01.705,read _SPaT(ITST ID:3608 World Cup Park 2 Complex) 70
2021-11-01 17:52:01.719,read _SPaT(ITST ID:3608 World Cup Park 2 Complex) 70
2021-11-01 17:52:01.940,read _MAP(ITST ID:3608)
2021-11-01 17:52:01.940,read _SPaT(ITST ID:3608 World Cup Park 2 Complex) 70
2021-11-01 17:52:02.061,read _SPaT(ITST ID:3608 World Cup Park 2 Complex) 70
2021-11-01 17:52:02.224,read _RTCM
2021-11-01 17:52:02.292,read _SPaT(ITST ID:3608 World Cup Park 2 Complex) 70
2021-11-01 17:52:02.484,read _SPaT(ITST ID:3608 World Cup Park 2 Complex) 70
2021-11-01 17:52:02.651,read _TIM(FID:01 FF )
2021-11-01 17:52:02.715,read _SPaT(ITST ID:3608 World Cup Park 2 Complex) 70
2021-11-01 17:52:02.784,read _MAP(ITST ID:3608)
2021-11-01 17:52:02.884,read _SPaT(ITST ID:3608 World Cup Park 2 Complex) 70
2021-11-01 17:52:03.079,read _SPaT(ITST ID:3608 World Cup Park 2 Complex) 70
2021-11-01 17:52:03.229,read _RTCM
2021-11-01 17:52:03.322,read _SPaT(ITST ID:3608 World Cup Park 2 Complex) 70
2021-11-01 17:52:03.520,read _SPaT(ITST ID:3608 World Cup Park 2 Complex) 70
2021-11-01 17:52:03.696,read _TIM(FID:01 FF )
2021-11-01 17:52:03.710,read _SPaT(ITST ID:3608 World Cup Park 2 Complex) 70
2021-11-01 17:52:03.860,read _MAP(ITST ID:3608)
2021-11-01 17:52:03.886,read _SPaT(ITST ID:3608 World Cup Park 2 Complex) 70
2021-11-01 17:52:04.076,read _SPaT(ITST ID:3608 World Cup Park 2 Complex) 70
2021-11-01 17:52:04.242,read _RTCM
2021-11-01 17:52:04.318,read _SPaT(ITST ID:3608 World Cup Park 2 Complex) 70
2021-11-01 17:52:04.487,read _SPaT(ITST ID:3608 World Cup Park 2 Complex) 70
2021-11-01 17:52:04.722,read _SPaT(ITST ID:3608 World Cup Park 2 Complex) 70
2021-11-01 17:52:04.732,read _RSA(FID:5A FF )
2021-11-01 17:52:04.820,read _MAP(ITST ID:3608)
2021-11-01 17:52:04.919,read _SPaT(ITST ID:3608 World Cup Park 2 Complex) 70
2021-11-01 17:52:05.115,read _SPaT(ITST ID:3608 World Cup Park 2 Complex) 70
2021-11-01 17:52:05.225,read _RTCM
2021-11-01 17:52:05.360,read _SPaT(ITST ID:3608 World Cup Park 2 Complex) 70
2021-11-01 17:52:05.533,read _SPaT(ITST ID:3608 World Cup Park 2 Complex) 70
2021-11-01 17:52:05.729,read _SPaT(ITST ID:3608 World Cup Park 2 Complex) 70
2021-11-01 17:52:05.778,read _RSA(FID:5A FF )
2021-11-01 17:52:05.817,read _MAP(ITST ID:3608)
2021-11-01 17:52:05.912,read _SPaT(ITST ID:3608 World Cup Park 2 Complex) 70
2021-11-01 18:00:22.335,read _RTCM
2021-11-01 18:00:23.353,read _RTCM
2021-11-01 18:00:24.330,read _RTCM
2021-11-01 18:00:25.329,read _RTCM
2021-11-01 18:00:26.322,read _RTCM
2021-11-01 18:00:27.428,read _RTCM
2021-11-01 18:00:28.319,read _RTCM
2021-11-01 18:00:29.325,read _RTCM
2021-11-01 18:00:30.323,read _RTCM
2021-11-01 18:00:31.324,read _RTCM
2021-11-01 18:00:32.325,read _RTCM
2021-11-01 18:00:33.310,read _RTCM
2021-11-01 18:00:34.323,read _RTCM
2021-11-01 18:00:35.327,read _RTCM
2021-11-01 18:00:36.307,read _RTCM
2021-11-01 18:00:37.347,read _RTCM
2021-11-01 18:00:38.324,read _RTCM
2021-11-01 18:00:39.328,read _RTCM
2021-11-01 18:00:40.342,read _RTCM
2021-11-01 18:00:41.340,read _RTCM
2021-11-01 18:00:42.462,read _RTCM
2021-11-01 18:00:43.179,read _MAP(ITST ID:4838)
2021-11-01 18:00:43.193,read _RSA(FID:4C FF )
2021-11-01 18:00:43.309,read _RTCM
2021-11-01 18:00:43.705,read _SPaT(ITST ID:4838 Sangam Police Station) 70
2021-11-01 18:00:43.741,read _SPaT(ITST ID:4838 Sangam Police Station) 70
2021-11-01 18:00:43.836,read _SPaT(ITST ID:4838 Sangam Police Station) 70
2021-11-01 18:00:43.840,read _SPaT(ITST ID:4838 Sangam Police Station) 70
2021-11-01 18:00:44.395,read _MAP(ITST ID:3610)
2021-11-01 18:00:44.395,read _SPaT(ITST ID:3610 Sangam Elementary School) 70
2021-11-01 18:00:44.395,read _RTCM
2021-11-01 18:00:44.397,read _SPaT(ITST ID:3610 Sangam Elementary School) 70
2021-11-01 18:00:44.407,read _SPaT(ITST ID:3610 Sangam Elementary School) 70
2021-11-01 18:00:44.817,read _SPaT(ITST ID:3610 Sangam Elementary School) 70
2021-11-01 18:00:44.818,read _SPaT(ITST ID:3610 Sangam Elementary School) 70
2021-11-01 18:00:45.340,read _SPaT(ITST ID:3610 Sangam Elementary School) 70
2021-11-01 18:00:45.346,read _MAP(ITST ID:3610)
2021-11-01 18:00:45.366,read _RTCM
2021-11-01 18:00:45.788,read _SPaT(ITST ID:3610 Sangam Elementary School) 70
2021-11-01 18:00:45.979,read _SPaT(ITST ID:3610 Sangam Elementary School) 70
2021-11-01 18:00:46.138,read _SPaT(ITST ID:3610 Sangam Elementary School) 70
2021-11-01 18:00:46.139,read _SPaT(ITST ID:3610 Sangam Elementary School) 70
2021-11-01 18:00:46.160,read _MAP(ITST ID:3610)
2021-11-01 18:00:46.162,read _SPaT(ITST ID:3610 Sangam Elementary School) 70
2021-11-01 18:00:46.322,read _RTCM
2021-11-01 18:00:46.327,read _SPaT(ITST ID:3610 Sangam Elementary School) 70
2021-11-01 18:00:46.682,read _SPaT(ITST ID:3610 Sangam Elementary School) 70
2021-11-01 18:00:46.940,read _SPaT(ITST ID:3610 Sangam Elementary School) 70
2021-11-01 18:00:46.940,read _SPaT(ITST ID:3610 Sangam Elementary School) 70
2021-11-01 18:00:47.136,read _SPaT(ITST ID:3610 Sangam Elementary School) 70
2021-11-01 18:00:47.260,read _MAP(ITST ID:3610)
2021-11-01 18:00:47.326,read _RTCM
2021-11-01 18:00:47.326,read _SPaT(ITST ID:3610 Sangam Elementary School) 70
2021-11-01 18:00:47.685,read _SPaT(ITST ID:3610 Sangam Elementary School) 70
2021-11-01 18:00:47.959,read _SPaT(ITST ID:3610 Sangam Elementary School) 70
2021-11-01 18:00:47.959,read _SPaT(ITST ID:3610 Sangam Elementary School) 70
2021-11-01 18:00:48.323,read _MAP(ITST ID:3610)
2021-11-01 18:00:48.409,read _RTCM
2021-11-01 18:00:48.423,read _SPaT(ITST ID:3610 Sangam Elementary School) 70
2021-11-01 18:00:48.423,read _SPaT(ITST ID:3610 Sangam Elementary School) 70
2021-11-01 18:00:48.740,read _SPaT(ITST ID:3610 Sangam Elementary School) 70
2021-11-01 18:00:48.759,read _SPaT(ITST ID:3610 Sangam Elementary School) 70
2021-11-01 18:00:48.807,read _SPaT(ITST ID:3610 Sangam Elementary School) 70
2021-11-01 18:00:49.179,read _MAP(ITST ID:3610)
2021-11-01 18:00:49.259,read _SPaT(ITST ID:3610 Sangam Elementary School) 70
2021-11-01 18:00:49.259,read _SPaT(ITST ID:3610 Sangam Elementary School) 70
2021-11-01 18:00:49.311,read _RTCM
2021-11-01 18:00:49.449,read _RSA(FID:5A FF )
2021-11-01 18:00:49.499,read _RSA(FID:5A FF )
2021-11-01 18:00:49.499,read _RSA(FID:5A FF )
2021-11-01 18:00:49.499,read _RSA(FID:5A FF )
2021-11-01 18:00:49.499,read _RSA(FID:5A FF )
2021-11-01 18:00:49.501,read _RSA(FID:5A FF )
2021-11-01 18:00:49.501,read _RSA(FID:5A FF )
2021-11-01 18:00:49.501,read _RSA(FID:5A FF )
2021-11-01 18:00:49.502,read _RSA(FID:5A FF )
2021-11-01 18:00:49.502,read _RSA(FID:5A FF )
2021-11-01 18:00:49.502,read _RSA(FID:5A FF )
2021-11-01 18:00:49.525,read _RSA(FID:5A FF )
2021-11-01 18:00:49.526,read _RSA(FID:5A FF )
2021-11-01 18:00:49.526,read _RSA(FID:5A FF )
2021-11-01 18:00:49.526,read _RSA(FID:5A FF )
2021-11-01 18:00:49.526,read _RSA(FID:5A FF )
2021-11-01 18:00:49.526,read _RSA(FID:5A FF )
2021-11-01 18:00:49.528,read _RSA(FID:5A FF )
2021-11-01 18:00:49.528,read _RSA(FID:5A FF )
2021-11-01 18:00:49.528,read _RSA(FID:5A FF )
2021-11-01 18:00:49.700,read _SPaT(ITST ID:3610 Sangam Elementary School) 70
2021-11-01 18:00:49.800,read _SPaT(ITST ID:3610 Sangam Elementary School) 70
2021-11-01 18:00:49.808,read _SPaT(ITST ID:3610 Sangam Elementary School) 70
2021-11-01 18:00:49.848,read _RSA(FID:05 FF )
2021-11-01 18:00:49.870,read _RSA(FID:05 FF )
2021-11-01 18:00:50.138,read _RSA(FID:05 FF )
2021-11-01 18:00:50.138,read _RSA(FID:05 FF )
2021-11-01 18:00:50.139,read _RSA(FID:05 FF )
2021-11-01 18:00:50.139,read _RSA(FID:05 FF )
2021-11-01 18:00:50.163,read _MAP(ITST ID:3610)
2021-11-01 18:00:50.276,read _SPaT(ITST ID:3610 Sangam Elementary School) 70
2021-11-01 18:00:50.276,read _SPaT(ITST ID:3610 Sangam Elementary School) 70
2021-11-01 18:00:50.323,read _RTCM
2021-11-01 18:00:50.435,read _RSA(FID:5A FF )
2021-11-01 18:00:50.457,read _RSA(FID:5A FF )
2021-11-01 18:00:50.457,read _RSA(FID:5A FF )
2021-11-01 18:00:50.458,read _RSA(FID:5A FF )
2021-11-01 18:00:50.458,read _RSA(FID:5A FF )
2021-11-01 18:00:50.458,read _RSA(FID:5A FF )
2021-11-01 18:00:50.459,read _RSA(FID:5A FF )
2021-11-01 18:00:50.459,read _RSA(FID:5A FF )
2021-11-01 18:00:50.484,read _RSA(FID:5A FF )
2021-11-01 18:00:50.486,read _RSA(FID:5A FF )
2021-11-01 18:00:50.486,read _RSA(FID:5A FF )
2021-11-01 18:00:50.486,read _RSA(FID:5A FF )
2021-11-01 18:00:50.486,read _RSA(FID:5A FF )
2021-11-01 18:00:50.486,read _RSA(FID:5A FF )
2021-11-01 18:00:50.497,read _RSA(FID:5A FF )
2021-11-01 18:00:50.497,read _RSA(FID:5A FF )
2021-11-01 18:00:50.499,read _RSA(FID:5A FF )
2021-11-01 18:00:50.499,read _RSA(FID:5A FF )
2021-11-01 18:00:50.500,read _RSA(FID:5A FF )
2021-11-01 18:00:50.514,read _RSA(FID:5A FF )
2021-11-01 18:00:50.514,read _RSA(FID:5A FF )
2021-11-01 18:00:50.660,read _SPaT(ITST ID:3610 Sangam Elementary School) 70
2021-11-01 18:00:50.784,read _SPaT(ITST ID:3610 Sangam Elementary School) 70
2021-11-01 18:00:51.096,read _SPaT(ITST ID:3610 Sangam Elementary School) 70
2021-11-01 18:00:51.098,read _RSA(FID:05 FF )
2021-11-01 18:00:51.098,read _RSA(FID:05 FF )
2021-11-01 18:00:51.098,read _RSA(FID:05 FF )
2021-11-01 18:00:51.098,read _RSA(FID:05 FF )
2021-11-01 18:00:51.099,read _RSA(FID:05 FF )
2021-11-01 18:00:51.117,read _RSA(FID:05 FF )
2021-11-01 18:00:51.163,read _MAP(ITST ID:3610)
2021-11-01 18:00:51.270,read _SPaT(ITST ID:3610 Sangam Elementary School) 70
2021-11-01 18:00:51.270,read _SPaT(ITST ID:3610 Sangam Elementary School) 70
2021-11-01 18:00:51.299,read _RTCM
2021-11-01 18:00:51.424,read _RSA(FID:5A FF )
2021-11-01 18:00:51.737,read _RSA(FID:5A FF )
2021-11-01 18:00:51.737,read _RSA(FID:5A FF )
2021-11-01 18:00:51.737,read _RSA(FID:5A FF )
2021-11-01 18:00:51.764,read _RSA(FID:5A FF )
2021-11-01 18:00:51.764,read _RSA(FID:5A FF )
2021-11-01 18:00:51.765,read _RSA(FID:5A FF )
2021-11-01 18:00:51.765,read _RSA(FID:5A FF )
2021-11-01 18:00:51.766,read _RSA(FID:5A FF )
2021-11-01 18:00:51.766,read _RSA(FID:5A FF )
2021-11-01 18:00:51.766,read _RSA(FID:5A FF )
2021-11-01 18:00:51.766,read _RSA(FID:5A FF )
2021-11-01 18:00:51.770,read _RSA(FID:5A FF )
2021-11-01 18:00:51.770,read _RSA(FID:5A FF )
2021-11-01 18:00:51.770,read _RSA(FID:5A FF )
2021-11-01 18:00:51.770,read _RSA(FID:5A FF )
2021-11-01 18:00:51.770,read _RSA(FID:5A FF )
2021-11-01 18:00:51.771,read _RSA(FID:5A FF )
2021-11-01 18:00:51.785,read _RSA(FID:5A FF )
2021-11-01 18:00:51.785,read _RSA(FID:5A FF )
2021-11-01 18:00:51.785,read _RSA(FID:5A FF )
2021-11-01 18:00:51.785,read _RSA(FID:5A FF )
2021-11-01 18:00:51.786,read _SPaT(ITST ID:3610 Sangam Elementary School) 70
2021-11-01 18:00:51.807,read _SPaT(ITST ID:3610 Sangam Elementary School) 70
2021-11-01 18:00:51.859,read _RSA(FID:05 FF )
2021-11-01 18:00:51.869,read _RSA(FID:05 FF )
2021-11-01 18:00:51.870,read _RSA(FID:05 FF )
2021-11-01 18:00:51.880,read _RSA(FID:05 FF )
2021-11-01 18:00:51.881,read _RSA(FID:05 FF )
2021-11-01 18:00:51.881,read _RSA(FID:05 FF )
2021-11-01 18:00:51.881,read _RSA(FID:05 FF )
2021-11-01 18:00:51.894,read _RSA(FID:05 FF )
2021-11-01 18:00:52.024,read _SPaT(ITST ID:3610 Sangam Elementary School) 70
2021-11-01 18:00:52.379,read _MAP(ITST ID:3610)
2021-11-01 18:00:52.398,read _RTCM
2021-11-01 18:00:52.399,read _SPaT(ITST ID:3610 Sangam Elementary School) 70
2021-11-01 18:00:52.399,read _SPaT(ITST ID:3610 Sangam Elementary School) 70
2021-11-01 18:00:52.483,read _RSA(FID:5A FF )
2021-11-01 18:00:52.483,read _RSA(FID:5A FF )
2021-11-01 18:00:52.483,read _RSA(FID:5A FF )
2021-11-01 18:00:52.483,read _RSA(FID:5A FF )
2021-11-01 18:00:52.483,read _RSA(FID:5A FF )
2021-11-01 18:00:52.484,read _RSA(FID:5A FF )
2021-11-01 18:00:52.484,read _RSA(FID:5A FF )
2021-11-01 18:00:52.504,read _RSA(FID:5A FF )
2021-11-01 18:00:52.505,read _RSA(FID:5A FF )
2021-11-01 18:00:52.506,read _RSA(FID:5A FF )
2021-11-01 18:00:52.506,read _RSA(FID:5A FF )
2021-11-01 18:00:52.506,read _RSA(FID:5A FF )
2021-11-01 18:00:52.506,read _RSA(FID:5A FF )
2021-11-01 18:00:52.507,read _RSA(FID:5A FF )
2021-11-01 18:00:52.507,read _RSA(FID:5A FF )
2021-11-01 18:00:52.507,read _RSA(FID:5A FF )
2021-11-01 18:00:52.507,read _RSA(FID:5A FF )
2021-11-01 18:00:52.507,read _RSA(FID:5A FF )
2021-11-01 18:00:52.537,read _RSA(FID:5A FF )
2021-11-01 18:00:52.537,read _RSA(FID:5A FF )
2021-11-01 18:00:52.537,read _RSA(FID:5A FF )
2021-11-01 18:00:52.537,read _RSA(FID:5A FF )
2021-11-01 18:00:52.537,read _RSA(FID:5A FF )
2021-11-01 18:00:52.632,read _RSA(FID:5A FF )
2021-11-01 18:00:52.653,read _SPaT(ITST ID:3610 Sangam Elementary School) 70
2021-11-01 18:00:52.871,read _RSA(FID:05 FF )
2021-11-01 18:00:52.910,read _RSA(FID:05 FF )
2021-11-01 18:00:53.015,read _RSA(FID:05 FF )
2021-11-01 18:00:53.015,read _RSA(FID:05 FF )
2021-11-01 18:00:53.015,read _RSA(FID:05 FF )
2021-11-01 18:00:53.016,read _RSA(FID:05 FF )
2021-11-01 18:00:53.121,read _SPaT(ITST ID:3610 Sangam Elementary School) 70
2021-11-01 18:00:53.122,read _SPaT(ITST ID:3610 Sangam Elementary School) 70
2021-11-01 18:00:53.158,read _MAP(ITST ID:3610)
2021-11-01 18:00:53.342,read _RTCM
2021-11-01 18:00:53.342,read _SPaT(ITST ID:3610 Sangam Elementary School) 70
2021-11-01 18:00:53.342,read _SPaT(ITST ID:3610 Sangam Elementary School) 70
2021-11-01 18:00:53.493,read _RSA(FID:5A FF )
2021-11-01 18:00:53.494,read _RSA(FID:5A FF )
2021-11-01 18:00:53.494,read _RSA(FID:5A FF )
2021-11-01 18:00:53.494,read _RSA(FID:5A FF )
2021-11-01 18:00:53.494,read _RSA(FID:5A FF )
2021-11-01 18:00:53.494,read _RSA(FID:5A FF )
2021-11-01 18:00:53.494,read _RSA(FID:5A FF )
2021-11-01 18:00:53.516,read _RSA(FID:5A FF )
2021-11-01 18:00:53.713,read _RSA(FID:5A FF )
2021-11-01 18:00:53.713,read _RSA(FID:5A FF )
2021-11-01 18:00:53.727,read _RSA(FID:5A FF )
2021-11-01 18:00:53.727,read _RSA(FID:5A FF )
2021-11-01 18:00:53.729,read _RSA(FID:5A FF )
2021-11-01 18:00:53.729,read _RSA(FID:5A FF )
2021-11-01 18:00:53.729,read _RSA(FID:5A FF )
2021-11-01 18:00:53.729,read _RSA(FID:5A FF )
2021-11-01 18:00:53.729,read _RSA(FID:5A FF )
2021-11-01 18:00:53.729,read _SPaT(ITST ID:3610 Sangam Elementary School) 70
2021-11-01 18:00:53.759,read _SPaT(ITST ID:3610 Sangam Elementary School) 70
2021-11-01 18:00:53.874,read _RSA(FID:05 FF )
2021-11-01 18:00:53.976,read _RSA(FID:05 FF )
2021-11-01 18:00:53.978,read _RSA(FID:05 FF )
2021-11-01 18:00:53.978,read _RSA(FID:05 FF )
2021-11-01 18:00:53.978,read _RSA(FID:05 FF )
2021-11-01 18:00:53.978,read _RSA(FID:05 FF )
2021-11-01 18:00:53.990,read _RSA(FID:05 FF )
2021-11-01 18:00:54.132,read _SPaT(ITST ID:3610 Sangam Elementary School) 70
2021-11-01 18:00:54.152,read _MAP(ITST ID:3610)
2021-11-01 18:00:54.301,read _RTCM
2021-11-01 18:00:54.326,read _SPaT(ITST ID:3610 Sangam Elementary School) 70
2021-11-01 18:00:54.327,read _SPaT(ITST ID:3610 Sangam Elementary School) 70
2021-11-01 18:00:54.484,read _RSA(FID:5A FF )
2021-11-01 18:00:54.484,read _RSA(FID:5A FF )
2021-11-01 18:00:54.484,read _RSA(FID:5A FF )
2021-11-01 18:00:54.484,read _RSA(FID:5A FF )
2021-11-01 18:00:54.618,read _RSA(FID:5A FF )
2021-11-01 18:00:54.618,read _RSA(FID:5A FF )
2021-11-01 18:00:54.618,read _RSA(FID:5A FF )
2021-11-01 18:00:54.618,read _RSA(FID:5A FF )
2021-11-01 18:00:54.619,read _RSA(FID:5A FF )
2021-11-01 18:00:54.619,read _RSA(FID:5A FF )
2021-11-01 18:00:54.619,read _RSA(FID:5A FF )
2021-11-01 18:00:54.643,read _RSA(FID:5A FF )
2021-11-01 18:00:54.643,read _RSA(FID:5A FF )
2021-11-01 18:00:54.643,read _RSA(FID:5A FF )
2021-11-01 18:00:54.643,read _RSA(FID:5A FF )
2021-11-01 18:00:54.644,read _RSA(FID:5A FF )
2021-11-01 18:00:54.644,read _RSA(FID:5A FF )
2021-11-01 18:00:54.644,read _RSA(FID:5A FF )
2021-11-01 18:00:54.645,read _RSA(FID:5A FF )
2021-11-01 18:00:54.645,read _RSA(FID:5A FF )
2021-11-01 18:00:54.645,read _RSA(FID:5A FF )
2021-11-01 18:00:54.645,read _RSA(FID:5A FF )
2021-11-01 18:00:54.736,read _SPaT(ITST ID:3610 Sangam Elementary School) 70
2021-11-01 18:00:54.737,read _SPaT(ITST ID:3610 Sangam Elementary School) 70
2021-11-01 18:00:54.882,read _RSA(FID:05 FF )
2021-11-01 18:00:54.934,read _RSA(FID:05 FF )
2021-11-01 18:00:54.934,read _RSA(FID:05 FF )
2021-11-01 18:00:54.934,read _RSA(FID:05 FF )
2021-11-01 18:00:54.934,read _RSA(FID:05 FF )
2021-11-01 18:00:54.934,read _RSA(FID:05 FF )
2021-11-01 18:00:54.934,read _RSA(FID:05 FF )
2021-11-01 18:00:55.132,read _SPaT(ITST ID:3610 Sangam Elementary School) 70
2021-11-01 18:00:55.142,read _MAP(ITST ID:3610)
2021-11-01 18:00:55.303,read _RTCM
2021-11-01 18:00:55.353,read _SPaT(ITST ID:3610 Sangam Elementary School) 70
2021-11-01 18:00:55.353,read _SPaT(ITST ID:3610 Sangam Elementary School) 70
2021-11-01 18:00:55.403,read _RSA(FID:5A FF )
2021-11-01 18:00:55.428,read _RSA(FID:5A FF )
2021-11-01 18:00:55.428,read _RSA(FID:5A FF )
2021-11-01 18:00:55.428,read _RSA(FID:5A FF )
2021-11-01 18:00:55.583,read _RSA(FID:5A FF )
2021-11-01 18:00:55.583,read _RSA(FID:5A FF )
2021-11-01 18:00:55.583,read _RSA(FID:5A FF )
2021-11-01 18:00:55.583,read _RSA(FID:5A FF )
2021-11-01 18:00:55.585,read _RSA(FID:5A FF )
2021-11-01 18:00:55.586,read _RSA(FID:5A FF )
2021-11-01 18:00:55.586,read _RSA(FID:5A FF )
2021-11-01 18:00:55.586,read _RSA(FID:5A FF )
2021-11-01 18:00:55.586,read _RSA(FID:5A FF )
2021-11-01 18:00:55.586,read _RSA(FID:5A FF )
2021-11-01 18:00:55.586,read _RSA(FID:5A FF )
2021-11-01 18:00:55.586,read _RSA(FID:5A FF )
2021-11-01 18:00:55.586,read _RSA(FID:5A FF )
2021-11-01 18:00:55.586,read _RSA(FID:5A FF )
2021-11-01 18:00:55.586,read _RSA(FID:5A FF )
2021-11-01 18:00:55.586,read _RSA(FID:5A FF )
2021-11-01 18:00:55.754,read _SPaT(ITST ID:3610 Sangam Elementary School) 70
2021-11-01 18:00:55.759,read _SPaT(ITST ID:3610 Sangam Elementary School) 70
2021-11-01 18:00:56.009,read _RSA(FID:05 FF )
2021-11-01 18:00:56.010,read _RSA(FID:05 FF )
2021-11-01 18:00:56.010,read _RSA(FID:05 FF )
2021-11-01 18:00:56.011,read _RSA(FID:05 FF )
2021-11-01 18:00:56.024,read _RSA(FID:05 FF )
2021-11-01 18:00:56.025,read _RSA(FID:05 FF )
2021-11-01 18:00:56.134,read _SPaT(ITST ID:3610 Sangam Elementary School) 70
2021-11-01 18:00:56.154,read _MAP(ITST ID:3610)
2021-11-01 18:00:56.312,read _RTCM
2021-11-01 18:00:56.347,read _SPaT(ITST ID:3610 Sangam Elementary School) 70
2021-11-01 18:00:56.347,read _SPaT(ITST ID:3610 Sangam Elementary School) 70
2021-11-01 18:00:56.457,read _RSA(FID:5A FF )
2021-11-01 18:00:56.457,read _RSA(FID:5A FF )
2021-11-01 18:00:56.532,read _RSA(FID:5A FF )
2021-11-01 18:00:56.533,read _RSA(FID:5A FF )
2021-11-01 18:00:56.533,read _RSA(FID:5A FF )
2021-11-01 18:00:56.533,read _RSA(FID:5A FF )
2021-11-01 18:00:56.533,read _RSA(FID:5A FF )
2021-11-01 18:00:56.565,read _RSA(FID:5A FF )
2021-11-01 18:00:56.565,read _RSA(FID:5A FF )
2021-11-01 18:00:56.565,read _RSA(FID:5A FF )
2021-11-01 18:00:56.565,read _RSA(FID:5A FF )
2021-11-01 18:00:56.567,read _RSA(FID:5A FF )
2021-11-01 18:00:56.567,read _RSA(FID:5A FF )
2021-11-01 18:00:56.567,read _RSA(FID:5A FF )
2021-11-01 18:00:56.567,read _RSA(FID:5A FF )
2021-11-01 18:00:56.567,read _RSA(FID:5A FF )
2021-11-01 18:00:56.567,read _RSA(FID:5A FF )
2021-11-01 18:00:56.567,read _RSA(FID:5A FF )
2021-11-01 18:00:56.567,read _RSA(FID:5A FF )
2021-11-01 18:00:56.567,read _RSA(FID:5A FF )
2021-11-01 18:00:56.753,read _SPaT(ITST ID:3610 Sangam Elementary School) 70
2021-11-01 18:00:56.753,read _SPaT(ITST ID:3610 Sangam Elementary School) 70
2021-11-01 18:00:56.909,read _RSA(FID:05 FF )
2021-11-01 18:00:56.929,read _RSA(FID:05 FF )
2021-11-01 18:00:56.929,read _RSA(FID:05 FF )
2021-11-01 18:00:56.929,read _RSA(FID:05 FF )
2021-11-01 18:00:56.930,read _RSA(FID:05 FF )
2021-11-01 18:00:56.931,read _RSA(FID:05 FF )
2021-11-01 18:00:57.122,read _SPaT(ITST ID:3610 Sangam Elementary School) 70
2021-11-01 18:00:57.174,read _MAP(ITST ID:3610)
2021-11-01 18:00:57.302,read _RTCM
2021-11-01 18:00:57.337,read _SPaT(ITST ID:3610 Sangam Elementary School) 70
2021-11-01 18:00:57.337,read _SPaT(ITST ID:3610 Sangam Elementary School) 70
2021-11-01 18:00:57.414,read _RSA(FID:5A FF )
2021-11-01 18:00:57.415,read _RSA(FID:5A FF )
2021-11-01 18:00:57.416,read _RSA(FID:5A FF )
2021-11-01 18:00:57.443,read _RSA(FID:5A FF )
2021-11-01 18:00:57.523,read _RSA(FID:5A FF )
2021-11-01 18:00:57.524,read _RSA(FID:5A FF )
2021-11-01 18:00:57.525,read _RSA(FID:5A FF )
2021-11-01 18:00:57.538,read _RSA(FID:5A FF )
2021-11-01 18:00:57.538,read _RSA(FID:5A FF )
2021-11-01 18:00:57.538,read _RSA(FID:5A FF )
2021-11-01 18:00:57.540,read _RSA(FID:5A FF )
2021-11-01 18:00:57.540,read _RSA(FID:5A FF )
2021-11-01 18:00:57.574,read _RSA(FID:5A FF )
2021-11-01 18:00:57.575,read _RSA(FID:5A FF )
2021-11-01 18:00:57.575,read _RSA(FID:5A FF )
2021-11-01 18:00:57.575,read _RSA(FID:5A FF )
2021-11-01 18:00:57.575,read _RSA(FID:5A FF )
2021-11-01 18:00:57.597,read _RSA(FID:5A FF )
2021-11-01 18:00:57.597,read _RSA(FID:5A FF )
2021-11-01 18:00:57.597,read _RSA(FID:5A FF )
2021-11-01 18:00:57.597,read _RSA(FID:5A FF )
2021-11-01 18:00:57.598,read _RSA(FID:5A FF )
2021-11-01 18:00:57.598,read _RSA(FID:5A FF )
2021-11-01 18:00:57.598,read _RSA(FID:5A FF )
2021-11-01 18:00:57.598,read _RSA(FID:5A FF )
2021-11-01 18:00:57.709,read _RSA(FID:5A FF )
2021-11-01 18:00:57.709,read _RSA(FID:5A FF )
2021-11-01 18:00:57.751,read _SPaT(ITST ID:3610 Sangam Elementary School) 70
2021-11-01 18:00:57.751,read _SPaT(ITST ID:3610 Sangam Elementary School) 70
2021-11-01 18:00:57.906,read _RSA(FID:05 FF )
2021-11-01 18:00:57.928,read _RSA(FID:05 FF )
2021-11-01 18:00:58.133,read _RSA(FID:05 FF )
2021-11-01 18:00:58.133,read _RSA(FID:05 FF )
2021-11-01 18:00:58.133,read _RSA(FID:05 FF )
2021-11-01 18:00:58.133,read _RSA(FID:05 FF )
2021-11-01 18:00:58.134,read _RSA(FID:05 FF )
2021-11-01 18:00:58.155,read _SPaT(ITST ID:3610 Sangam Elementary School) 70
2021-11-01 18:00:58.155,read _MAP(ITST ID:23610)
2021-11-01 18:00:58.246,read _SPaT(ITST ID:23610 Sangam Elementary School SUB) 70
2021-11-01 18:00:58.246,read _SPaT(ITST ID:23610 Sangam Elementary School SUB) 70
2021-11-01 18:00:58.333,read _RTCM
2021-11-01 18:00:58.709,read _SPaT(ITST ID:23610 Sangam Elementary School SUB) 70
2021-11-01 18:00:58.881,read _SPaT(ITST ID:23610 Sangam Elementary School SUB) 70
2021-11-01 18:00:58.881,read _SPaT(ITST ID:23610 Sangam Elementary School SUB) 70
2021-11-01 18:00:59.142,read _MAP(ITST ID:23610)
2021-11-01 18:00:59.264,read _SPaT(ITST ID:23610 Sangam Elementary School SUB) 70
2021-11-01 18:00:59.264,read _SPaT(ITST ID:23610 Sangam Elementary School SUB) 70
2021-11-01 18:00:59.411,read _RTCM
2021-11-01 18:00:59.652,read _SPaT(ITST ID:23610 Sangam Elementary School SUB) 70
2021-11-01 18:00:59.763,read _SPaT(ITST ID:23610 Sangam Elementary School SUB) 70
2021-11-01 18:00:59.783,read _SPaT(ITST ID:23610 Sangam Elementary School SUB) 70
2021-11-01 18:01:00.129,read _SPaT(ITST ID:23610 Sangam Elementary School SUB) 70
2021-11-01 18:01:00.135,read _MAP(ITST ID:23610)
2021-11-01 18:01:00.430,read _RTCM
2021-11-01 18:01:00.691,read _RSA(FID:05 FF )
2021-11-01 18:01:00.692,read _SPaT(ITST ID:23610 Sangam Elementary School SUB) 70
2021-11-01 18:01:00.693,read _SPaT(ITST ID:23610 Sangam Elementary School SUB) 70
2021-11-01 18:01:00.761,read _SPaT(ITST ID:23610 Sangam Elementary School SUB) 70
2021-11-01 18:01:00.798,read _SPaT(ITST ID:23610 Sangam Elementary School SUB) 70
2021-11-01 18:01:01.186,read _MAP(ITST ID:23610)
2021-11-01 18:01:01.330,read _SPaT(ITST ID:23610 Sangam Elementary School SUB) 70
2021-11-01 18:01:01.331,read _SPaT(ITST ID:23610 Sangam Elementary School SUB) 70
2021-11-01 18:01:01.414,read _RTCM
2021-11-01 18:01:01.434,read _RSA(FID:05 FF )
2021-11-01 18:01:01.743,read _SPaT(ITST ID:23610 Sangam Elementary School SUB) 70
2021-11-01 18:01:01.971,read _SPaT(ITST ID:23610 Sangam Elementary School SUB) 70
2021-11-01 18:01:01.971,read _SPaT(ITST ID:23610 Sangam Elementary School SUB) 70
2021-11-01 18:01:02.289,read _MAP(ITST ID:23610)
2021-11-01 18:01:02.391,read _RTCM
2021-11-01 18:01:02.427,read _RSA(FID:05 FF )
2021-11-01 18:01:02.756,read _SPaT(ITST ID:23610 Sangam Elementary School SUB) 70
2021-11-01 18:01:02.757,read _SPaT(ITST ID:23610 Sangam Elementary School SUB) 70
2021-11-01 18:01:02.770,read _SPaT(ITST ID:23610 Sangam Elementary School SUB) 70
2021-11-01 18:01:03.153,read _MAP(ITST ID:23610)
2021-11-01 18:01:03.160,read _SPaT(ITST ID:23610 Sangam Elementary School SUB) 70
2021-11-01 18:01:03.170,read _SPaT(ITST ID:23610 Sangam Elementary School SUB) 70
2021-11-01 18:01:03.319,read _SPaT(ITST ID:23610 Sangam Elementary School SUB) 70
2021-11-01 18:01:03.570,read _SPaT(ITST ID:23610 Sangam Elementary School SUB) 70
2021-11-01 18:01:03.571,read _RTCM
2021-11-01 18:01:03.572,read _RSA(FID:05 FF )
2021-11-01 18:01:03.672,read _SPaT(ITST ID:23610 Sangam Elementary School SUB) 70
2021-11-01 18:01:03.817,read _SPaT(ITST ID:23610 Sangam Elementary School SUB) 70
2021-11-01 18:01:03.889,read _SPaT(ITST ID:23610 Sangam Elementary School SUB) 70
2021-11-01 18:01:04.131,read _MAP(ITST ID:23610)
2021-11-01 18:01:04.250,read _SPaT(ITST ID:23610 Sangam Elementary School SUB) 70
2021-11-01 18:01:04.528,read _SPaT(ITST ID:23610 Sangam Elementary School SUB) 70
2021-11-01 18:01:04.529,read _RTCM
2021-11-01 18:01:04.529,read _RSA(FID:05 FF )
2021-11-01 18:01:04.674,read _SPaT(ITST ID:23610 Sangam Elementary School SUB) 70
2021-11-01 18:01:04.785,read _SPaT(ITST ID:23610 Sangam Elementary School SUB) 70
2021-11-01 18:01:04.817,read _SPaT(ITST ID:23610 Sangam Elementary School SUB) 70
2021-11-01 18:01:05.330,read _MAP(ITST ID:23610)
2021-11-01 18:01:05.330,read _SPaT(ITST ID:23610 Sangam Elementary School SUB) 70
2021-11-01 18:01:05.330,read _SPaT(ITST ID:23610 Sangam Elementary School SUB) 70
2021-11-01 18:01:05.487,read _RTCM
2021-11-01 18:01:05.658,read _SPaT(ITST ID:23610 Sangam Elementary School SUB) 70
2021-11-01 18:01:05.774,read _SPaT(ITST ID:23610 Sangam Elementary School SUB) 70
2021-11-01 18:01:05.795,read _SPaT(ITST ID:23610 Sangam Elementary School SUB) 70
2021-11-01 18:01:06.133,read _MAP(ITST ID:23610)
2021-11-01 18:01:06.282,read _SPaT(ITST ID:23610 Sangam Elementary School SUB) 70
2021-11-01 18:01:06.284,read _SPaT(ITST ID:23610 Sangam Elementary School SUB) 70
2021-11-01 18:01:06.381,read _RTCM
2021-11-01 18:01:06.445,read _RSA(FID:05 FF )
2021-11-01 18:01:06.651,read _SPaT(ITST ID:23610 Sangam Elementary School SUB) 70
2021-11-01 18:01:06.770,read _SPaT(ITST ID:23610 Sangam Elementary School SUB) 70
2021-11-01 18:01:07.012,read _SPaT(ITST ID:23610 Sangam Elementary School SUB) 70
2021-11-01 18:01:07.408,read _MAP(ITST ID:4838)
2021-11-01 18:01:07.408,read _SPaT(ITST ID:4838 Sangam Police Station) 70
2021-11-01 18:01:07.408,read _SPaT(ITST ID:4838 Sangam Police Station) 70
2021-11-01 18:01:07.409,read _RSA(FID:4C FF )
2021-11-01 18:01:07.429,read _RTCM
2021-11-01 18:01:07.723,read _SPaT(ITST ID:4838 Sangam Police Station) 70
2021-11-01 18:01:07.726,read _SPaT(ITST ID:4838 Sangam Police Station) 70
2021-11-01 18:01:08.108,read _SPaT(ITST ID:4838 Sangam Police Station) 70
2021-11-01 18:01:08.368,read _MAP(ITST ID:4838)
2021-11-01 18:01:08.368,read _SPaT(ITST ID:4838 Sangam Police Station) 70
2021-11-01 18:01:08.368,read _SPaT(ITST ID:4838 Sangam Police Station) 70
2021-11-01 18:01:08.388,read _RSA(FID:4C FF )
2021-11-01 18:01:08.401,read _RTCM
2021-11-01 18:01:08.837,read _SPaT(ITST ID:4838 Sangam Police Station) 70
2021-11-01 18:01:08.837,read _SPaT(ITST ID:4838 Sangam Police Station) 70
2021-11-01 18:01:09.327,read _SPaT(ITST ID:4838 Sangam Police Station) 70
2021-11-01 18:01:09.328,read _SPaT(ITST ID:4838 Sangam Police Station) 70
2021-11-01 18:01:09.328,read _SPaT(ITST ID:4838 Sangam Police Station) 70
2021-11-01 18:01:09.348,read _MAP(ITST ID:4838)
2021-11-01 18:01:09.512,read _RTCM
2021-11-01 18:01:09.723,read _RSA(FID:4C FF )
2021-11-01 18:01:09.735,read _SPaT(ITST ID:4838 Sangam Police Station) 70
2021-11-01 18:01:09.735,read _SPaT(ITST ID:4838 Sangam Police Station) 70
2021-11-01 18:01:10.163,read _SPaT(ITST ID:4838 Sangam Police Station) 70
2021-11-01 18:01:10.286,read _MAP(ITST ID:4838)
2021-11-01 18:01:10.314,read _SPaT(ITST ID:4838 Sangam Police Station) 70
2021-11-01 18:01:10.315,read _SPaT(ITST ID:4838 Sangam Police Station) 70
2021-11-01 18:01:10.359,read _RSA(FID:4C FF )
2021-11-01 18:01:10.584,read _RTCM
2021-11-01 18:01:10.896,read _SPaT(ITST ID:4838 Sangam Police Station) 70
2021-11-01 18:01:10.926,read _SPaT(ITST ID:4838 Sangam Police Station) 70
2021-11-01 18:01:11.303,read _MAP(ITST ID:4838)
2021-11-01 18:01:11.333,read _SPaT(ITST ID:4838 Sangam Police Station) 70
2021-11-01 18:01:11.357,read _RSA(FID:4C FF )
2021-11-01 18:01:11.368,read _SPaT(ITST ID:4838 Sangam Police Station) 70
2021-11-01 18:01:11.565,read _SPaT(ITST ID:4838 Sangam Police Station) 70
2021-11-01 18:01:11.566,read _RTCM
2021-11-01 18:01:11.785,read _SPaT(ITST ID:4838 Sangam Police Station) 70
2021-11-01 18:01:11.786,read _SPaT(ITST ID:4838 Sangam Police Station) 70
2021-11-01 18:01:12.146,read _SPaT(ITST ID:4838 Sangam Police Station) 70
2021-11-01 18:01:12.167,read _MAP(ITST ID:4838)
2021-11-01 18:01:12.303,read _SPaT(ITST ID:4838 Sangam Police Station) 70
2021-11-01 18:01:12.303,read _SPaT(ITST ID:4838 Sangam Police Station) 70
2021-11-01 18:01:12.356,read _RSA(FID:4C FF )
2021-11-01 18:01:12.524,read _RTCM
2021-11-01 18:01:12.867,read _SPaT(ITST ID:4838 Sangam Police Station) 70
2021-11-01 18:01:12.867,read _SPaT(ITST ID:4838 Sangam Police Station) 70
2021-11-01 18:01:13.147,read _SPaT(ITST ID:4838 Sangam Police Station) 70
2021-11-01 18:01:13.161,read _MAP(ITST ID:4838)
2021-11-01 18:01:13.274,read _SPaT(ITST ID:4838 Sangam Police Station) 70
2021-11-01 18:01:13.286,read _SPaT(ITST ID:4838 Sangam Police Station) 70
2021-11-01 18:01:13.359,read _RSA(FID:4C FF )
2021-11-01 18:01:13.482,read _RTCM
2021-11-01 18:01:13.769,read _SPaT(ITST ID:4838 Sangam Police Station) 70
2021-11-01 18:01:13.804,read _SPaT(ITST ID:4838 Sangam Police Station) 70
2021-11-01 18:01:14.132,read _SPaT(ITST ID:4838 Sangam Police Station) 70
2021-11-01 18:01:14.444,read _MAP(ITST ID:4838)
2021-11-01 18:01:14.444,read _SPaT(ITST ID:4838 Sangam Police Station) 70
2021-11-01 18:01:14.444,read _SPaT(ITST ID:4838 Sangam Police Station) 70
2021-11-01 18:01:14.465,read _RSA(FID:4C FF )
2021-11-01 18:01:14.495,read _RTCM
2021-11-01 18:01:14.818,read _SPaT(ITST ID:4838 Sangam Police Station) 70
2021-11-01 18:01:14.818,read _SPaT(ITST ID:4838 Sangam Police Station) 70
2021-11-01 18:01:15.122,read _SPaT(ITST ID:4838 Sangam Police Station) 70
2021-11-01 18:01:15.145,read _MAP(ITST ID:4838)
2021-11-01 18:01:15.278,read _SPaT(ITST ID:4838 Sangam Police Station) 70
2021-11-01 18:01:15.308,read _SPaT(ITST ID:4838 Sangam Police Station) 70
2021-11-01 18:01:15.402,read _RSA(FID:4C FF )
2021-11-01 18:01:15.486,read _RTCM
2021-11-01 18:01:15.751,read _SPaT(ITST ID:4838 Sangam Police Station) 70
2021-11-01 18:01:16.045,read _SPaT(ITST ID:4838 Sangam Police Station) 70
2021-11-01 18:01:16.148,read _SPaT(ITST ID:4838 Sangam Police Station) 70
2021-11-01 18:01:16.186,read _MAP(ITST ID:4838)
2021-11-01 18:01:16.294,read _SPaT(ITST ID:4838 Sangam Police Station) 70
2021-11-01 18:01:16.308,read _SPaT(ITST ID:4838 Sangam Police Station) 70
2021-11-01 18:01:16.394,read _RSA(FID:4C FF )
2021-11-01 18:01:16.484,read _RTCM
2021-11-01 18:01:16.752,read _SPaT(ITST ID:4838 Sangam Police Station) 70
2021-11-01 18:01:17.003,read _SPaT(ITST ID:4838 Sangam Police Station) 70
2021-11-01 18:01:17.113,read _SPaT(ITST ID:4838 Sangam Police Station) 70
2021-11-01 18:01:17.139,read _MAP(ITST ID:4838)
2021-11-01 18:01:17.294,read _SPaT(ITST ID:4838 Sangam Police Station) 70
2021-11-01 18:01:17.306,read _SPaT(ITST ID:4838 Sangam Police Station) 70
2021-11-01 18:01:17.401,read _RSA(FID:4C FF )
2021-11-01 18:01:17.479,read _RTCM
2021-11-01 18:01:17.763,read _SPaT(ITST ID:4838 Sangam Police Station) 70
2021-11-01 18:01:17.962,read _SPaT(ITST ID:4838 Sangam Police Station) 70
2021-11-01 18:01:18.109,read _SPaT(ITST ID:4838 Sangam Police Station) 70
2021-11-01 18:01:18.145,read _MAP(ITST ID:4838)
2021-11-01 18:01:18.311,read _SPaT(ITST ID:4838 Sangam Police Station) 70
2021-11-01 18:01:18.402,read _RSA(FID:4C FF )
2021-11-01 18:01:18.601,read _RTCM
2021-11-01 18:01:18.673,read _SPaT(ITST ID:4838 Sangam Police Station) 70
2021-11-01 18:01:18.761,read _SPaT(ITST ID:4838 Sangam Police Station) 70
2021-11-01 18:01:18.762,read _SPaT(ITST ID:4838 Sangam Police Station) 70
2021-11-01 18:01:19.149,read _MAP(ITST ID:4838)
2021-11-01 18:01:19.239,read _SPaT(ITST ID:4838 Sangam Police Station) 70
2021-11-01 18:01:19.241,read _SPaT(ITST ID:4838 Sangam Police Station) 70
2021-11-01 18:01:19.401,read _RSA(FID:4C FF )
2021-11-01 18:01:19.489,read _RTCM
2021-11-01 18:01:19.659,read _SPaT(ITST ID:4838 Sangam Police Station) 70
2021-11-01 18:01:19.751,read _SPaT(ITST ID:4838 Sangam Police Station) 70
2021-11-01 18:01:19.779,read _SPaT(ITST ID:4838 Sangam Police Station) 70
2021-11-01 18:01:20.266,read _MAP(ITST ID:4838)
2021-11-01 18:01:20.279,read _SPaT(ITST ID:4838 Sangam Police Station) 70
2021-11-01 18:01:20.279,read _SPaT(ITST ID:4838 Sangam Police Station) 70
2021-11-01 18:01:20.415,read _RSA(FID:4C FF )
2021-11-01 18:01:20.535,read _RTCM
2021-11-01 18:01:20.865,read _SPaT(ITST ID:4838 Sangam Police Station) 70
2021-11-01 18:01:20.882,read _SPaT(ITST ID:4838 Sangam Police Station) 70
2021-11-01 18:01:21.162,read _MAP(ITST ID:4838)
2021-11-01 18:01:21.236,read _SPaT(ITST ID:4838 Sangam Police Station) 70
2021-11-01 18:01:21.237,read _SPaT(ITST ID:4838 Sangam Police Station) 70
2021-11-01 18:01:21.409,read _RSA(FID:4C FF )
2021-11-01 18:01:21.801,read _RTCM
2021-11-01 18:01:21.877,read _SPaT(ITST ID:4838 Sangam Police Station) 70
2021-11-01 18:01:21.879,read _SPaT(ITST ID:4838 Sangam Police Station) 70
2021-11-01 18:01:22.239,read _MAP(ITST ID:4838)
2021-11-01 18:01:22.253,read _SPaT(ITST ID:4838 Sangam Police Station) 70
2021-11-01 18:01:22.322,read _SPaT(ITST ID:4838 Sangam Police Station) 70
2021-11-01 18:01:22.413,read _RSA(FID:4C FF )
2021-11-01 18:01:22.760,read _RTCM
2021-11-01 18:01:22.760,read _SPaT(ITST ID:4838 Sangam Police Station) 70
2021-11-01 18:01:22.781,read _SPaT(ITST ID:4838 Sangam Police Station) 70
2021-11-01 18:01:22.807,read _SPaT(ITST ID:4838 Sangam Police Station) 70
2021-11-01 18:01:23.400,read _SPaT(ITST ID:4838 Sangam Police Station) 70
2021-11-01 18:01:23.400,read _SPaT(ITST ID:4838 Sangam Police Station) 70
2021-11-01 18:01:23.401,read _MAP(ITST ID:4838)
2021-11-01 18:01:23.549,read _RTCM
2021-11-01 18:01:23.549,read _RSA(FID:4C FF )
2021-11-01 18:01:23.654,read _SPaT(ITST ID:4838 Sangam Police Station) 70
2021-11-01 18:01:23.809,read _SPaT(ITST ID:4838 Sangam Police Station) 70
2021-11-01 18:01:23.823,read _SPaT(ITST ID:4838 Sangam Police Station) 70
2021-11-01 18:01:24.134,read _MAP(ITST ID:4838)
2021-11-01 18:01:24.249,read _SPaT(ITST ID:4838 Sangam Police Station) 70
2021-11-01 18:01:24.249,read _SPaT(ITST ID:4838 Sangam Police Station) 70
2021-11-01 18:01:24.425,read _RSA(FID:4C FF )
2021-11-01 18:01:24.569,read _RTCM
2021-11-01 18:01:24.693,read _SPaT(ITST ID:4838 Sangam Police Station) 70
2021-11-01 18:01:24.805,read _SPaT(ITST ID:4838 Sangam Police Station) 70
2021-11-01 18:01:24.812,read _SPaT(ITST ID:4838 Sangam Police Station) 70
2021-11-01 18:01:25.201,read _MAP(ITST ID:4838)
2021-11-01 18:01:25.279,read _SPaT(ITST ID:4838 Sangam Police Station) 70
2021-11-01 18:01:25.319,read _SPaT(ITST ID:4838 Sangam Police Station) 70
2021-11-01 18:01:25.428,read _RSA(FID:4C FF )
2021-11-01 18:01:25.530,read _RTCM
2021-11-01 18:01:25.928,read _SPaT(ITST ID:4838 Sangam Police Station) 70
2021-11-01 18:01:26.279,read _SPaT(ITST ID:4838 Sangam Police Station) 70
2021-11-01 18:01:26.281,read _MAP(ITST ID:4838)
2021-11-01 18:01:26.300,read _SPaT(ITST ID:4838 Sangam Police Station) 70
2021-11-01 18:01:26.300,read _SPaT(ITST ID:4838 Sangam Police Station) 70
2021-11-01 18:01:26.437,read _RSA(FID:4C FF )
2021-11-01 18:01:26.504,read _RTCM
2021-11-01 18:01:26.995,read _SPaT(ITST ID:4838 Sangam Police Station) 70
2021-11-01 18:01:26.995,read _SPaT(ITST ID:4838 Sangam Police Station) 70
2021-11-01 18:01:27.249,read _SPaT(ITST ID:4838 Sangam Police Station) 70
2021-11-01 18:01:27.249,read _SPaT(ITST ID:4838 Sangam Police Station) 70
2021-11-01 18:01:27.282,read _SPaT(ITST ID:4838 Sangam Police Station) 70
2021-11-01 18:01:27.347,read _MAP(ITST ID:4838)
2021-11-01 18:01:27.448,read _RSA(FID:4C FF )
2021-11-01 18:01:27.497,read _RTCM
2021-11-01 18:01:27.935,read _SPaT(ITST ID:4838 Sangam Police Station) 70
2021-11-01 18:01:27.935,read _SPaT(ITST ID:4838 Sangam Police Station) 70
2021-11-01 18:01:28.107,read _SPaT(ITST ID:4838 Sangam Police Station) 70
2021-11-01 18:01:28.135,read _MAP(ITST ID:4838)
2021-11-01 18:01:28.274,read _SPaT(ITST ID:4838 Sangam Police Station) 70
2021-11-01 18:01:28.274,read _SPaT(ITST ID:4838 Sangam Police Station) 70
2021-11-01 18:01:28.462,read _RSA(FID:4C FF )
2021-11-01 18:01:28.517,read _RTCM
2021-11-01 18:01:28.729,read _SPaT(ITST ID:4838 Sangam Police Station) 70
2021-11-01 18:01:28.729,read _SPaT(ITST ID:4838 Sangam Police Station) 70
2021-11-01 18:01:29.136,read _SPaT(ITST ID:4838 Sangam Police Station) 70
2021-11-01 18:01:29.159,read _MAP(ITST ID:4838)
2021-11-01 18:01:29.270,read _SPaT(ITST ID:4838 Sangam Police Station) 70
2021-11-01 18:01:29.271,read _SPaT(ITST ID:4838 Sangam Police Station) 70
2021-11-01 18:01:29.576,read _RTCM
2021-11-01 18:01:29.577,read _RSA(FID:4C FF )
2021-11-01 18:01:29.786,read _SPaT(ITST ID:4838 Sangam Police Station) 70
2021-11-01 18:01:29.786,read _SPaT(ITST ID:4838 Sangam Police Station) 70
2021-11-01 18:01:30.111,read _SPaT(ITST ID:4838 Sangam Police Station) 70
2021-11-01 18:01:30.165,read _MAP(ITST ID:4838)
2021-11-01 18:01:30.264,read _SPaT(ITST ID:4838 Sangam Police Station) 70
2021-11-01 18:01:30.290,read _SPaT(ITST ID:4838 Sangam Police Station) 70
2021-11-01 18:01:30.608,read _RTCM
2021-11-01 18:01:30.608,read _RSA(FID:4C FF )
2021-11-01 18:01:30.810,read _SPaT(ITST ID:4838 Sangam Police Station) 70
2021-11-01 18:01:30.810,read _SPaT(ITST ID:4838 Sangam Police Station) 70
2021-11-01 18:01:31.113,read _SPaT(ITST ID:4838 Sangam Police Station) 70
2021-11-01 18:01:31.399,read _MAP(ITST ID:4838)
2021-11-01 18:01:31.399,read _SPaT(ITST ID:4838 Sangam Police Station) 70
2021-11-01 18:01:31.399,read _SPaT(ITST ID:4838 Sangam Police Station) 70
2021-11-01 18:01:31.558,read _RTCM
2021-11-01 18:01:31.558,read _RSA(FID:4C FF )
2021-11-01 18:01:31.558,read _RSA(FID:4C FF )
2021-11-01 18:01:31.762,read _SPaT(ITST ID:4838 Sangam Police Station) 70
2021-11-01 18:01:31.762,read _SPaT(ITST ID:4838 Sangam Police Station) 70
2021-11-01 18:01:32.182,read _SPaT(ITST ID:4838 Sangam Police Station) 70
2021-11-01 18:01:32.357,read _MAP(ITST ID:4838)
2021-11-01 18:01:32.358,read _SPaT(ITST ID:4838 Sangam Police Station) 70
2021-11-01 18:01:32.488,read _RTCM
2021-11-01 18:01:32.587,read _RSA(FID:4C FF )
2021-11-01 18:01:32.587,read _RSA(FID:4C FF )
2021-11-01 18:01:32.660,read _SPaT(ITST ID:4838 Sangam Police Station) 70
2021-11-01 18:01:32.778,read _SPaT(ITST ID:4838 Sangam Police Station) 70
2021-11-01 18:01:32.996,read _SPaT(ITST ID:4838 Sangam Police Station) 70
2021-11-01 18:01:33.128,read _SPaT(ITST ID:4838 Sangam Police Station) 70
2021-11-01 18:01:33.164,read _MAP(ITST ID:4838)
2021-11-01 18:01:33.295,read _SPaT(ITST ID:4838 Sangam Police Station) 70
2021-11-01 18:01:33.526,read _RTCM
2021-11-01 18:01:33.537,read _RSA(FID:4C FF )
2021-11-01 18:01:33.615,read _RSA(FID:4C FF )
2021-11-01 18:01:33.660,read _SPaT(ITST ID:4838 Sangam Police Station) 70
2021-11-01 18:01:33.764,read _SPaT(ITST ID:4838 Sangam Police Station) 70
2021-11-01 18:01:33.955,read _SPaT(ITST ID:4838 Sangam Police Station) 70
2021-11-01 18:01:34.134,read _SPaT(ITST ID:4838 Sangam Police Station) 70
2021-11-01 18:01:34.596,read _MAP(ITST ID:4838)
2021-11-01 18:01:34.596,read _SPaT(ITST ID:4838 Sangam Police Station) 70
2021-11-01 18:01:34.622,read _RTCM
2021-11-01 18:01:34.622,read _RSA(FID:4C FF )
2021-11-01 18:01:34.622,read _RSA(FID:4C FF )
2021-11-01 18:01:34.868,read _SPaT(ITST ID:4838 Sangam Police Station) 70
2021-11-01 18:01:34.868,read _SPaT(ITST ID:4838 Sangam Police Station) 70
2021-11-01 18:01:35.135,read _MAP(ITST ID:4838)
2021-11-01 18:01:35.220,read _SPaT(ITST ID:4838 Sangam Police Station) 70
2021-11-01 18:01:35.235,read _SPaT(ITST ID:4838 Sangam Police Station) 70
2021-11-01 18:01:35.591,read _RTCM
2021-11-01 18:01:35.592,read _RSA(FID:4C FF )
2021-11-01 18:01:35.592,read _RSA(FID:4C FF )
2021-11-01 18:01:35.648,read _SPaT(ITST ID:4838 Sangam Police Station) 70
2021-11-01 18:01:35.766,read _SPaT(ITST ID:4838 Sangam Police Station) 70
2021-11-01 18:01:35.766,read _SPaT(ITST ID:4838 Sangam Police Station) 70
2021-11-01 18:01:36.516,read _MAP(ITST ID:4838)
2021-11-01 18:01:36.516,read _SPaT(ITST ID:4838 Sangam Police Station) 70
2021-11-01 18:01:36.516,read _SPaT(ITST ID:4838 Sangam Police Station) 70
2021-11-01 18:01:36.541,read _RTCM
2021-11-01 18:01:36.573,read _RSA(FID:4C FF )
2021-11-01 18:01:36.573,read _RSA(FID:4C FF )
2021-11-01 18:01:36.645,read _SPaT(ITST ID:4838 Sangam Police Station) 70
2021-11-01 18:01:36.742,read _SPaT(ITST ID:4838 Sangam Police Station) 70
2021-11-01 18:01:36.765,read _SPaT(ITST ID:4838 Sangam Police Station) 70
2021-11-01 18:01:37.160,read _MAP(ITST ID:4838)
2021-11-01 18:01:37.233,read _SPaT(ITST ID:4838 Sangam Police Station) 70
2021-11-01 18:01:37.234,read _SPaT(ITST ID:4838 Sangam Police Station) 70
2021-11-01 18:01:37.486,read _RTCM
2021-11-01 18:01:37.577,read _RSA(FID:4C FF )
2021-11-01 18:01:37.577,read _RSA(FID:4C FF )
2021-11-01 18:01:37.682,read _SPaT(ITST ID:4838 Sangam Police Station) 70
2021-11-01 18:01:37.757,read _SPaT(ITST ID:4838 Sangam Police Station) 70
2021-11-01 18:01:37.818,read _SPaT(ITST ID:4838 Sangam Police Station) 70
2021-11-01 18:01:38.128,read _MAP(ITST ID:4838)
2021-11-01 18:01:38.259,read _SPaT(ITST ID:4838 Sangam Police Station) 70
2021-11-01 18:01:38.259,read _SPaT(ITST ID:4838 Sangam Police Station) 70
2021-11-01 18:01:38.617,read _RTCM
2021-11-01 18:01:38.618,read _RSA(FID:4C FF )
2021-11-01 18:01:38.625,read _SPaT(ITST ID:4838 Sangam Police Station) 70
2021-11-01 18:01:38.632,read _RSA(FID:4C FF )
2021-11-01 18:01:38.755,read _SPaT(ITST ID:4838 Sangam Police Station) 70
2021-11-01 18:01:38.802,read _SPaT(ITST ID:4838 Sangam Police Station) 70
2021-11-01 18:01:39.256,read _SPaT(ITST ID:4838 Sangam Police Station) 70
2021-11-01 18:01:39.285,read _SPaT(ITST ID:4838 Sangam Police Station) 70
2021-11-01 18:01:39.330,read _MAP(ITST ID:4838)
2021-11-01 18:01:39.495,read _RTCM
2021-11-01 18:01:39.599,read _RSA(FID:4C FF )
2021-11-01 18:01:39.599,read _RSA(FID:4C FF )
2021-11-01 18:01:39.659,read _SPaT(ITST ID:4838 Sangam Police Station) 70
2021-11-01 18:01:39.762,read _SPaT(ITST ID:4838 Sangam Police Station) 70
2021-11-01 18:01:39.778,read _SPaT(ITST ID:4838 Sangam Police Station) 70
2021-11-01 18:01:40.354,read _MAP(ITST ID:4838)
2021-11-01 18:01:40.384,read _SPaT(ITST ID:4838 Sangam Police Station) 70
2021-11-01 18:01:40.385,read _SPaT(ITST ID:4838 Sangam Police Station) 70
2021-11-01 18:01:40.486,read _RTCM
2021-11-01 18:01:40.564,read _RSA(FID:4C FF )
2021-11-01 18:01:40.590,read _RSA(FID:4C FF )
2021-11-01 18:01:40.631,read _SPaT(ITST ID:4838 Sangam Police Station) 70
2021-11-01 18:01:40.772,read _SPaT(ITST ID:4838 Sangam Police Station) 70
2021-11-01 18:01:40.827,read _SPaT(ITST ID:4838 Sangam Police Station) 70
2021-11-01 18:01:41.134,read _MAP(ITST ID:4838)
2021-11-01 18:01:41.268,read _SPaT(ITST ID:4838 Sangam Police Station) 70
2021-11-01 18:01:41.268,read _SPaT(ITST ID:4838 Sangam Police Station) 70
2021-11-01 18:01:41.475,read _RTCM
2021-11-01 18:01:41.579,read _RSA(FID:4C FF )
2021-11-01 18:01:41.633,read _RSA(FID:4C FF )
2021-11-01 18:01:41.633,read _SPaT(ITST ID:4838 Sangam Police Station) 70
2021-11-01 18:01:41.782,read _SPaT(ITST ID:4838 Sangam Police Station) 70
2021-11-01 18:01:41.813,read _SPaT(ITST ID:4838 Sangam Police Station) 70
2021-11-01 18:01:42.273,read _MAP(ITST ID:4838)
2021-11-01 18:01:42.274,read _SPaT(ITST ID:4838 Sangam Police Station) 70
2021-11-01 18:01:42.274,read _SPaT(ITST ID:4838 Sangam Police Station) 70
2021-11-01 18:01:42.494,read _RTCM
2021-11-01 18:01:42.581,read _RSA(FID:4C FF )
2021-11-01 18:01:42.627,read _RSA(FID:4C FF )
2021-11-01 18:01:42.726,read _SPaT(ITST ID:4838 Sangam Police Station) 70
2021-11-01 18:01:42.726,read _SPaT(ITST ID:4838 Sangam Police Station) 70
2021-11-01 18:01:43.099,read _SPaT(ITST ID:4838 Sangam Police Station) 70
2021-11-01 18:01:43.233,read _MAP(ITST ID:3187)
2021-11-01 18:01:43.234,read _SPaT(ITST ID:3187 Seongam three-way street) 70
2021-11-01 18:01:43.389,read _SPaT(ITST ID:3187 Seongam three-way street) 70
2021-11-01 18:01:43.511,read _RTCM
2021-11-01 18:01:43.585,read _SPaT(ITST ID:3187 Seongam three-way street) 70
2021-11-01 18:01:43.872,read _RSA(FID:4C FF )
2021-11-01 18:01:43.873,read _RSA(FID:4C FF )
2021-11-01 18:01:43.910,read _SPaT(ITST ID:3187 Seongam three-way street) 70
2021-11-01 18:01:43.962,read _SPaT(ITST ID:3187 Seongam three-way street) 70
2021-11-01 18:01:44.192,read _MAP(ITST ID:3187)
2021-11-01 18:01:44.192,read _SPaT(ITST ID:3187 Seongam three-way street) 70
2021-11-01 18:01:44.365,read _SPaT(ITST ID:3187 Seongam three-way street) 70
2021-11-01 18:01:44.501,read _RTCM
2021-11-01 18:01:44.603,read _SPaT(ITST ID:3187 Seongam three-way street) 70
2021-11-01 18:01:44.838,read _RSA(FID:4C FF )
2021-11-01 18:01:44.838,read _RSA(FID:4C FF )
2021-11-01 18:01:44.840,read _SPaT(ITST ID:3187 Seongam three-way street) 70
2021-11-01 18:01:45.018,read _SPaT(ITST ID:3187 Seongam three-way street) 70
2021-11-01 18:01:45.152,read _MAP(ITST ID:3187)
2021-11-01 18:01:45.178,read _SPaT(ITST ID:3187 Seongam three-way street) 70
2021-11-01 18:01:45.361,read _SPaT(ITST ID:3187 Seongam three-way street) 70
2021-11-01 18:01:45.509,read _RTCM
2021-11-01 18:01:45.569,read _SPaT(ITST ID:3187 Seongam three-way street) 70
2021-11-01 18:01:45.575,read _RSA(FID:4C FF )
2021-11-01 18:01:45.621,read _RSA(FID:4C FF )
2021-11-01 18:01:45.645,read _RSA(FID:5A FF )
2021-11-01 18:01:45.672,read _RSA(FID:5A FF )
2021-11-01 18:01:45.781,read _SPaT(ITST ID:3187 Seongam three-way street) 70
2021-11-01 18:04:33.773,read _RTCM
2021-11-01 18:04:34.890,read _RTCM
2021-11-01 18:04:35.630,read _RTCM
2021-11-01 18:04:36.670,read _RTCM
2021-11-01 18:04:37.670,read _RTCM
2021-11-01 18:04:38.780,read _RTCM
2021-11-01 18:04:39.644,read _RTCM
2021-11-01 18:04:40.666,read _RTCM
2021-11-01 18:04:41.643,read _RTCM
2021-11-01 18:04:42.644,read _RTCM
2021-11-01 18:04:43.563,read _MAP(ITST ID:23610)
2021-11-01 18:04:43.603,read _SPaT(ITST ID:23610 Sangam Elementary School SUB) 70
2021-11-01 18:04:43.641,read _RTCM
2021-11-01 18:04:43.899,read _SPaT(ITST ID:23610 Sangam Elementary School SUB) 70
2021-11-01 18:04:43.901,read _SPaT(ITST ID:23610 Sangam Elementary School SUB) 70
2021-11-01 18:04:44.195,read _SPaT(ITST ID:23610 Sangam Elementary School SUB) 70
2021-11-01 18:04:44.311,read _SPaT(ITST ID:23610 Sangam Elementary School SUB) 70
2021-11-01 18:04:44.579,read _MAP(ITST ID:4838)
2021-11-01 18:04:44.640,read _RTCM
2021-11-01 18:04:44.678,read _SPaT(ITST ID:4838 Sangam Police Station) 70
2021-11-01 18:04:44.679,read _SPaT(ITST ID:4838 Sangam Police Station) 70
2021-11-01 18:04:45.184,read _SPaT(ITST ID:4838 Sangam Police Station) 70
2021-11-01 18:04:45.273,read _SPaT(ITST ID:4838 Sangam Police Station) 70
2021-11-01 18:04:45.273,read _SPaT(ITST ID:4838 Sangam Police Station) 70
2021-11-01 18:04:45.592,read _MAP(ITST ID:4838)
2021-11-01 18:04:45.630,read _RTCM
2021-11-01 18:04:45.701,read _SPaT(ITST ID:4838 Sangam Police Station) 70
2021-11-01 18:04:45.702,read _SPaT(ITST ID:4838 Sangam Police Station) 70
2021-11-01 18:04:45.863,read _RSA(FID:4C FF )
2021-11-01 18:04:46.057,read _SPaT(ITST ID:4838 Sangam Police Station) 70
2021-11-01 18:04:46.218,read _SPaT(ITST ID:4838 Sangam Police Station) 70
2021-11-01 18:04:46.218,read _SPaT(ITST ID:4838 Sangam Police Station) 70
2021-11-01 18:04:46.535,read _MAP(ITST ID:4838)
2021-11-01 18:04:46.628,read _RTCM
2021-11-01 18:04:46.692,read _SPaT(ITST ID:4838 Sangam Police Station) 70
2021-11-01 18:04:46.692,read _SPaT(ITST ID:4838 Sangam Police Station) 70
2021-11-01 18:04:46.984,read _RSA(FID:4C FF )
2021-11-01 18:04:47.143,read _SPaT(ITST ID:4838 Sangam Police Station) 70
2021-11-01 18:04:47.251,read _SPaT(ITST ID:4838 Sangam Police Station) 70
2021-11-01 18:04:47.511,read _SPaT(ITST ID:4838 Sangam Police Station) 70
2021-11-01 18:04:47.541,read _MAP(ITST ID:4838)
2021-11-01 18:04:47.643,read _RTCM
2021-11-01 18:04:47.683,read _SPaT(ITST ID:4838 Sangam Police Station) 70
2021-11-01 18:04:47.685,read _SPaT(ITST ID:4838 Sangam Police Station) 70
2021-11-01 18:04:48.065,read _SPaT(ITST ID:4838 Sangam Police Station) 70
2021-11-01 18:04:48.236,read _SPaT(ITST ID:4838 Sangam Police Station) 70
2021-11-01 18:04:48.266,read _SPaT(ITST ID:4838 Sangam Police Station) 70
2021-11-01 18:04:48.534,read _MAP(ITST ID:4838)
2021-11-01 18:04:48.698,read _SPaT(ITST ID:4838 Sangam Police Station) 70
2021-11-01 18:04:48.699,read _SPaT(ITST ID:4838 Sangam Police Station) 70
2021-11-01 18:04:48.842,read _RTCM
2021-11-01 18:04:49.083,read _SPaT(ITST ID:4838 Sangam Police Station) 70
2021-11-01 18:04:49.293,read _SPaT(ITST ID:4838 Sangam Police Station) 70
2021-11-01 18:04:49.431,read _SPaT(ITST ID:4838 Sangam Police Station) 70
2021-11-01 18:04:49.550,read _MAP(ITST ID:4838)
2021-11-01 18:04:49.641,read _RTCM
2021-11-01 18:04:49.746,read _SPaT(ITST ID:4838 Sangam Police Station) 70
2021-11-01 18:04:49.746,read _SPaT(ITST ID:4838 Sangam Police Station) 70
2021-11-01 18:04:49.871,read _RSA(FID:4C FF )
2021-11-01 18:04:50.058,read _SPaT(ITST ID:4838 Sangam Police Station) 70
2021-11-01 18:04:50.223,read _SPaT(ITST ID:4838 Sangam Police Station) 70
2021-11-01 18:04:50.257,read _SPaT(ITST ID:4838 Sangam Police Station) 70
2021-11-01 18:04:50.712,read _MAP(ITST ID:4838)
2021-11-01 18:04:50.726,read _RTCM
2021-11-01 18:04:50.726,read _SPaT(ITST ID:4838 Sangam Police Station) 70
2021-11-01 18:04:50.726,read _SPaT(ITST ID:4838 Sangam Police Station) 70
2021-11-01 18:04:50.870,read _RSA(FID:4C FF )
2021-11-01 18:04:51.162,read _SPaT(ITST ID:4838 Sangam Police Station) 70
2021-11-01 18:04:51.351,read _SPaT(ITST ID:4838 Sangam Police Station) 70
2021-11-01 18:04:51.528,read _MAP(ITST ID:4838)
2021-11-01 18:04:51.583,read _SPaT(ITST ID:4838 Sangam Police Station) 70
2021-11-01 18:04:51.670,read _RTCM
2021-11-01 18:04:51.734,read _SPaT(ITST ID:4838 Sangam Police Station) 70
2021-11-01 18:04:51.735,read _SPaT(ITST ID:4838 Sangam Police Station) 70
2021-11-01 18:04:51.913,read _RSA(FID:4C FF )
2021-11-01 18:04:52.075,read _SPaT(ITST ID:4838 Sangam Police Station) 70
2021-11-01 18:04:52.250,read _SPaT(ITST ID:4838 Sangam Police Station) 70
2021-11-01 18:04:52.264,read _SPaT(ITST ID:4838 Sangam Police Station) 70
2021-11-01 18:04:52.543,read _MAP(ITST ID:4838)
2021-11-01 18:04:52.653,read _RTCM
2021-11-01 18:04:52.751,read _SPaT(ITST ID:4838 Sangam Police Station) 70
2021-11-01 18:04:52.986,read _SPaT(ITST ID:4838 Sangam Police Station) 70
2021-11-01 18:04:52.986,read _RSA(FID:4C FF )
2021-11-01 18:04:53.246,read _SPaT(ITST ID:4838 Sangam Police Station) 70
2021-11-01 18:04:53.246,read _SPaT(ITST ID:4838 Sangam Police Station) 70
2021-11-01 18:04:53.596,read _MAP(ITST ID:4838)
2021-11-01 18:04:53.646,read _SPaT(ITST ID:4838 Sangam Police Station) 70
2021-11-01 18:04:53.685,read _RTCM
2021-11-01 18:04:53.796,read _SPaT(ITST ID:4838 Sangam Police Station) 70
2021-11-01 18:04:53.833,read _SPaT(ITST ID:4838 Sangam Police Station) 70
2021-11-01 18:04:53.990,read _RSA(FID:4C FF )
2021-11-01 18:04:54.277,read _SPaT(ITST ID:4838 Sangam Police Station) 70
2021-11-01 18:04:54.305,read _SPaT(ITST ID:4838 Sangam Police Station) 70
2021-11-01 18:04:54.598,read _MAP(ITST ID:4838)
2021-11-01 18:04:54.661,read _SPaT(ITST ID:4838 Sangam Police Station) 70
2021-11-01 18:04:54.728,read _RTCM
2021-11-01 18:04:54.854,read _SPaT(ITST ID:4838 Sangam Police Station) 70
2021-11-01 18:04:54.898,read _SPaT(ITST ID:4838 Sangam Police Station) 70
2021-11-01 18:04:55.033,read _RSA(FID:4C FF )
2021-11-01 18:04:55.281,read _SPaT(ITST ID:4838 Sangam Police Station) 70
2021-11-01 18:04:55.292,read _SPaT(ITST ID:4838 Sangam Police Station) 70
2021-11-01 18:04:55.618,read _MAP(ITST ID:4838)
2021-11-01 18:04:55.679,read _SPaT(ITST ID:4838 Sangam Police Station) 70
2021-11-01 18:04:55.743,read _RTCM
2021-11-01 18:04:55.883,read _SPaT(ITST ID:4838 Sangam Police Station) 70
2021-11-01 18:04:55.883,read _SPaT(ITST ID:4838 Sangam Police Station) 70
2021-11-01 18:04:56.042,read _RSA(FID:4C FF )
2021-11-01 18:04:56.329,read _SPaT(ITST ID:4838 Sangam Police Station) 70
2021-11-01 18:04:56.331,read _SPaT(ITST ID:4838 Sangam Police Station) 70
2021-11-01 18:04:56.549,read _MAP(ITST ID:4838)
2021-11-01 18:04:56.706,read _SPaT(ITST ID:4838 Sangam Police Station) 70
2021-11-01 18:04:56.926,read _RTCM
2021-11-01 18:04:57.058,read _SPaT(ITST ID:4838 Sangam Police Station) 70
2021-11-01 18:04:57.058,read _SPaT(ITST ID:4838 Sangam Police Station) 70
2021-11-01 18:04:57.340,read _RSA(FID:4C FF )
2021-11-01 18:04:57.362,read _SPaT(ITST ID:4838 Sangam Police Station) 70
2021-11-01 18:04:57.362,read _SPaT(ITST ID:4838 Sangam Police Station) 70
2021-11-01 18:04:57.657,read _MAP(ITST ID:4838)
2021-11-01 18:04:57.725,read _SPaT(ITST ID:4838 Sangam Police Station) 70
2021-11-01 18:04:57.784,read _RTCM
2021-11-01 18:04:57.896,read _SPaT(ITST ID:4838 Sangam Police Station) 70
2021-11-01 18:04:57.913,read _SPaT(ITST ID:4838 Sangam Police Station) 70
2021-11-01 18:04:58.121,read _RSA(FID:4C FF )
2021-11-01 18:04:58.556,read _SPaT(ITST ID:4838 Sangam Police Station) 70
2021-11-01 18:04:58.556,read _SPaT(ITST ID:4838 Sangam Police Station) 70
2021-11-01 18:04:58.565,read _MAP(ITST ID:4838)
2021-11-01 18:04:58.750,read _SPaT(ITST ID:4838 Sangam Police Station) 70
2021-11-01 18:04:58.827,read _RTCM
2021-11-01 18:04:58.944,read _SPaT(ITST ID:4838 Sangam Police Station) 70
2021-11-01 18:04:58.944,read _SPaT(ITST ID:4838 Sangam Police Station) 70
2021-11-01 18:04:59.137,read _RSA(FID:4C FF )
2021-11-01 18:04:59.377,read _SPaT(ITST ID:4838 Sangam Police Station) 70
2021-11-01 18:04:59.377,read _SPaT(ITST ID:4838 Sangam Police Station) 70
2021-11-01 18:04:59.533,read _MAP(ITST ID:4838)
2021-11-01 18:04:59.829,read _RTCM
2021-11-01 18:04:59.838,read _SPaT(ITST ID:4838 Sangam Police Station) 70
2021-11-01 18:04:59.855,read _SPaT(ITST ID:4838 Sangam Police Station) 70
2021-11-01 18:04:59.998,read _SPaT(ITST ID:4838 Sangam Police Station) 70
2021-11-01 18:05:00.368,read _RSA(FID:4C FF )
2021-11-01 18:05:00.412,read _SPaT(ITST ID:4838 Sangam Police Station) 70
2021-11-01 18:05:00.504,read _SPaT(ITST ID:4838 Sangam Police Station) 70
2021-11-01 18:05:00.554,read _MAP(ITST ID:4838)
2021-11-01 18:05:00.780,read _SPaT(ITST ID:4838 Sangam Police Station) 70
2021-11-01 18:05:00.837,read _RTCM
2021-11-01 18:05:00.916,read _SPaT(ITST ID:4838 Sangam Police Station) 70
2021-11-01 18:05:00.940,read _SPaT(ITST ID:4838 Sangam Police Station) 70
2021-11-01 18:05:01.223,read _RSA(FID:4C FF )
2021-11-01 18:05:01.397,read _SPaT(ITST ID:4838 Sangam Police Station) 70
2021-11-01 18:05:01.479,read _SPaT(ITST ID:4838 Sangam Police Station) 70
2021-11-01 18:05:01.581,read _MAP(ITST ID:4838)
2021-11-01 18:05:01.840,read _SPaT(ITST ID:4838 Sangam Police Station) 70
2021-11-01 18:05:01.841,read _RTCM
2021-11-01 18:05:01.916,read _SPaT(ITST ID:4838 Sangam Police Station) 70
2021-11-01 18:05:01.988,read _SPaT(ITST ID:4838 Sangam Police Station) 70
2021-11-01 18:05:02.222,read _RSA(FID:4C FF )
2021-11-01 18:05:02.410,read _SPaT(ITST ID:4838 Sangam Police Station) 70
2021-11-01 18:05:02.446,read _SPaT(ITST ID:4838 Sangam Police Station) 70
2021-11-01 18:05:02.535,read _MAP(ITST ID:4838)
2021-11-01 18:05:02.800,read _SPaT(ITST ID:4838 Sangam Police Station) 70
2021-11-01 18:05:03.091,read _RTCM
2021-11-01 18:05:03.092,read _SPaT(ITST ID:4838 Sangam Police Station) 70
2021-11-01 18:05:03.092,read _SPaT(ITST ID:4838 Sangam Police Station) 70
2021-11-01 18:05:03.255,read _RSA(FID:4C FF )
2021-11-01 18:05:03.454,read _SPaT(ITST ID:4838 Sangam Police Station) 70
2021-11-01 18:05:03.454,read _SPaT(ITST ID:4838 Sangam Police Station) 70
2021-11-01 18:05:03.528,read _MAP(ITST ID:3187)
2021-11-01 18:05:03.543,read _SPaT(ITST ID:3187 Seongam three-way street) 70
2021-11-01 18:05:03.774,read _SPaT(ITST ID:3187 Seongam three-way street) 70
2021-11-01 18:05:03.891,read _RTCM
2021-11-01 18:05:04.016,read _SPaT(ITST ID:3187 Seongam three-way street) 70
2021-11-01 18:05:04.329,read _RSA(FID:4C FF )
2021-11-01 18:05:04.335,read _SPaT(ITST ID:3187 Seongam three-way street) 70
2021-11-01 18:05:04.384,read _SPaT(ITST ID:3187 Seongam three-way street) 70
2021-11-01 18:05:04.544,read _MAP(ITST ID:3187)
2021-11-01 18:05:04.552,read _SPaT(ITST ID:3187 Seongam three-way street) 70
2021-11-01 18:05:04.772,read _SPaT(ITST ID:3187 Seongam three-way street) 70
2021-11-01 18:05:04.874,read _RTCM
2021-11-01 18:05:05.454,read _SPaT(ITST ID:3187 Seongam three-way street) 70
2021-11-01 18:05:05.471,read _SPaT(ITST ID:3187 Seongam three-way street) 70
2021-11-01 18:05:05.481,read _RSA(FID:4C FF )
2021-11-01 18:05:05.672,read _SPaT(ITST ID:3187 Seongam three-way street) 70
2021-11-01 18:05:05.673,read _SPaT(ITST ID:3187 Seongam three-way street) 70
2021-11-01 18:05:05.743,read _MAP(ITST ID:3187)
2021-11-01 18:05:05.776,read _SPaT(ITST ID:3187 Seongam three-way street) 70
2021-11-01 18:05:05.871,read _RTCM
2021-11-01 18:05:06.036,read _SPaT(ITST ID:3187 Seongam three-way street) 70
2021-11-01 18:05:06.196,read _SPaT(ITST ID:3187 Seongam three-way street) 70
2021-11-01 18:05:06.252,read _RSA(FID:4C FF )
2021-11-01 18:05:06.403,read _SPaT(ITST ID:3187 Seongam three-way street) 70
2021-11-01 18:05:06.640,read _MAP(ITST ID:3187)
2021-11-01 18:05:06.659,read _SPaT(ITST ID:3187 Seongam three-way street) 70
2021-11-01 18:05:06.803,read _SPaT(ITST ID:3187 Seongam three-way street) 70
2021-11-01 18:05:06.890,read _RTCM
2021-11-01 18:05:07.107,read _SPaT(ITST ID:3187 Seongam three-way street) 70
2021-11-01 18:05:07.412,read _RSA(FID:4C FF )
2021-11-01 18:05:07.420,read _SPaT(ITST ID:3187 Seongam three-way street) 70
2021-11-01 18:05:07.501,read _SPaT(ITST ID:3187 Seongam three-way street) 70
2021-11-01 18:05:07.605,read _MAP(ITST ID:3187)
2021-11-01 18:05:07.632,read _SPaT(ITST ID:3187 Seongam three-way street) 70
2021-11-01 18:05:07.882,read _SPaT(ITST ID:3187 Seongam three-way street) 70
2021-11-01 18:05:07.898,read _RTCM
2021-11-01 18:05:08.025,read _SPaT(ITST ID:3187 Seongam three-way street) 70
2021-11-01 18:05:08.277,read _SPaT(ITST ID:3187 Seongam three-way street) 70
2021-11-01 18:05:08.295,read _RSA(FID:4C FF )
2021-11-01 18:05:08.568,read _SPaT(ITST ID:3187 Seongam three-way street) 70
2021-11-01 18:05:08.650,read _SPaT(ITST ID:3187 Seongam three-way street) 70
2021-11-01 18:05:08.666,read _MAP(ITST ID:3187)
2021-11-01 18:05:09.066,read _SPaT(ITST ID:3187 Seongam three-way street) 70
2021-11-01 18:05:09.123,read _RTCM
2021-11-01 18:05:09.181,read _SPaT(ITST ID:3187 Seongam three-way street) 70
2021-11-01 18:05:09.316,read _RSA(FID:4C FF )
2021-11-01 18:05:09.532,read _SPaT(ITST ID:3187 Seongam three-way street) 70
2021-11-01 18:05:09.532,read _SPaT(ITST ID:3187 Seongam three-way street) 70
2021-11-01 18:05:09.752,read _MAP(ITST ID:4838)
2021-11-01 18:05:09.940,read _SPaT(ITST ID:4838 Sangam Police Station) 70
2021-11-01 18:05:09.941,read _SPaT(ITST ID:4838 Sangam Police Station) 70
2021-11-01 18:05:10.160,read _RTCM
2021-11-01 18:05:10.470,read _SPaT(ITST ID:4838 Sangam Police Station) 70
2021-11-01 18:05:10.509,read _SPaT(ITST ID:4838 Sangam Police Station) 70
2021-11-01 18:05:10.509,read _SPaT(ITST ID:4838 Sangam Police Station) 70
2021-11-01 18:05:10.546,read _MAP(ITST ID:3187)
2021-11-01 18:05:10.688,read _SPaT(ITST ID:3187 Seongam three-way street) 70
2021-11-01 18:05:10.905,read _RTCM
2021-11-01 18:05:11.187,read _SPaT(ITST ID:3187 Seongam three-way street) 70
2021-11-01 18:05:11.255,read _SPaT(ITST ID:3187 Seongam three-way street) 70
2021-11-01 18:05:11.328,read _RSA(FID:4C FF )
2021-11-01 18:05:11.461,read _SPaT(ITST ID:3187 Seongam three-way street) 70
2021-11-01 18:05:11.529,read _SPaT(ITST ID:3187 Seongam three-way street) 70
2021-11-01 18:05:11.537,read _MAP(ITST ID:3187)
2021-11-01 18:05:11.745,read _SPaT(ITST ID:3187 Seongam three-way street) 70
2021-11-01 18:05:11.903,read _RTCM
2021-11-01 18:05:11.942,read _SPaT(ITST ID:3187 Seongam three-way street) 70
2021-11-01 18:05:12.192,read _SPaT(ITST ID:3187 Seongam three-way street) 70
2021-11-01 18:05:12.494,read _RSA(FID:4C FF )
2021-11-01 18:05:12.506,read _SPaT(ITST ID:3187 Seongam three-way street) 70
2021-11-01 18:05:12.744,read _SPaT(ITST ID:3187 Seongam three-way street) 70
2021-11-01 18:05:12.745,read _MAP(ITST ID:3187)
2021-11-01 18:05:12.854,read _SPaT(ITST ID:3187 Seongam three-way street) 70
2021-11-01 18:05:12.937,read _SPaT(ITST ID:3187 Seongam three-way street) 70
2021-11-01 18:05:13.133,read _RTCM
2021-11-01 18:05:13.174,read _SPaT(ITST ID:3187 Seongam three-way street) 70
2021-11-01 18:05:13.339,read _RSA(FID:4C FF )
2021-11-01 18:05:13.567,read _SPaT(ITST ID:3187 Seongam three-way street) 70
2021-11-01 18:05:13.582,read _SPaT(ITST ID:3187 Seongam three-way street) 70
2021-11-01 18:05:13.710,read _MAP(ITST ID:3187)
2021-11-01 18:05:13.822,read _SPaT(ITST ID:3187 Seongam three-way street) 70
2021-11-01 18:05:13.917,read _RTCM
2021-11-01 18:05:14.026,read _SPaT(ITST ID:3187 Seongam three-way street) 70
2021-11-01 18:05:14.135,read _SPaT(ITST ID:3187 Seongam three-way street) 70
2021-11-01 18:05:14.358,read _SPaT(ITST ID:3187 Seongam three-way street) 70
2021-11-01 18:05:14.378,read _RSA(FID:4C FF )
2021-11-01 18:05:14.668,read _SPaT(ITST ID:3187 Seongam three-way street) 70
2021-11-01 18:05:14.670,read _MAP(ITST ID:3187)
2021-11-01 18:05:14.785,read _SPaT(ITST ID:3187 Seongam three-way street) 70
2021-11-01 18:05:14.928,read _RTCM
2021-11-01 18:05:14.991,read _SPaT(ITST ID:3187 Seongam three-way street) 70
2021-11-01 18:05:15.187,read _SPaT(ITST ID:3187 Seongam three-way street) 70
2021-11-01 18:05:15.358,read _RSA(FID:4C FF )
2021-11-01 18:05:15.372,read _SPaT(ITST ID:3187 Seongam three-way street) 70
2021-11-01 18:05:15.550,read _MAP(ITST ID:3187)
2021-11-01 18:05:15.555,read _SPaT(ITST ID:3187 Seongam three-way street) 70
2021-11-01 18:05:15.786,read _SPaT(ITST ID:3187 Seongam three-way street) 70
2021-11-01 18:05:15.928,read _RTCM
2021-11-01 18:05:16.007,read _SPaT(ITST ID:3187 Seongam three-way street) 70
2021-11-01 18:05:16.215,read _SPaT(ITST ID:3187 Seongam three-way street) 70
2021-11-01 18:05:16.365,read _RSA(FID:4C FF )
2021-11-01 18:05:16.391,read _SPaT(ITST ID:3187 Seongam three-way street) 70
2021-11-01 18:05:16.592,read _MAP(ITST ID:4838)
2021-11-01 18:05:16.900,read _SPaT(ITST ID:4838 Sangam Police Station) 70
2021-11-01 18:05:17.167,read _RTCM
2021-11-01 18:05:17.202,read _SPaT(ITST ID:4838 Sangam Police Station) 70
2021-11-01 18:05:17.203,read _SPaT(ITST ID:4838 Sangam Police Station) 70
2021-11-01 18:05:17.512,read _SPaT(ITST ID:4838 Sangam Police Station) 70
2021-11-01 18:05:17.553,read _SPaT(ITST ID:4838 Sangam Police Station) 70
2021-11-01 18:05:17.732,read _MAP(ITST ID:4838)
2021-11-01 18:05:17.861,read _SPaT(ITST ID:4838 Sangam Police Station) 70
2021-11-01 18:05:17.924,read _RTCM
2021-11-01 18:05:17.994,read _SPaT(ITST ID:4838 Sangam Police Station) 70
2021-11-01 18:05:18.038,read _SPaT(ITST ID:4838 Sangam Police Station) 70
2021-11-01 18:05:18.472,read _SPaT(ITST ID:4838 Sangam Police Station) 70
2021-11-01 18:05:18.515,read _SPaT(ITST ID:4838 Sangam Police Station) 70
2021-11-01 18:05:18.556,read _MAP(ITST ID:4838)
